2023-10-05 10:46:07,548 - ERROR - Error while processing URL https://news.google.com/rss/articles/CBMikwFodHRwczovL3d3dy5sYW5vdXZlbGxlcmVwdWJsaXF1ZS5mci9pbmRyZS1ldC1sb2lyZS9jb21tdW5lL3NhaW50LWN5ci1zdXItbG9pcmUvZnJhdWRlLWZpc2NhbGUtbGliZXJhdGlvbi1jb25kaXRpb25uZWxsZS1wb3VyLWwtZXgtdGFpbGxldXItZGUtdG91cnPSAQA?oc=5: Article `download()` failed with 403 Client Error: Forbidden for url: https://www.lanouvellerepublique.fr/indre-et-loire/commune/saint-cyr-sur-loire/fraude-fiscale-liberation-conditionnelle-pour-l-ex-tailleur-de-tours on URL https://news.google.com/rss/articles/CBMikwFodHRwczovL3d3dy5sYW5vdXZlbGxlcmVwdWJsaXF1ZS5mci9pbmRyZS1ldC1sb2lyZS9jb21tdW5lL3NhaW50LWN5ci1zdXItbG9pcmUvZnJhdWRlLWZpc2NhbGUtbGliZXJhdGlvbi1jb25kaXRpb25uZWxsZS1wb3VyLWwtZXgtdGFpbGxldXItZGUtdG91cnPSAQA?oc=5
2023-10-05 10:46:11,779 - ERROR - Error while processing URL https://news.google.com/rss/articles/CBMioQFodHRwczovL3d3dy5vdWVzdC1mcmFuY2UuZnIvbW9uZGUvZXRhdHMtdW5pcy9kb25hbGQtdHJ1bXAvdmlkZW8tZXRhdHMtdW5pcy1sLW91dmVydHVyZS1kdS1wcm9jZXMtZGUtZG9uYWxkLXRydW1wLXBvdXItZnJhdWRlLWY1NWNiNmJjLTE0ZmEtNDlmNy04ZTUxLTI4Y2UwN2U2MmI4M9IBAA?oc=5: Article `download()` failed with 403 Client Error: Forbidden for url: https://www.ouest-france.fr/monde/etats-unis/donald-trump/video-etats-unis-l-ouverture-du-proces-de-donald-trump-pour-fraude-f55cb6bc-14fa-49f7-8e51-28ce07e62b83 on URL https://news.google.com/rss/articles/CBMioQFodHRwczovL3d3dy5vdWVzdC1mcmFuY2UuZnIvbW9uZGUvZXRhdHMtdW5pcy9kb25hbGQtdHJ1bXAvdmlkZW8tZXRhdHMtdW5pcy1sLW91dmVydHVyZS1kdS1wcm9jZXMtZGUtZG9uYWxkLXRydW1wLXBvdXItZnJhdWRlLWY1NWNiNmJjLTE0ZmEtNDlmNy04ZTUxLTI4Y2UwN2U2MmI4M9IBAA?oc=5
2023-10-05 10:46:48,055 - ERROR - Error while processing URL https://news.google.com/rss/articles/CBMikwFodHRwczovL3d3dy5sYW5vdXZlbGxlcmVwdWJsaXF1ZS5mci9pbmRyZS1ldC1sb2lyZS9jb21tdW5lL3NhaW50LWN5ci1zdXItbG9pcmUvZnJhdWRlLWZpc2NhbGUtbGliZXJhdGlvbi1jb25kaXRpb25uZWxsZS1wb3VyLWwtZXgtdGFpbGxldXItZGUtdG91cnPSAQA?oc=5: Article `download()` failed with 403 Client Error: Forbidden for url: https://www.lanouvellerepublique.fr/indre-et-loire/commune/saint-cyr-sur-loire/fraude-fiscale-liberation-conditionnelle-pour-l-ex-tailleur-de-tours on URL https://news.google.com/rss/articles/CBMikwFodHRwczovL3d3dy5sYW5vdXZlbGxlcmVwdWJsaXF1ZS5mci9pbmRyZS1ldC1sb2lyZS9jb21tdW5lL3NhaW50LWN5ci1zdXItbG9pcmUvZnJhdWRlLWZpc2NhbGUtbGliZXJhdGlvbi1jb25kaXRpb25uZWxsZS1wb3VyLWwtZXgtdGFpbGxldXItZGUtdG91cnPSAQA?oc=5
2023-10-05 10:46:51,847 - ERROR - Error while processing URL https://news.google.com/rss/articles/CBMioQFodHRwczovL3d3dy5vdWVzdC1mcmFuY2UuZnIvbW9uZGUvZXRhdHMtdW5pcy9kb25hbGQtdHJ1bXAvdmlkZW8tZXRhdHMtdW5pcy1sLW91dmVydHVyZS1kdS1wcm9jZXMtZGUtZG9uYWxkLXRydW1wLXBvdXItZnJhdWRlLWY1NWNiNmJjLTE0ZmEtNDlmNy04ZTUxLTI4Y2UwN2U2MmI4M9IBAA?oc=5: Article `download()` failed with 403 Client Error: Forbidden for url: https://www.ouest-france.fr/monde/etats-unis/donald-trump/video-etats-unis-l-ouverture-du-proces-de-donald-trump-pour-fraude-f55cb6bc-14fa-49f7-8e51-28ce07e62b83 on URL https://news.google.com/rss/articles/CBMioQFodHRwczovL3d3dy5vdWVzdC1mcmFuY2UuZnIvbW9uZGUvZXRhdHMtdW5pcy9kb25hbGQtdHJ1bXAvdmlkZW8tZXRhdHMtdW5pcy1sLW91dmVydHVyZS1kdS1wcm9jZXMtZGUtZG9uYWxkLXRydW1wLXBvdXItZnJhdWRlLWY1NWNiNmJjLTE0ZmEtNDlmNy04ZTUxLTI4Y2UwN2U2MmI4M9IBAA?oc=5
2023-10-05 10:50:12,352 - ERROR - Error while processing URL https://news.google.com/rss/articles/CBMiamh0dHBzOi8vd3d3LmxlZmlnYXJvLmZyL3NlY3RldXIvaGlnaC10ZWNoL3NhbS1iYW5rbWFuLWZyaWVkLWxlLWdlbmllLWRlcy1jcnlwdG9zLWRldmFudC1sZXMtanVnZXMtMjAyMzEwMDLSAQA?oc=5: 'publisher'
2023-10-05 10:50:13,223 - ERROR - Error while processing URL https://news.google.com/rss/articles/CBMiX2h0dHBzOi8vZnIuZXVyb25ld3MuY29tLzIwMjMvMTAvMDMvZmx1eC1taWdyYXRvaXJlLWV0LXNjYW5kYWxlLWRlcy12aXNhcy12YXJzb3ZpZS1zb3VzLXByZXNzaW9u0gEA?oc=5: 'publisher'
2023-10-05 10:50:14,117 - ERROR - Error while processing URL https://news.google.com/rss/articles/CBMilQFodHRwczovL3d3dy5yZmkuZnIvZnIvcG9kY2FzdHMvaW52aXQlQzMlQTktZHUtbWF0aW4vMjAyMzEwMDUtbWFyaWUtdG91c3NhaW50LWVlbHYtb24tY29uc3RydWl0LXVuZS1ldXJvcGUtZm9ydGVyZXNzZS1lbi1uaWFudC11bi1zY2FuZGFsZS1odW1hbml0YWlyZdIBAA?oc=5: 'publisher'
2023-10-05 10:50:15,089 - ERROR - Error while processing URL https://news.google.com/rss/articles/CBMiswFodHRwczovL3JtY3Nwb3J0LmJmbXR2LmNvbS9mb290YmFsbC9jb3VwZS1kLWFmcmlxdWUtZGVzLW5hdGlvbnMvbGVzLXRlbW9pZ25hZ2VzLWluc291dGVuYWJsZXMtZGVzLXZpY3RpbWVzLWR1LXNjYW5kYWxlLWRlLXBlZG9waGlsaWUtZGFucy1sZS1mb290YmFsbC1nYWJvbmFpc19BTi0yMDIzMTAwMzA2MTcuaHRtbNIBtwFodHRwczovL3JtY3Nwb3J0LmJmbXR2LmNvbS9hbXAvZm9vdGJhbGwvY291cGUtZC1hZnJpcXVlLWRlcy1uYXRpb25zL2xlcy10ZW1vaWduYWdlcy1pbnNvdXRlbmFibGVzLWRlcy12aWN0aW1lcy1kdS1zY2FuZGFsZS1kZS1wZWRvcGhpbGllLWRhbnMtbGUtZm9vdGJhbGwtZ2Fib25haXNfQU4tMjAyMzEwMDMwNjE3Lmh0bWw?oc=5: 'publisher'
2023-10-05 10:50:15,780 - ERROR - Error while processing URL https://news.google.com/rss/articles/CBMiYWh0dHBzOi8vdGhlY29udmVyc2F0aW9uLmNvbS9zY2FuZGFsZS1sdWlzLXJ1YmlhbGVzLWxpbWFnZS1wcm9ncmVzc2lzdGUtZGUtbGVzcGFnbmUtZWNvcm5lZS0yMTQzMzjSAQA?oc=5: 'publisher'
2023-10-05 10:50:17,238 - ERROR - Error while processing URL https://news.google.com/rss/articles/CBMiK2h0dHBzOi8vZmFjdHVlbC5hZnAuY29tL2RvYy5hZnAuY29tLjMzWDk5UlLSAQA?oc=5: 'publisher'
2023-10-05 10:50:18,378 - ERROR - Error while processing URL https://news.google.com/rss/articles/CBMiggFodHRwczovL3d3dy50ZjFpbmZvLmZyL2N1bHR1cmUvYWN0ZXVyLWdlcmFyZC1kZXBhcmRpZXUtYWNjdXNlLWRlLXZpb2wtcGFyLWNoYXJsb3R0ZS1hcm5vdWxkLWNocm9ub2xvZ2llLWQtdW4tc2NhbmRhbGUtMjI3MTY2MC5odG1s0gGGAWh0dHBzOi8vd3d3LnRmMWluZm8uZnIvYW1wL2N1bHR1cmUvYWN0ZXVyLWdlcmFyZC1kZXBhcmRpZXUtYWNjdXNlLWRlLXZpb2wtcGFyLWNoYXJsb3R0ZS1hcm5vdWxkLWNocm9ub2xvZ2llLWQtdW4tc2NhbmRhbGUtMjI3MTY2MC5odG1s?oc=5: 'publisher'
2023-10-05 10:50:19,877 - ERROR - Error while processing URL https://news.google.com/rss/articles/CBMicWh0dHBzOi8vd3d3LmlmLXNhaW50LWV0aWVubmUuZnIvcG9saXRpcXVlL2JhcmJvdXphZ2UtZW52ZXJzLW1pY2hlbC10aGlvbGxpZXJlLXVuLW5vdXZlYXUtc2NhbmRhbGUtYS1zYWludC1ldGllbm5l0gEA?oc=5: 'publisher'
2023-10-05 10:50:21,541 - ERROR - Error while processing URL https://news.google.com/rss/articles/CBMiXmh0dHBzOi8vd3d3LmpvdXJuYWxkdWdlZWsuY29tLzIwMjMvMTAvMDQvc2NhbmRhbGUtc3VyLWtpY2stbGUtY2VvLXNlLW1ldC1sZXMtc3RyZWFtZXVycy1hLWRvcy_SAWJodHRwczovL3d3dy5qb3VybmFsZHVnZWVrLmNvbS8yMDIzLzEwLzA0L3NjYW5kYWxlLXN1ci1raWNrLWxlLWNlby1zZS1tZXQtbGVzLXN0cmVhbWV1cnMtYS1kb3MvYW1wLw?oc=5: 'publisher'
2023-10-05 10:50:22,381 - ERROR - Error while processing URL https://news.google.com/rss/articles/CBMimwFodHRwczovL3d3dy5sYWRlcGVjaGUuZnIvMjAyMy8xMC8wNS9vbi1hLTE3LWRlcy1mYWN0dXJlcy1xdWktc29udC1mcmF1ZHVsZXVzZXMtdmVycy11bi1jb250cm9sZS1nZW5lcmFsaXNlLWR1LXJlbWJvdXJzZW1lbnQtZGVzLWF1ZGlvcHJvdGhlc2VzLTExNDk4Mjc0LnBocNIBAA?oc=5: 'publisher'
2023-10-05 10:50:26,117 - ERROR - Error while processing URL https://news.google.com/rss/articles/CBMimAFodHRwczovL3d3dy50ZWFtLWFhYS5jb20vZnIvYWN0dWFsaXRlL3NjYW5kYWxlLWZpbmFuY2llci1kYW5zLWxhLXNjZW5lLXZhbG9yYW50LW5hLWtuaWdodHMtYXJlbmEtc2Vjb3VlLXBhci1sZS1kZXRvdXJuZW1lbnQtZGUtZnJhaXMtZGluc2NyaXB0aW9uXzEzMDUzNNIBAA?oc=5: 'publisher'
2023-10-05 10:50:29,966 - ERROR - Error while processing URL https://news.google.com/rss/articles/CBMitAFodHRwczovL3d3dy5ub3ZldGhpYy5mci9hY3R1YWxpdGUvZ291dmVybmFuY2UtZGVudHJlcHJpc2UvZW50cmVwcmlzZXMtY29udHJvdmVyc2Vlcy9pc3ItcnNlL3NjYW5kYWxlLWRhbnMtbGVzLWNyZWNoZXMtcHJpdmVlcy1vbi1zZS1mYWl0LWR1LWZyaWMtc3VyLWxlLWRvcy1kZS1ub3MtYmViZXMtMTUxNzg2Lmh0bWzSAbgBaHR0cHM6Ly93d3cubm92ZXRoaWMuZnIvYW1wL2FjdHVhbGl0ZS9nb3V2ZXJuYW5jZS1kZW50cmVwcmlzZS9lbnRyZXByaXNlcy1jb250cm92ZXJzZWVzL2lzci1yc2Uvc2NhbmRhbGUtZGFucy1sZXMtY3JlY2hlcy1wcml2ZWVzLW9uLXNlLWZhaXQtZHUtZnJpYy1zdXItbGUtZG9zLWRlLW5vcy1iZWJlcy0xNTE3ODYuaHRtbA?oc=5: 'publisher'
2023-10-05 10:50:31,043 - ERROR - Error while processing URL https://news.google.com/rss/articles/CBMifGh0dHBzOi8vd3d3LmxlbW9uZGUuZnIvc2NpZW5jZXMvYXJ0aWNsZS8yMDIzLzEwLzAxL3N1cHJhY29uZHVjdGV1ci1sYS1iZWxsZS1oaXN0b2lyZS10b3VybmUtYXUtc2NhbmRhbGVfNjE5MTkwMV8xNjUwNjg0Lmh0bWzSAQA?oc=5: 'publisher'
2023-10-05 10:50:32,195 - ERROR - Error while processing URL https://news.google.com/rss/articles/CBMixgFodHRwczovL2ZyYW5jZTMtcmVnaW9ucy5mcmFuY2V0dmluZm8uZnIvYXV2ZXJnbmUtcmhvbmUtYWxwZXMvbG9pcmUvc2FpbnQtZXRpZW5uZS9zY2FuZGFsZS1hLWxhLW1haXJpZS1kZS1zYWludC1ldGllbm5lLW9uLXBlbnNhaXQtYXZvaXItdmVjdS1sZS1waXJlLWMtZXN0LWFmZmxpZ2VhbnQtcmVhZ2l0LWwtb3Bwb3NpdGlvbi0yODQ5MDEyLmh0bWzSAQA?oc=5: 'publisher'
2023-10-05 10:50:34,381 - ERROR - Error while processing URL https://news.google.com/rss/articles/CBMiggFodHRwczovL3d3dy5sZXN0LWVjbGFpci5mci9pZDUyNzA2Ny9hcnRpY2xlLzIwMjMtMTAtMDUvcG9yY3MtZnJhY2Fzc2VzLWF1LXNvbC1jYXN0cmVzLXZpZi1jYWRhdnJlcy1xdWktc2VudGFzc2VudC1zY2FuZGFsZS1kYW5zLXVu0gEA?oc=5: 'publisher'
2023-10-05 10:50:35,329 - ERROR - Error while processing URL https://news.google.com/rss/articles/CBMidWh0dHBzOi8vd3d3LmFhLmNvbS50ci9mci9tb25kZS9iZWxnaXF1ZS11bi1kb2N1bWVudGFpcmUtcmVsYW5jZS1sZS1zY2FuZGFsZS1zdXItbGVzLWFidXMtc2V4dWVscy1kYW5zLWxlZ2xpc2UvMzAwNDU3ONIBAA?oc=5: Article `download()` failed with HTTPSConnectionPool(host='www.aa.com.tr', port=443): Max retries exceeded with url: /fr/monde/belgique-un-documentaire-relance-le-scandale-sur-les-abus-sexuels-dans-leglise/3004578 (Caused by SSLError(SSLError(1, '[SSL: UNSAFE_LEGACY_RENEGOTIATION_DISABLED] unsafe legacy renegotiation disabled (_ssl.c:1006)'))) on URL https://news.google.com/rss/articles/CBMidWh0dHBzOi8vd3d3LmFhLmNvbS50ci9mci9tb25kZS9iZWxnaXF1ZS11bi1kb2N1bWVudGFpcmUtcmVsYW5jZS1sZS1zY2FuZGFsZS1zdXItbGVzLWFidXMtc2V4dWVscy1kYW5zLWxlZ2xpc2UvMzAwNDU3ONIBAA?oc=5
2023-10-05 10:50:36,424 - ERROR - Error while processing URL https://news.google.com/rss/articles/CBMiggFodHRwczovL3d3dy5tYXJpYW5uZS5uZXQvZWNvbm9taWUvc2NhbmRhbGUtYS1icGlmcmFuY2UtbWFpcy1wb3VycXVvaS1sYS1jYWlzc2UtZGVzLWRlcG90cy1zb24tYWN0aW9ubmFpcmUtc2UtdGVycmUtZGFucy1sZS1zaWxlbmNl0gEA?oc=5: 'publisher'
2023-10-05 10:50:38,249 - ERROR - Error while processing URL https://news.google.com/rss/articles/CBMifWh0dHBzOi8vd3d3LnBhcmxvbnMtYmFza2V0LmNvbS8yMDIzLzEwLzA0L3VmYy1ncmF2aXNzaW1lLWdyb3Mtc2NhbmRhbGUtcG9saXRpcXVlLWF1dG91ci1kZS1iZW5vaXQtc2FpbnQtZGVuaXMtaWwtcmVhZ2l0LWNhc2gv0gEA?oc=5: 'publisher'
2023-10-05 10:50:39,330 - ERROR - Error while processing URL https://news.google.com/rss/articles/CBMicGh0dHBzOi8vZnIudGltZXNvZmlzcmFlbC5jb20vZ2FyZGllbm5lcy1kZS1wcmlzb24tZXQtb2ZmaWNpZWxzLWJpZW50b3QtZW50ZW5kdXMtc3VyLXVuLXBvc3NpYmxlLXNjYW5kYWxlLXNleHVlbC_SAXRodHRwczovL2ZyLnRpbWVzb2Zpc3JhZWwuY29tL2dhcmRpZW5uZXMtZGUtcHJpc29uLWV0LW9mZmljaWVscy1iaWVudG90LWVudGVuZHVzLXN1ci11bi1wb3NzaWJsZS1zY2FuZGFsZS1zZXh1ZWwvYW1wLw?oc=5: 'publisher'
2023-10-05 10:50:42,415 - ERROR - Error while processing URL https://news.google.com/rss/articles/CBMieWh0dHBzOi8vd3d3LmxlcG9pbnQuZnIvc3BvcnQvc2NhbmRhbGUtZHUtYmFpc2VyLWZvcmNlLWx1aXMtcnViaWFsZXMtZmFjZS1hLWxhLWp1c3RpY2UtZXNwYWdub2xlLTE1LTA5LTIwMjMtMjUzNTQ3Ml8yNi5waHDSAR5odHRwczovL2FtcC5sZXBvaW50LmZyLzI1MzU0NzI?oc=5: 'publisher'
2023-10-05 10:50:47,186 - ERROR - Error while processing URL https://news.google.com/rss/articles/CBMibWh0dHBzOi8vaW5mb3JtYXRpb24udHY1bW9uZGUuY29tL3Nwb3J0L3NjYW5kYWxlLWFyYml0cmFsLWxldGF1LWp1ZGljaWFpcmUtc2UtcmVzc2VycmUtYXV0b3VyLWR1LWJhcmNhLTI2NjkzNDDSAXFodHRwczovL2luZm9ybWF0aW9uLnR2NW1vbmRlLmNvbS9zcG9ydC9zY2FuZGFsZS1hcmJpdHJhbC1sZXRhdS1qdWRpY2lhaXJlLXNlLXJlc3NlcnJlLWF1dG91ci1kdS1iYXJjYS0yNjY5MzQwP2FtcA?oc=5: 'publisher'
2023-10-05 10:50:47,976 - ERROR - Error while processing URL https://news.google.com/rss/articles/CBMirAFodHRwczovL3d3dy5sZXBhcmlzaWVuLmZyL2N1bHR1cmUtbG9pc2lycy9tdXNpcXVlL2phcG9uLWFwcmVzLXVuLXNjYW5kYWxlLWRlLXZpb2xlbmNlcy1zZXh1ZWxsZXMtdW5lLWFnZW5jZS1kZS1qLXBvcC1jaGFuZ2UtZGUtbm9tLTAyLTEwLTIwMjMtUzdRU1pBUElMNURXTEhaNklTMzI2TjRZWFkucGhw0gGwAWh0dHBzOi8vd3d3LmxlcGFyaXNpZW4uZnIvYW1wL2N1bHR1cmUtbG9pc2lycy9tdXNpcXVlL2phcG9uLWFwcmVzLXVuLXNjYW5kYWxlLWRlLXZpb2xlbmNlcy1zZXh1ZWxsZXMtdW5lLWFnZW5jZS1kZS1qLXBvcC1jaGFuZ2UtZGUtbm9tLTAyLTEwLTIwMjMtUzdRU1pBUElMNURXTEhaNklTMzI2TjRZWFkucGhw?oc=5: 'publisher'
2023-10-05 10:50:50,790 - ERROR - Error while processing URL https://news.google.com/rss/articles/CBMic2h0dHBzOi8vd3d3LmxhcHJlc3NlLmNhL2RpYWxvZ3VlL2NvdXJyaWVyLWRlcy1sZWN0ZXVycy8yMDIzLTEwLTAyL3F1ZS1jb21wcmVuZHJlLWR1LXNjYW5kYWxlLXN1ci1sZS1zb2xkYXQtbmF6aS5waHDSAQA?oc=5: 'publisher'
2023-10-05 10:50:51,850 - ERROR - Error while processing URL https://news.google.com/rss/articles/CBMiswFodHRwczovL3d3dy5mcmFuY2V0dmluZm8uZnIvc29jaWV0ZS9wb3Jub2dyYXBoaWUvYWNjZXMtZGVzLW1pbmV1cnMtYXV4LXNpdGVzLXBvcm5vLWMtZXN0LXVuLXNjYW5kYWxlLWRlLXNhbnRlLXB1YmxpcXVlLWRlbm9uY2UtbGUtbWluaXN0cmUtZGVsZWd1ZS1jaGFyZ2UtZHUtbnVtZXJpcXVlXzYxMDI4NDMuaHRtbNIBAA?oc=5: 'publisher'
2023-10-05 10:50:52,837 - ERROR - Error while processing URL https://news.google.com/rss/articles/CBMiZ2h0dHBzOi8vd3d3LmJ1dGZvb3RiYWxsY2x1Yi5mci9wc2cvYWN0dWFsaXRlL3BzZy1tYmFwcGUtZXQtY28tdmljdGltZXMtZC11bi1zY2FuZGFsZS1hLW5ld2Nhc3RsZS04MzU4MzjSAQA?oc=5: 'publisher'
2023-10-05 10:50:53,626 - ERROR - Error while processing URL https://news.google.com/rss/articles/CBMilAFodHRwczovL3d3dy5ncmF6aWEuZnIvcGVvcGxlL2tpbS1rYXJkYXNoaWFuLWZhaXQtc2NhbmRhbGUtZGFucy11bmUtYnJhc3NpZXJlLWJpam91LXNpLXJpcXVpcXVpLXF1ZWxsZS1sYWlzc2UtcGV1LWRlLXBsYWNlLWEtbGltYWdpbmF0aW9uLTk3NjUxMS5odG1s0gEA?oc=5: 'publisher'
2023-10-05 10:50:54,530 - ERROR - Error while processing URL https://news.google.com/rss/articles/CBMieGh0dHBzOi8vd3d3LmxlcG9pbnQuZnIvbW9uZGUvZGlzY2xvc2UtZXQtbGUtc2VjcmV0LWRlZmVuc2UtbGUtc2NhbmRhbGUtbi1lc3QtcGFzLW91LWwtb24tcGVuc2UtMjQtMDktMjAyMy0yNTM2Njg2XzI0LnBocNIBHmh0dHBzOi8vYW1wLmxlcG9pbnQuZnIvMjUzNjY4Ng?oc=5: 'publisher'
2023-10-05 10:50:55,420 - ERROR - Error while processing URL https://news.google.com/rss/articles/CBMifWh0dHBzOi8vZnIuZXVyb25ld3MuY29tLzIwMjMvMDkvMjcvc2NhbmRhbGUtYXUtY2FuYWRhLWxlLXByZXNpZGVudC1kZS1sYS1jaGFtYnJlLWRlcy1jb21tdW5lcy1kZW1pc3Npb25uZS1hcHJlcy11bmUtbWFsYWRyZXNz0gEA?oc=5: 'publisher'
2023-10-05 10:50:56,195 - ERROR - Error while processing URL https://news.google.com/rss/articles/CBMiYWh0dHBzOi8vd3d3LmZvb3QwMS5jb20vZXF1aXBlL21hcnNlaWxsZS9sLW9tLXNlLW1vcXVlLWRlLWJlcm5hcmQtdGFwaWUtbGUtc2NhbmRhbGUtZGUtdHJvcC00MjgyNjLSAQA?oc=5: 'publisher'
2023-10-05 10:50:57,154 - ERROR - Error while processing URL https://news.google.com/rss/articles/CBMieGh0dHBzOi8vYWN0dS5mci9tb25kZS9waXBpZ2F0ZS1vbi12b3VzLWV4cGxpcXVlLWxlLXNjYW5kYWxlLXF1aS1lY2xhYm91c3NlLWxlLW1pbmlzdHJlLWRlLWxhLWp1c3RpY2UtYmVsZ2VfNjAwNTE3MDguaHRtbNIBAA?oc=5: 'publisher'
2023-10-05 10:50:58,023 - ERROR - Error while processing URL https://news.google.com/rss/articles/CBMilAFodHRwczovL3d3dy5yYWRpb2ouZnIvYWN0dWFsaXRlLTE5MjM2LXNjYW5kYWxlLWF1LXBhcmxlbWVudC1jYW5hZGllbi1sYS1jb21tdW5hdXRlLWp1aXZlLWVuLWNvbGVyZS1hcHBlbGxlLWVsbGUtYXVzc2ktYS1sLWV4cHVsc2lvbi1kZS1sLWFuY2llbi1uYXpp0gGTAWh0dHBzOi8vd3d3LnJhZGlvai5mci9hbXAtMTkyMzYtc2NhbmRhbGUtYXUtcGFybGVtZW50LWNhbmFkaWVuLWxhLWNvbW11bmF1dGUtanVpdmUtZW4tY29sZXJlLWFwcGVsbGUtZWxsZS1hdXNzaS1hLWwtZXhwdWxzaW9uLWRlLWwtYW5jaWVuLW5hemkuaHRtbA?oc=5: 'publisher'
2023-10-05 10:50:58,981 - ERROR - Error while processing URL https://news.google.com/rss/articles/CBMid2h0dHBzOi8vYWN0dS5mci9zcG9ydHMvZm9vdGJhbGwvc2NhbmRhbGUtZHUtYmFpc2VyLWZvcmNlLWMtZXRhaXQtdW4tYWN0ZS1yZWNpcHJvcXVlLWFmZmlybWUtbHVpcy1ydWJpYWxlc182MDA3NDc3My5odG1s0gEA?oc=5: 'publisher'
2023-10-05 11:18:48,887 - ERROR - Error while processing URL https://news.google.com/rss/articles/CBMiamh0dHBzOi8vd3d3LmxlZmlnYXJvLmZyL3NlY3RldXIvaGlnaC10ZWNoL3NhbS1iYW5rbWFuLWZyaWVkLWxlLWdlbmllLWRlcy1jcnlwdG9zLWRldmFudC1sZXMtanVnZXMtMjAyMzEwMDLSAQA?oc=5: 'publisher'
2023-10-05 11:18:49,707 - ERROR - Error while processing URL https://news.google.com/rss/articles/CBMiX2h0dHBzOi8vZnIuZXVyb25ld3MuY29tLzIwMjMvMTAvMDMvZmx1eC1taWdyYXRvaXJlLWV0LXNjYW5kYWxlLWRlcy12aXNhcy12YXJzb3ZpZS1zb3VzLXByZXNzaW9u0gEA?oc=5: 'publisher'
2023-10-05 11:18:50,767 - ERROR - Error while processing URL https://news.google.com/rss/articles/CBMilQFodHRwczovL3d3dy5yZmkuZnIvZnIvcG9kY2FzdHMvaW52aXQlQzMlQTktZHUtbWF0aW4vMjAyMzEwMDUtbWFyaWUtdG91c3NhaW50LWVlbHYtb24tY29uc3RydWl0LXVuZS1ldXJvcGUtZm9ydGVyZXNzZS1lbi1uaWFudC11bi1zY2FuZGFsZS1odW1hbml0YWlyZdIBAA?oc=5: 'publisher'
2023-10-05 11:18:51,776 - ERROR - Error while processing URL https://news.google.com/rss/articles/CBMiswFodHRwczovL3JtY3Nwb3J0LmJmbXR2LmNvbS9mb290YmFsbC9jb3VwZS1kLWFmcmlxdWUtZGVzLW5hdGlvbnMvbGVzLXRlbW9pZ25hZ2VzLWluc291dGVuYWJsZXMtZGVzLXZpY3RpbWVzLWR1LXNjYW5kYWxlLWRlLXBlZG9waGlsaWUtZGFucy1sZS1mb290YmFsbC1nYWJvbmFpc19BTi0yMDIzMTAwMzA2MTcuaHRtbNIBtwFodHRwczovL3JtY3Nwb3J0LmJmbXR2LmNvbS9hbXAvZm9vdGJhbGwvY291cGUtZC1hZnJpcXVlLWRlcy1uYXRpb25zL2xlcy10ZW1vaWduYWdlcy1pbnNvdXRlbmFibGVzLWRlcy12aWN0aW1lcy1kdS1zY2FuZGFsZS1kZS1wZWRvcGhpbGllLWRhbnMtbGUtZm9vdGJhbGwtZ2Fib25haXNfQU4tMjAyMzEwMDMwNjE3Lmh0bWw?oc=5: 'publisher'
2023-10-05 11:18:53,253 - ERROR - Error while processing URL https://news.google.com/rss/articles/CBMiK2h0dHBzOi8vZmFjdHVlbC5hZnAuY29tL2RvYy5hZnAuY29tLjMzWDk5UlLSAQA?oc=5: 'publisher'
2023-10-05 11:18:54,468 - ERROR - Error while processing URL https://news.google.com/rss/articles/CBMiggFodHRwczovL3d3dy50ZjFpbmZvLmZyL2N1bHR1cmUvYWN0ZXVyLWdlcmFyZC1kZXBhcmRpZXUtYWNjdXNlLWRlLXZpb2wtcGFyLWNoYXJsb3R0ZS1hcm5vdWxkLWNocm9ub2xvZ2llLWQtdW4tc2NhbmRhbGUtMjI3MTY2MC5odG1s0gGGAWh0dHBzOi8vd3d3LnRmMWluZm8uZnIvYW1wL2N1bHR1cmUvYWN0ZXVyLWdlcmFyZC1kZXBhcmRpZXUtYWNjdXNlLWRlLXZpb2wtcGFyLWNoYXJsb3R0ZS1hcm5vdWxkLWNocm9ub2xvZ2llLWQtdW4tc2NhbmRhbGUtMjI3MTY2MC5odG1s?oc=5: 'publisher'
2023-10-05 11:18:55,171 - ERROR - Error while processing URL https://news.google.com/rss/articles/CBMiYWh0dHBzOi8vdGhlY29udmVyc2F0aW9uLmNvbS9zY2FuZGFsZS1sdWlzLXJ1YmlhbGVzLWxpbWFnZS1wcm9ncmVzc2lzdGUtZGUtbGVzcGFnbmUtZWNvcm5lZS0yMTQzMzjSAQA?oc=5: 'publisher'
2023-10-05 11:18:57,237 - ERROR - Error while processing URL https://news.google.com/rss/articles/CBMicWh0dHBzOi8vd3d3LmlmLXNhaW50LWV0aWVubmUuZnIvcG9saXRpcXVlL2JhcmJvdXphZ2UtZW52ZXJzLW1pY2hlbC10aGlvbGxpZXJlLXVuLW5vdXZlYXUtc2NhbmRhbGUtYS1zYWludC1ldGllbm5l0gEA?oc=5: 'publisher'
2023-10-05 11:18:58,878 - ERROR - Error while processing URL https://news.google.com/rss/articles/CBMiXmh0dHBzOi8vd3d3LmpvdXJuYWxkdWdlZWsuY29tLzIwMjMvMTAvMDQvc2NhbmRhbGUtc3VyLWtpY2stbGUtY2VvLXNlLW1ldC1sZXMtc3RyZWFtZXVycy1hLWRvcy_SAWJodHRwczovL3d3dy5qb3VybmFsZHVnZWVrLmNvbS8yMDIzLzEwLzA0L3NjYW5kYWxlLXN1ci1raWNrLWxlLWNlby1zZS1tZXQtbGVzLXN0cmVhbWV1cnMtYS1kb3MvYW1wLw?oc=5: 'publisher'
2023-10-05 11:19:00,553 - ERROR - Error while processing URL https://news.google.com/rss/articles/CBMimwFodHRwczovL3d3dy5sYWRlcGVjaGUuZnIvMjAyMy8xMC8wNS9vbi1hLTE3LWRlcy1mYWN0dXJlcy1xdWktc29udC1mcmF1ZHVsZXVzZXMtdmVycy11bi1jb250cm9sZS1nZW5lcmFsaXNlLWR1LXJlbWJvdXJzZW1lbnQtZGVzLWF1ZGlvcHJvdGhlc2VzLTExNDk4Mjc0LnBocNIBAA?oc=5: 'publisher'
2023-10-05 11:24:08,479 - ERROR - ArticleException: 'str' object has no attribute 'link'
2023-10-05 11:24:09,290 - ERROR - ArticleException: 'str' object has no attribute 'link'
2023-10-05 11:24:11,272 - ERROR - ArticleException: 'str' object has no attribute 'link'
2023-10-05 11:24:12,145 - ERROR - ArticleException: 'str' object has no attribute 'link'
2023-10-05 11:24:13,316 - ERROR - ArticleException: 'str' object has no attribute 'link'
2023-10-05 11:24:14,587 - ERROR - ArticleException: 'str' object has no attribute 'link'
2023-10-05 11:24:15,277 - ERROR - ArticleException: 'str' object has no attribute 'link'
2023-10-05 11:24:16,545 - ERROR - ArticleException: 'str' object has no attribute 'link'
2023-10-05 11:24:17,362 - ERROR - ArticleException: 'str' object has no attribute 'link'
2023-10-05 11:24:18,788 - ERROR - ArticleException: 'str' object has no attribute 'link'
2023-10-05 11:24:19,796 - ERROR - ArticleException: 'str' object has no attribute 'link'
2023-10-05 11:24:20,879 - ERROR - ArticleException: 'str' object has no attribute 'link'
2023-10-05 11:24:23,145 - ERROR - ArticleException: 'str' object has no attribute 'link'
2023-10-05 11:24:24,100 - ERROR - ArticleException: 'str' object has no attribute 'link'
2023-10-05 11:24:25,102 - ERROR - ArticleException: 'str' object has no attribute 'link'
2023-10-05 11:24:25,981 - ERROR - ArticleException: 'str' object has no attribute 'link'
2023-10-05 11:24:26,678 - ERROR - ArticleException: Article `download()` failed with HTTPSConnectionPool(host='www.aa.com.tr', port=443): Max retries exceeded with url: /fr/monde/belgique-un-documentaire-relance-le-scandale-sur-les-abus-sexuels-dans-leglise/3004578 (Caused by SSLError(SSLError(1, '[SSL: UNSAFE_LEGACY_RENEGOTIATION_DISABLED] unsafe legacy renegotiation disabled (_ssl.c:1006)'))) on URL https://news.google.com/rss/articles/CBMidWh0dHBzOi8vd3d3LmFhLmNvbS50ci9mci9tb25kZS9iZWxnaXF1ZS11bi1kb2N1bWVudGFpcmUtcmVsYW5jZS1sZS1zY2FuZGFsZS1zdXItbGVzLWFidXMtc2V4dWVscy1kYW5zLWxlZ2xpc2UvMzAwNDU3ONIBAA?oc=5
2023-10-05 11:24:27,694 - ERROR - ArticleException: 'str' object has no attribute 'link'
2023-10-05 11:24:29,014 - ERROR - ArticleException: 'str' object has no attribute 'link'
2023-10-05 11:24:32,101 - ERROR - ArticleException: 'str' object has no attribute 'link'
2023-10-05 11:24:33,051 - ERROR - ArticleException: 'str' object has no attribute 'link'
2023-10-05 11:24:33,973 - ERROR - ArticleException: 'str' object has no attribute 'link'
2023-10-05 11:24:35,171 - ERROR - ArticleException: 'str' object has no attribute 'link'
2023-10-05 11:24:36,043 - ERROR - ArticleException: 'str' object has no attribute 'link'
2023-10-05 11:24:37,044 - ERROR - ArticleException: 'str' object has no attribute 'link'
2023-10-05 11:24:38,085 - ERROR - ArticleException: 'str' object has no attribute 'link'
2023-10-05 11:24:39,093 - ERROR - ArticleException: 'str' object has no attribute 'link'
2023-10-05 11:24:40,048 - ERROR - ArticleException: 'str' object has no attribute 'link'
2023-10-05 11:24:41,088 - ERROR - ArticleException: 'str' object has no attribute 'link'
2023-10-05 11:24:41,903 - ERROR - ArticleException: 'str' object has no attribute 'link'
2023-10-05 11:24:43,547 - ERROR - ArticleException: 'str' object has no attribute 'link'
2023-10-05 11:24:44,439 - ERROR - ArticleException: 'str' object has no attribute 'link'
2023-10-05 11:24:45,248 - ERROR - ArticleException: 'str' object has no attribute 'link'
2023-10-05 11:24:46,076 - ERROR - ArticleException: 'str' object has no attribute 'link'
2023-10-05 11:24:47,040 - ERROR - ArticleException: 'str' object has no attribute 'link'
2023-10-05 11:24:48,021 - ERROR - ArticleException: 'str' object has no attribute 'link'
2023-10-05 11:24:49,799 - ERROR - ArticleException: 'str' object has no attribute 'link'
2023-10-05 11:24:52,845 - ERROR - ArticleException: 'str' object has no attribute 'link'
2023-10-05 11:24:53,905 - ERROR - ArticleException: 'str' object has no attribute 'link'
2023-10-05 11:24:54,939 - ERROR - ArticleException: 'str' object has no attribute 'link'
2023-10-05 11:24:56,836 - ERROR - ArticleException: 'str' object has no attribute 'link'
2023-10-05 11:24:57,525 - ERROR - ArticleException: Article `download()` failed with 403 Client Error: Forbidden for url: https://www.lanouvellerepublique.fr/a-la-une/scandale-de-baiser-force-jennifer-hermoso-porte-plainte on URL https://news.google.com/rss/articles/CBMiZGh0dHBzOi8vd3d3Lmxhbm91dmVsbGVyZXB1YmxpcXVlLmZyL2EtbGEtdW5lL3NjYW5kYWxlLWRlLWJhaXNlci1mb3JjZS1qZW5uaWZlci1oZXJtb3NvLXBvcnRlLXBsYWludGXSAQA?oc=5
2023-10-05 11:24:58,565 - ERROR - ArticleException: Article `download()` failed with 403 Client Error: Forbidden for url: https://www.ouest-france.fr/normandie/caen-14000/scandale-un-bar-a-manger-aux-multiples-ambiances-a-caen-610f79c0-514b-11ee-81df-75b0cf3061f7 on URL https://news.google.com/rss/articles/CBMijQFodHRwczovL3d3dy5vdWVzdC1mcmFuY2UuZnIvbm9ybWFuZGllL2NhZW4tMTQwMDAvc2NhbmRhbGUtdW4tYmFyLWEtbWFuZ2VyLWF1eC1tdWx0aXBsZXMtYW1iaWFuY2VzLWEtY2Flbi02MTBmNzljMC01MTRiLTExZWUtODFkZi03NWIwY2YzMDYxZjfSAQA?oc=5
2023-10-05 11:24:59,684 - ERROR - ArticleException: 'str' object has no attribute 'link'
2023-10-05 11:25:00,775 - ERROR - ArticleException: 'str' object has no attribute 'link'
2023-10-05 11:25:02,010 - ERROR - ArticleException: 'str' object has no attribute 'link'
2023-10-05 11:25:02,786 - ERROR - ArticleException: 'str' object has no attribute 'link'
2023-10-05 11:25:03,704 - ERROR - ArticleException: 'str' object has no attribute 'link'
2023-10-05 11:25:04,882 - ERROR - ArticleException: 'str' object has no attribute 'link'
2023-10-05 11:25:05,869 - ERROR - ArticleException: 'str' object has no attribute 'link'
2023-10-05 11:25:09,450 - ERROR - ArticleException: 'str' object has no attribute 'link'
2023-10-05 11:25:11,914 - ERROR - ArticleException: 'str' object has no attribute 'link'
2023-10-05 11:25:15,474 - ERROR - ArticleException: 'str' object has no attribute 'link'
2023-10-05 11:25:17,243 - ERROR - ArticleException: 'str' object has no attribute 'link'
2023-10-05 11:25:18,774 - ERROR - ArticleException: 'str' object has no attribute 'link'
2023-10-05 11:25:19,945 - ERROR - ArticleException: 'str' object has no attribute 'link'
2023-10-05 11:25:20,929 - ERROR - ArticleException: 'str' object has no attribute 'link'
2023-10-05 11:25:22,031 - ERROR - ArticleException: 'str' object has no attribute 'link'
2023-10-05 11:25:22,899 - ERROR - ArticleException: 'str' object has no attribute 'link'
2023-10-05 11:25:23,915 - ERROR - ArticleException: 'str' object has no attribute 'link'
2023-10-05 11:25:24,725 - ERROR - ArticleException: Article `download()` failed with HTTPSConnectionPool(host='www.gamekyo.com', port=443): Max retries exceeded with url: /blog_article472147.html (Caused by SSLError(SSLError(1, '[SSL: DH_KEY_TOO_SMALL] dh key too small (_ssl.c:1006)'))) on URL https://news.google.com/rss/articles/CBMiL2h0dHBzOi8vd3d3LmdhbWVreW8uY29tL2Jsb2dfYXJ0aWNsZTQ3MjE0Ny5odG1s0gEA?oc=5
2023-10-05 11:25:26,216 - ERROR - ArticleException: 'str' object has no attribute 'link'
2023-10-05 11:25:29,238 - ERROR - ArticleException: 'str' object has no attribute 'link'
2023-10-05 11:25:29,916 - ERROR - ArticleException: 'str' object has no attribute 'link'
2023-10-05 11:25:30,834 - ERROR - ArticleException: 'str' object has no attribute 'link'
2023-10-05 11:25:31,607 - ERROR - ArticleException: 'str' object has no attribute 'link'
2023-10-05 11:25:33,118 - ERROR - ArticleException: Article `download()` failed with 403 Client Error: Forbidden for url: https://www.ouest-france.fr/sante/scandale-des-dons-du-corps-les-familles-veulent-integrer-les-comites-dethique-e7ac4480-5601-11ee-aab6-4085e5fd9724 on URL https://news.google.com/rss/articles/CBMilAFodHRwczovL3d3dy5vdWVzdC1mcmFuY2UuZnIvc2FudGUvc2NhbmRhbGUtZGVzLWRvbnMtZHUtY29ycHMtbGVzLWZhbWlsbGVzLXZldWxlbnQtaW50ZWdyZXItbGVzLWNvbWl0ZXMtZGV0aGlxdWUtZTdhYzQ0ODAtNTYwMS0xMWVlLWFhYjYtNDA4NWU1ZmQ5NzI00gEA?oc=5
2023-10-05 11:25:33,902 - ERROR - ArticleException: 'str' object has no attribute 'link'
2023-10-05 11:25:35,282 - ERROR - ArticleException: 'str' object has no attribute 'link'
2023-10-05 11:25:36,210 - ERROR - ArticleException: 'str' object has no attribute 'link'
2023-10-05 11:25:39,581 - ERROR - ArticleException: 'str' object has no attribute 'link'
2023-10-05 11:25:40,500 - ERROR - ArticleException: 'str' object has no attribute 'link'
2023-10-05 11:25:41,304 - ERROR - ArticleException: 'str' object has no attribute 'link'
2023-10-05 11:25:42,217 - ERROR - ArticleException: 'str' object has no attribute 'link'
2023-10-05 11:25:43,368 - ERROR - ArticleException: 'str' object has no attribute 'link'
2023-10-05 11:25:44,143 - ERROR - ArticleException: 'str' object has no attribute 'link'
2023-10-05 11:25:46,371 - ERROR - ArticleException: 'str' object has no attribute 'link'
2023-10-05 11:25:47,291 - ERROR - ArticleException: 'str' object has no attribute 'link'
2023-10-05 11:25:48,900 - ERROR - ArticleException: 'str' object has no attribute 'link'
2023-10-05 11:25:51,698 - ERROR - ArticleException: 'str' object has no attribute 'link'
2023-10-05 11:25:55,719 - ERROR - ArticleException: 'str' object has no attribute 'link'
2023-10-05 11:25:56,902 - ERROR - ArticleException: 'str' object has no attribute 'link'
2023-10-05 11:25:57,859 - ERROR - ArticleException: 'str' object has no attribute 'link'
2023-10-05 11:25:59,169 - ERROR - ArticleException: 'str' object has no attribute 'link'
2023-10-05 11:26:00,330 - ERROR - ArticleException: 'str' object has no attribute 'link'
2023-10-05 11:26:01,444 - ERROR - ArticleException: 'str' object has no attribute 'link'
2023-10-05 11:26:02,534 - ERROR - ArticleException: 'str' object has no attribute 'link'
2023-10-05 11:26:05,545 - ERROR - ArticleException: 'str' object has no attribute 'link'
2023-10-05 11:26:06,453 - ERROR - ArticleException: 'str' object has no attribute 'link'
2023-10-05 11:26:07,407 - ERROR - ArticleException: 'str' object has no attribute 'link'
2023-10-05 11:26:09,704 - ERROR - ArticleException: 'str' object has no attribute 'link'
2023-10-05 11:26:10,899 - ERROR - ArticleException: 'str' object has no attribute 'link'
2023-10-05 11:26:11,763 - ERROR - ArticleException: 'str' object has no attribute 'link'
2023-10-05 11:26:13,681 - ERROR - ArticleException: 'str' object has no attribute 'link'
2023-10-05 11:26:14,512 - ERROR - ArticleException: 'str' object has no attribute 'link'
2023-10-05 11:26:15,401 - ERROR - ArticleException: 'str' object has no attribute 'link'
2023-10-05 11:26:18,499 - ERROR - ArticleException: 'str' object has no attribute 'link'
2023-10-05 11:26:19,337 - ERROR - ArticleException: 'str' object has no attribute 'link'
2023-10-05 11:26:20,399 - ERROR - ArticleException: 'str' object has no attribute 'link'
2023-10-05 11:26:21,222 - ERROR - ArticleException: 'str' object has no attribute 'link'
2023-10-05 11:26:22,463 - ERROR - ArticleException: 'str' object has no attribute 'link'
2023-10-05 11:26:23,620 - ERROR - ArticleException: 'str' object has no attribute 'link'
2023-10-05 11:26:24,305 - ERROR - ArticleException: 'str' object has no attribute 'link'
2023-10-05 11:26:25,474 - ERROR - ArticleException: 'str' object has no attribute 'link'
2023-10-05 11:26:26,391 - ERROR - ArticleException: 'str' object has no attribute 'link'
2023-10-05 11:26:27,228 - ERROR - ArticleException: 'str' object has no attribute 'link'
2023-10-05 11:26:28,034 - ERROR - ArticleException: 'str' object has no attribute 'link'
2023-10-05 11:26:29,117 - ERROR - ArticleException: 'str' object has no attribute 'link'
2023-10-05 11:26:31,693 - ERROR - ArticleException: 'str' object has no attribute 'link'
2023-10-05 11:26:34,004 - ERROR - ArticleException: 'str' object has no attribute 'link'
2023-10-05 11:26:35,079 - ERROR - ArticleException: 'str' object has no attribute 'link'
2023-10-05 11:26:36,407 - ERROR - ArticleException: 'str' object has no attribute 'link'
2023-10-05 11:26:37,134 - ERROR - ArticleException: 'str' object has no attribute 'link'
2023-10-05 11:26:38,005 - ERROR - ArticleException: 'str' object has no attribute 'link'
2023-10-05 11:26:39,065 - ERROR - ArticleException: Article `download()` failed with HTTPSConnectionPool(host='www.aa.com.tr', port=443): Max retries exceeded with url: /fr/monde/belgique-un-documentaire-relance-le-scandale-sur-les-abus-sexuels-dans-leglise/3004578 (Caused by SSLError(SSLError(1, '[SSL: UNSAFE_LEGACY_RENEGOTIATION_DISABLED] unsafe legacy renegotiation disabled (_ssl.c:1006)'))) on URL https://news.google.com/rss/articles/CBMidWh0dHBzOi8vd3d3LmFhLmNvbS50ci9mci9tb25kZS9iZWxnaXF1ZS11bi1kb2N1bWVudGFpcmUtcmVsYW5jZS1sZS1zY2FuZGFsZS1zdXItbGVzLWFidXMtc2V4dWVscy1kYW5zLWxlZ2xpc2UvMzAwNDU3ONIBAA?oc=5
2023-10-05 11:26:40,077 - ERROR - ArticleException: 'str' object has no attribute 'link'
2023-10-05 11:26:40,991 - ERROR - ArticleException: 'str' object has no attribute 'link'
2023-10-05 11:26:41,898 - ERROR - ArticleException: 'str' object has no attribute 'link'
2023-10-05 11:26:43,019 - ERROR - ArticleException: 'str' object has no attribute 'link'
2023-10-05 11:26:43,905 - ERROR - ArticleException: 'str' object has no attribute 'link'
2023-10-05 11:26:44,958 - ERROR - ArticleException: 'str' object has no attribute 'link'
2023-10-05 11:26:45,763 - ERROR - ArticleException: 'str' object has no attribute 'link'
2023-10-05 11:26:46,725 - ERROR - ArticleException: 'str' object has no attribute 'link'
2023-10-05 11:26:47,961 - ERROR - ArticleException: 'str' object has no attribute 'link'
2023-10-05 11:26:48,749 - ERROR - ArticleException: 'str' object has no attribute 'link'
2023-10-05 11:26:49,702 - ERROR - ArticleException: 'str' object has no attribute 'link'
2023-10-05 11:26:50,534 - ERROR - ArticleException: 'str' object has no attribute 'link'
2023-10-05 11:26:51,299 - ERROR - ArticleException: 'str' object has no attribute 'link'
2023-10-05 11:26:51,951 - ERROR - ArticleException: 'str' object has no attribute 'link'
2023-10-05 11:26:52,695 - ERROR - ArticleException: 'str' object has no attribute 'link'
2023-10-05 11:26:53,436 - ERROR - ArticleException: 'str' object has no attribute 'link'
2023-10-05 11:26:54,802 - ERROR - ArticleException: 'str' object has no attribute 'link'
2023-10-05 11:26:55,910 - ERROR - ArticleException: 'str' object has no attribute 'link'
2023-10-05 11:26:56,754 - ERROR - ArticleException: 'str' object has no attribute 'link'
2023-10-05 11:26:57,650 - ERROR - ArticleException: 'str' object has no attribute 'link'
2023-10-05 11:26:58,527 - ERROR - ArticleException: 'str' object has no attribute 'link'
2023-10-05 11:26:59,180 - ERROR - ArticleException: Article `download()` failed with 403 Client Error: Forbidden for url: https://www.lanouvellerepublique.fr/a-la-une/scandale-de-baiser-force-jennifer-hermoso-porte-plainte on URL https://news.google.com/rss/articles/CBMiZGh0dHBzOi8vd3d3Lmxhbm91dmVsbGVyZXB1YmxpcXVlLmZyL2EtbGEtdW5lL3NjYW5kYWxlLWRlLWJhaXNlci1mb3JjZS1qZW5uaWZlci1oZXJtb3NvLXBvcnRlLXBsYWludGXSAQA?oc=5
2023-10-05 11:27:00,312 - ERROR - ArticleException: Article `download()` failed with 403 Client Error: Forbidden for url: https://www.ouest-france.fr/normandie/caen-14000/scandale-un-bar-a-manger-aux-multiples-ambiances-a-caen-610f79c0-514b-11ee-81df-75b0cf3061f7 on URL https://news.google.com/rss/articles/CBMijQFodHRwczovL3d3dy5vdWVzdC1mcmFuY2UuZnIvbm9ybWFuZGllL2NhZW4tMTQwMDAvc2NhbmRhbGUtdW4tYmFyLWEtbWFuZ2VyLWF1eC1tdWx0aXBsZXMtYW1iaWFuY2VzLWEtY2Flbi02MTBmNzljMC01MTRiLTExZWUtODFkZi03NWIwY2YzMDYxZjfSAQA?oc=5
2023-10-05 11:27:03,280 - ERROR - ArticleException: 'str' object has no attribute 'link'
2023-10-05 11:27:04,314 - ERROR - ArticleException: 'str' object has no attribute 'link'
2023-10-05 11:27:05,374 - ERROR - ArticleException: 'str' object has no attribute 'link'
2023-10-05 11:27:06,337 - ERROR - ArticleException: 'str' object has no attribute 'link'
2023-10-05 11:27:07,167 - ERROR - ArticleException: 'str' object has no attribute 'link'
2023-10-05 11:27:07,972 - ERROR - ArticleException: 'str' object has no attribute 'link'
2023-10-05 11:27:09,251 - ERROR - ArticleException: 'str' object has no attribute 'link'
2023-10-05 11:27:10,207 - ERROR - ArticleException: 'str' object has no attribute 'link'
2023-10-05 11:27:11,261 - ERROR - ArticleException: 'str' object has no attribute 'link'
2023-10-05 11:27:12,053 - ERROR - ArticleException: 'str' object has no attribute 'link'
2023-10-05 11:27:12,962 - ERROR - ArticleException: 'str' object has no attribute 'link'
2023-10-05 11:27:14,138 - ERROR - ArticleException: 'str' object has no attribute 'link'
2023-10-05 11:27:14,890 - ERROR - ArticleException: 'str' object has no attribute 'link'
2023-10-05 11:27:16,515 - ERROR - ArticleException: 'str' object has no attribute 'link'
2023-10-05 11:27:51,625 - ERROR - ArticleException: 'str' object has no attribute 'published'
2023-10-05 11:27:52,459 - ERROR - ArticleException: 'str' object has no attribute 'published'
2023-10-05 11:27:53,527 - ERROR - ArticleException: 'str' object has no attribute 'published'
2023-10-05 11:27:54,486 - ERROR - ArticleException: 'str' object has no attribute 'published'
2023-10-05 11:27:55,412 - ERROR - ArticleException: 'str' object has no attribute 'published'
2023-10-05 11:27:56,736 - ERROR - ArticleException: 'str' object has no attribute 'published'
2023-10-05 11:27:57,419 - ERROR - ArticleException: 'str' object has no attribute 'published'
2023-10-05 11:27:58,729 - ERROR - ArticleException: 'str' object has no attribute 'published'
2023-10-05 11:27:59,877 - ERROR - ArticleException: 'str' object has no attribute 'published'
2023-10-05 11:28:00,708 - ERROR - ArticleException: 'str' object has no attribute 'published'
2023-10-05 11:28:01,500 - ERROR - ArticleException: 'str' object has no attribute 'published'
2023-10-05 11:28:02,880 - ERROR - ArticleException: 'str' object has no attribute 'published'
2023-10-05 11:28:05,053 - ERROR - ArticleException: 'str' object has no attribute 'published'
2023-10-05 11:28:06,263 - ERROR - ArticleException: 'str' object has no attribute 'published'
2023-10-05 11:28:07,391 - ERROR - ArticleException: 'str' object has no attribute 'published'
2023-10-05 11:28:08,492 - ERROR - ArticleException: 'str' object has no attribute 'published'
2023-10-05 11:28:09,763 - ERROR - ArticleException: 'str' object has no attribute 'published'
2023-10-05 11:28:10,639 - ERROR - ArticleException: 'str' object has no attribute 'published'
2023-10-05 11:28:11,473 - ERROR - ArticleException: Article `download()` failed with HTTPSConnectionPool(host='www.aa.com.tr', port=443): Max retries exceeded with url: /fr/monde/belgique-un-documentaire-relance-le-scandale-sur-les-abus-sexuels-dans-leglise/3004578 (Caused by SSLError(SSLError(1, '[SSL: UNSAFE_LEGACY_RENEGOTIATION_DISABLED] unsafe legacy renegotiation disabled (_ssl.c:1006)'))) on URL https://news.google.com/rss/articles/CBMidWh0dHBzOi8vd3d3LmFhLmNvbS50ci9mci9tb25kZS9iZWxnaXF1ZS11bi1kb2N1bWVudGFpcmUtcmVsYW5jZS1sZS1zY2FuZGFsZS1zdXItbGVzLWFidXMtc2V4dWVscy1kYW5zLWxlZ2xpc2UvMzAwNDU3ONIBAA?oc=5
2023-10-05 11:28:12,279 - ERROR - ArticleException: 'str' object has no attribute 'published'
2023-10-05 11:29:29,234 - ERROR - ArticleException: 'str' object has no attribute 'published'
2023-10-05 11:29:30,028 - ERROR - ArticleException: 'str' object has no attribute 'published'
2023-10-05 11:29:30,995 - ERROR - ArticleException: 'str' object has no attribute 'published'
2023-10-05 11:30:37,860 - ERROR - ArticleException: 'str' object has no attribute 'published'
2023-10-05 11:30:38,715 - ERROR - ArticleException: 'str' object has no attribute 'published'
2023-10-05 11:30:41,516 - ERROR - ArticleException: 'str' object has no attribute 'published'
2023-10-05 11:30:43,010 - ERROR - ArticleException: 'str' object has no attribute 'published'
2023-10-05 11:30:44,489 - ERROR - ArticleException: 'str' object has no attribute 'published'
2023-10-05 11:30:47,994 - ERROR - ArticleException: 'str' object has no attribute 'published'
2023-10-05 11:30:48,677 - ERROR - ArticleException: 'str' object has no attribute 'published'
2023-10-05 11:30:49,977 - ERROR - ArticleException: 'str' object has no attribute 'published'
2023-10-05 11:30:51,823 - ERROR - ArticleException: 'str' object has no attribute 'published'
2023-10-05 11:30:52,713 - ERROR - ArticleException: 'str' object has no attribute 'published'
2023-10-05 11:30:53,573 - ERROR - ArticleException: 'str' object has no attribute 'published'
2023-10-05 11:30:57,247 - ERROR - ArticleException: 'str' object has no attribute 'published'
2023-10-05 11:31:00,975 - ERROR - ArticleException: 'str' object has no attribute 'published'
2023-10-05 11:31:02,000 - ERROR - ArticleException: 'str' object has no attribute 'published'
2023-10-05 11:31:03,208 - ERROR - ArticleException: 'str' object has no attribute 'published'
2023-10-05 11:31:05,263 - ERROR - ArticleException: 'str' object has no attribute 'published'
2023-10-05 11:33:32,886 - ERROR - ArticleException: 'Article' object has no attribute 'source'
2023-10-05 11:33:33,740 - ERROR - ArticleException: 'Article' object has no attribute 'source'
2023-10-05 11:33:36,427 - ERROR - ArticleException: 'Article' object has no attribute 'source'
2023-10-05 11:33:37,302 - ERROR - ArticleException: 'Article' object has no attribute 'source'
2023-10-05 11:33:38,097 - ERROR - ArticleException: 'Article' object has no attribute 'source'
2023-10-05 11:33:39,694 - ERROR - ArticleException: 'Article' object has no attribute 'source'
2023-10-05 11:33:40,380 - ERROR - ArticleException: 'Article' object has no attribute 'source'
2023-10-05 11:33:44,012 - ERROR - ArticleException: 'Article' object has no attribute 'source'
2023-10-05 11:33:44,809 - ERROR - ArticleException: 'Article' object has no attribute 'source'
2023-10-05 11:33:46,702 - ERROR - ArticleException: 'Article' object has no attribute 'source'
2023-10-05 11:33:47,580 - ERROR - ArticleException: 'Article' object has no attribute 'source'
2023-10-05 11:33:49,256 - ERROR - ArticleException: 'Article' object has no attribute 'source'
2023-10-05 11:33:51,042 - ERROR - ArticleException: 'Article' object has no attribute 'source'
2023-10-05 11:33:51,992 - ERROR - ArticleException: 'Article' object has no attribute 'source'
2023-10-05 11:33:53,135 - ERROR - ArticleException: 'Article' object has no attribute 'source'
2023-10-05 11:33:56,577 - ERROR - ArticleException: 'Article' object has no attribute 'source'
2023-10-05 11:33:57,423 - ERROR - ArticleException: 'Article' object has no attribute 'source'
2023-10-05 11:33:58,229 - ERROR - ArticleException: 'Article' object has no attribute 'source'
2023-10-05 11:34:00,006 - ERROR - ArticleException: Article `download()` failed with HTTPSConnectionPool(host='www.aa.com.tr', port=443): Max retries exceeded with url: /fr/monde/belgique-un-documentaire-relance-le-scandale-sur-les-abus-sexuels-dans-leglise/3004578 (Caused by SSLError(SSLError(1, '[SSL: UNSAFE_LEGACY_RENEGOTIATION_DISABLED] unsafe legacy renegotiation disabled (_ssl.c:1006)'))) on URL https://news.google.com/rss/articles/CBMidWh0dHBzOi8vd3d3LmFhLmNvbS50ci9mci9tb25kZS9iZWxnaXF1ZS11bi1kb2N1bWVudGFpcmUtcmVsYW5jZS1sZS1zY2FuZGFsZS1zdXItbGVzLWFidXMtc2V4dWVscy1kYW5zLWxlZ2xpc2UvMzAwNDU3ONIBAA?oc=5
2023-10-05 11:34:01,016 - ERROR - ArticleException: 'Article' object has no attribute 'source'
2023-10-05 11:34:03,812 - ERROR - ArticleException: 'Article' object has no attribute 'source'
2023-10-05 11:34:04,875 - ERROR - ArticleException: 'Article' object has no attribute 'source'
2023-10-05 11:34:05,753 - ERROR - ArticleException: 'Article' object has no attribute 'source'
2023-10-05 11:34:06,988 - ERROR - ArticleException: 'Article' object has no attribute 'source'
2023-10-05 11:34:07,923 - ERROR - ArticleException: 'Article' object has no attribute 'source'
2023-10-05 11:34:09,258 - ERROR - ArticleException: 'Article' object has no attribute 'source'
2023-10-05 11:34:10,424 - ERROR - ArticleException: 'Article' object has no attribute 'source'
2023-10-05 11:35:23,884 - ERROR - ArticleException: 'Article' object has no attribute 'source'
2023-10-05 11:35:24,849 - ERROR - ArticleException: 'Article' object has no attribute 'source'
2023-10-05 11:35:26,020 - ERROR - ArticleException: 'Article' object has no attribute 'source'
2023-10-05 11:35:27,050 - ERROR - ArticleException: 'Article' object has no attribute 'source'
2023-10-05 11:35:27,929 - ERROR - ArticleException: 'Article' object has no attribute 'source'
2023-10-05 11:35:29,152 - ERROR - ArticleException: 'Article' object has no attribute 'source'
2023-10-05 11:35:31,093 - ERROR - ArticleException: 'Article' object has no attribute 'source'
2023-10-05 11:35:31,761 - ERROR - ArticleException: 'Article' object has no attribute 'source'
2023-10-05 11:35:33,102 - ERROR - ArticleException: 'Article' object has no attribute 'source'
2023-10-05 11:35:33,896 - ERROR - ArticleException: 'Article' object has no attribute 'source'
2023-10-05 11:35:34,735 - ERROR - ArticleException: 'Article' object has no attribute 'source'
2023-10-05 11:35:36,635 - ERROR - ArticleException: 'Article' object has no attribute 'source'
2023-10-05 11:35:37,487 - ERROR - ArticleException: 'Article' object has no attribute 'source'
2023-10-05 11:35:39,429 - ERROR - ArticleException: 'Article' object has no attribute 'source'
2023-10-05 11:35:40,375 - ERROR - ArticleException: 'Article' object has no attribute 'source'
2023-10-05 11:35:41,312 - ERROR - ArticleException: 'Article' object has no attribute 'source'
2023-10-05 11:35:42,541 - ERROR - ArticleException: 'Article' object has no attribute 'source'
2023-10-05 11:35:45,361 - ERROR - ArticleException: 'Article' object has no attribute 'source'
2023-10-05 11:35:46,319 - ERROR - ArticleException: Article `download()` failed with HTTPSConnectionPool(host='www.aa.com.tr', port=443): Max retries exceeded with url: /fr/monde/belgique-un-documentaire-relance-le-scandale-sur-les-abus-sexuels-dans-leglise/3004578 (Caused by SSLError(SSLError(1, '[SSL: UNSAFE_LEGACY_RENEGOTIATION_DISABLED] unsafe legacy renegotiation disabled (_ssl.c:1006)'))) on URL https://news.google.com/rss/articles/CBMidWh0dHBzOi8vd3d3LmFhLmNvbS50ci9mci9tb25kZS9iZWxnaXF1ZS11bi1kb2N1bWVudGFpcmUtcmVsYW5jZS1sZS1zY2FuZGFsZS1zdXItbGVzLWFidXMtc2V4dWVscy1kYW5zLWxlZ2xpc2UvMzAwNDU3ONIBAA?oc=5
2023-10-05 11:35:47,145 - ERROR - ArticleException: 'Article' object has no attribute 'source'
2023-10-05 11:35:47,998 - ERROR - ArticleException: 'Article' object has no attribute 'source'
2023-10-05 11:35:48,936 - ERROR - ArticleException: 'Article' object has no attribute 'source'
2023-10-05 11:35:49,913 - ERROR - ArticleException: 'Article' object has no attribute 'source'
2023-10-05 11:35:51,672 - ERROR - ArticleException: 'Article' object has no attribute 'source'
2023-10-05 11:35:52,738 - ERROR - ArticleException: 'Article' object has no attribute 'source'
2023-10-05 11:35:53,797 - ERROR - ArticleException: 'Article' object has no attribute 'source'
2023-10-05 11:35:54,715 - ERROR - ArticleException: 'Article' object has no attribute 'source'
2023-10-05 11:35:55,664 - ERROR - ArticleException: 'Article' object has no attribute 'source'
2023-10-05 11:35:56,705 - ERROR - ArticleException: 'Article' object has no attribute 'source'
2023-10-05 11:35:57,481 - ERROR - ArticleException: 'Article' object has no attribute 'source'
2023-10-05 11:35:58,577 - ERROR - ArticleException: 'Article' object has no attribute 'source'
2023-10-05 11:35:59,492 - ERROR - ArticleException: 'Article' object has no attribute 'source'
2023-10-05 11:36:00,167 - ERROR - ArticleException: 'Article' object has no attribute 'source'
2023-10-05 11:36:00,966 - ERROR - ArticleException: 'Article' object has no attribute 'source'
2023-10-05 11:36:01,912 - ERROR - ArticleException: 'Article' object has no attribute 'source'
2023-10-05 11:36:04,011 - ERROR - ArticleException: 'Article' object has no attribute 'source'
2023-10-05 11:36:04,842 - ERROR - ArticleException: 'Article' object has no attribute 'source'
2023-10-05 11:36:05,850 - ERROR - ArticleException: 'Article' object has no attribute 'source'
2023-10-05 11:36:06,813 - ERROR - ArticleException: 'Article' object has no attribute 'source'
2023-10-05 11:36:09,555 - ERROR - ArticleException: 'Article' object has no attribute 'source'
2023-10-05 11:36:10,316 - ERROR - ArticleException: Article `download()` failed with 403 Client Error: Forbidden for url: https://www.lanouvellerepublique.fr/a-la-une/scandale-de-baiser-force-jennifer-hermoso-porte-plainte on URL https://news.google.com/rss/articles/CBMiZGh0dHBzOi8vd3d3Lmxhbm91dmVsbGVyZXB1YmxpcXVlLmZyL2EtbGEtdW5lL3NjYW5kYWxlLWRlLWJhaXNlci1mb3JjZS1qZW5uaWZlci1oZXJtb3NvLXBvcnRlLXBsYWludGXSAQA?oc=5
2023-10-05 11:36:11,233 - ERROR - ArticleException: Article `download()` failed with 403 Client Error: Forbidden for url: https://www.ouest-france.fr/normandie/caen-14000/scandale-un-bar-a-manger-aux-multiples-ambiances-a-caen-610f79c0-514b-11ee-81df-75b0cf3061f7 on URL https://news.google.com/rss/articles/CBMijQFodHRwczovL3d3dy5vdWVzdC1mcmFuY2UuZnIvbm9ybWFuZGllL2NhZW4tMTQwMDAvc2NhbmRhbGUtdW4tYmFyLWEtbWFuZ2VyLWF1eC1tdWx0aXBsZXMtYW1iaWFuY2VzLWEtY2Flbi02MTBmNzljMC01MTRiLTExZWUtODFkZi03NWIwY2YzMDYxZjfSAQA?oc=5
2023-10-05 11:36:12,744 - ERROR - ArticleException: 'Article' object has no attribute 'source'
2023-10-05 11:36:13,952 - ERROR - ArticleException: 'Article' object has no attribute 'source'
2023-10-05 11:36:15,015 - ERROR - ArticleException: 'Article' object has no attribute 'source'
2023-10-05 11:36:16,194 - ERROR - ArticleException: 'Article' object has no attribute 'source'
2023-10-05 11:36:21,587 - ERROR - ArticleException: Article `download()` failed with HTTPSConnectionPool(host='fr.businessam.be', port=443): Max retries exceeded with url: /scandale-espionnage-danemark-crise-politique/ (Caused by NewConnectionError('<urllib3.connection.HTTPSConnection object at 0x7feda6647010>: Failed to establish a new connection: [Errno -5] No address associated with hostname')) on URL https://news.google.com/rss/articles/CBMiRmh0dHBzOi8vZnIuYnVzaW5lc3NhbS5iZS9zY2FuZGFsZS1lc3Bpb25uYWdlLWRhbmVtYXJrLWNyaXNlLXBvbGl0aXF1ZS_SAQA?oc=5
2023-10-05 11:36:22,431 - ERROR - ArticleException: 'Article' object has no attribute 'source'
2023-10-05 11:36:23,307 - ERROR - ArticleException: 'Article' object has no attribute 'source'
2023-10-05 11:36:24,244 - ERROR - ArticleException: 'Article' object has no attribute 'source'
2023-10-05 11:36:26,368 - ERROR - ArticleException: 'Article' object has no attribute 'source'
2023-10-05 11:36:27,430 - ERROR - ArticleException: 'Article' object has no attribute 'source'
2023-10-05 11:36:28,404 - ERROR - ArticleException: 'Article' object has no attribute 'source'
2023-10-05 11:36:30,277 - ERROR - ArticleException: 'Article' object has no attribute 'source'
2023-10-05 11:36:31,160 - ERROR - ArticleException: 'Article' object has no attribute 'source'
2023-10-05 11:36:32,309 - ERROR - ArticleException: 'Article' object has no attribute 'source'
2023-10-05 11:36:35,594 - ERROR - ArticleException: 'Article' object has no attribute 'source'
2023-10-05 11:36:36,334 - ERROR - ArticleException: 'Article' object has no attribute 'source'
2023-10-05 11:36:37,351 - ERROR - ArticleException: 'Article' object has no attribute 'source'
2023-10-05 11:36:38,130 - ERROR - ArticleException: 'Article' object has no attribute 'source'
2023-10-05 11:36:38,659 - ERROR - ArticleException: Article `download()` failed with HTTPSConnectionPool(host='www.gamekyo.com', port=443): Max retries exceeded with url: /blog_article472147.html (Caused by SSLError(SSLError(1, '[SSL: DH_KEY_TOO_SMALL] dh key too small (_ssl.c:1006)'))) on URL https://news.google.com/rss/articles/CBMiL2h0dHBzOi8vd3d3LmdhbWVreW8uY29tL2Jsb2dfYXJ0aWNsZTQ3MjE0Ny5odG1s0gEA?oc=5
2023-10-05 11:36:40,440 - ERROR - ArticleException: 'Article' object has no attribute 'source'
2023-10-05 11:36:43,362 - ERROR - ArticleException: 'Article' object has no attribute 'source'
2023-10-05 11:36:45,858 - ERROR - ArticleException: 'Article' object has no attribute 'source'
2023-10-05 11:36:46,544 - ERROR - ArticleException: 'Article' object has no attribute 'source'
2023-10-05 11:36:47,355 - ERROR - ArticleException: 'Article' object has no attribute 'source'
2023-10-05 11:36:48,311 - ERROR - ArticleException: 'Article' object has no attribute 'source'
2023-10-05 11:36:49,107 - ERROR - ArticleException: 'Article' object has no attribute 'source'
2023-10-05 11:36:50,489 - ERROR - ArticleException: 'Article' object has no attribute 'source'
2023-10-05 11:36:51,651 - ERROR - ArticleException: Article `download()` failed with 403 Client Error: Forbidden for url: https://www.ouest-france.fr/sante/scandale-des-dons-du-corps-les-familles-veulent-integrer-les-comites-dethique-e7ac4480-5601-11ee-aab6-4085e5fd9724 on URL https://news.google.com/rss/articles/CBMilAFodHRwczovL3d3dy5vdWVzdC1mcmFuY2UuZnIvc2FudGUvc2NhbmRhbGUtZGVzLWRvbnMtZHUtY29ycHMtbGVzLWZhbWlsbGVzLXZldWxlbnQtaW50ZWdyZXItbGVzLWNvbWl0ZXMtZGV0aGlxdWUtZTdhYzQ0ODAtNTYwMS0xMWVlLWFhYjYtNDA4NWU1ZmQ5NzI00gEA?oc=5
2023-10-05 11:36:52,501 - ERROR - ArticleException: 'Article' object has no attribute 'source'
2023-10-05 11:36:57,881 - ERROR - ArticleException: Article `download()` failed with HTTPSConnectionPool(host='www.toutelatele.com', port=443): Max retries exceeded with url: /l-heure-des-pros-quelle-honte-quel-scandale-pascal-praud-revolte-sur-cnews-157321 (Caused by NewConnectionError('<urllib3.connection.HTTPSConnection object at 0x7feda6679a50>: Failed to establish a new connection: [Errno -5] No address associated with hostname')) on URL https://news.google.com/rss/articles/CBMibWh0dHBzOi8vd3d3LnRvdXRlbGF0ZWxlLmNvbS9sLWhldXJlLWRlcy1wcm9zLXF1ZWxsZS1ob250ZS1xdWVsLXNjYW5kYWxlLXBhc2NhbC1wcmF1ZC1yZXZvbHRlLXN1ci1jbmV3cy0xNTczMjHSAQA?oc=5
2023-10-05 11:36:58,659 - ERROR - ArticleException: 'Article' object has no attribute 'source'
2023-10-05 11:36:59,581 - ERROR - ArticleException: 'Article' object has no attribute 'source'
2023-10-05 11:37:00,600 - ERROR - ArticleException: 'Article' object has no attribute 'source'
2023-10-05 11:37:02,697 - ERROR - ArticleException: 'Article' object has no attribute 'source'
2023-10-05 11:37:03,565 - ERROR - ArticleException: 'Article' object has no attribute 'source'
2023-10-05 11:37:05,607 - ERROR - ArticleException: 'Article' object has no attribute 'source'
2023-10-05 11:37:06,555 - ERROR - ArticleException: 'Article' object has no attribute 'source'
2023-10-05 11:37:07,343 - ERROR - ArticleException: 'Article' object has no attribute 'source'
2023-10-05 11:37:09,014 - ERROR - ArticleException: 'Article' object has no attribute 'source'
2023-10-05 11:39:13,953 - ERROR - ArticleException: 'Article' object has no attribute 'source'
2023-10-05 11:39:14,922 - ERROR - ArticleException: 'Article' object has no attribute 'source'
2023-10-05 11:39:15,742 - ERROR - ArticleException: 'Article' object has no attribute 'source'
2023-10-05 11:39:16,696 - ERROR - ArticleException: 'Article' object has no attribute 'source'
2023-10-05 11:39:17,540 - ERROR - ArticleException: 'Article' object has no attribute 'source'
2023-10-05 11:39:18,437 - ERROR - ArticleException: 'Article' object has no attribute 'source'
2023-10-05 11:39:19,587 - ERROR - ArticleException: 'Article' object has no attribute 'source'
2023-10-05 11:39:20,299 - ERROR - ArticleException: 'Article' object has no attribute 'source'
2023-10-05 11:39:21,448 - ERROR - ArticleException: 'Article' object has no attribute 'source'
2023-10-05 11:39:23,109 - ERROR - ArticleException: 'Article' object has no attribute 'source'
2023-10-05 11:39:23,959 - ERROR - ArticleException: 'Article' object has no attribute 'source'
2023-10-05 11:39:27,390 - ERROR - ArticleException: 'Article' object has no attribute 'source'
2023-10-05 11:39:28,328 - ERROR - ArticleException: 'Article' object has no attribute 'source'
2023-10-05 11:39:29,163 - ERROR - ArticleException: 'Article' object has no attribute 'source'
2023-10-05 11:39:30,163 - ERROR - ArticleException: 'Article' object has no attribute 'source'
2023-10-05 11:39:31,039 - ERROR - ArticleException: 'Article' object has no attribute 'source'
2023-10-05 11:39:32,148 - ERROR - ArticleException: 'Article' object has no attribute 'source'
2023-10-05 11:39:33,473 - ERROR - ArticleException: 'Article' object has no attribute 'source'
2023-10-05 11:39:34,654 - ERROR - ArticleException: Article `download()` failed with HTTPSConnectionPool(host='www.aa.com.tr', port=443): Max retries exceeded with url: /fr/monde/belgique-un-documentaire-relance-le-scandale-sur-les-abus-sexuels-dans-leglise/3004578 (Caused by SSLError(SSLError(1, '[SSL: UNSAFE_LEGACY_RENEGOTIATION_DISABLED] unsafe legacy renegotiation disabled (_ssl.c:1006)'))) on URL https://news.google.com/rss/articles/CBMidWh0dHBzOi8vd3d3LmFhLmNvbS50ci9mci9tb25kZS9iZWxnaXF1ZS11bi1kb2N1bWVudGFpcmUtcmVsYW5jZS1sZS1zY2FuZGFsZS1zdXItbGVzLWFidXMtc2V4dWVscy1kYW5zLWxlZ2xpc2UvMzAwNDU3ONIBAA?oc=5
2023-10-05 11:39:35,686 - ERROR - ArticleException: 'Article' object has no attribute 'source'
2023-10-05 11:39:38,499 - ERROR - ArticleException: 'Article' object has no attribute 'source'
2023-10-05 11:39:39,405 - ERROR - ArticleException: 'Article' object has no attribute 'source'
2023-10-05 11:39:40,436 - ERROR - ArticleException: 'Article' object has no attribute 'source'
2023-10-05 11:39:41,334 - ERROR - ArticleException: 'Article' object has no attribute 'source'
2023-10-05 11:39:42,378 - ERROR - ArticleException: 'Article' object has no attribute 'source'
2023-10-05 11:39:43,170 - ERROR - ArticleException: 'Article' object has no attribute 'source'
2023-10-05 11:39:44,099 - ERROR - ArticleException: 'Article' object has no attribute 'source'
2023-10-05 11:39:45,151 - ERROR - ArticleException: 'Article' object has no attribute 'source'
2023-10-05 11:39:45,972 - ERROR - ArticleException: 'Article' object has no attribute 'source'
2023-10-05 11:39:47,003 - ERROR - ArticleException: 'Article' object has no attribute 'source'
2023-10-05 11:39:47,830 - ERROR - ArticleException: 'Article' object has no attribute 'source'
2023-10-05 11:39:48,553 - ERROR - ArticleException: 'Article' object has no attribute 'source'
2023-10-05 11:39:49,336 - ERROR - ArticleException: 'Article' object has no attribute 'source'
2023-10-05 11:39:50,199 - ERROR - ArticleException: 'Article' object has no attribute 'source'
2023-10-05 11:39:50,968 - ERROR - ArticleException: 'Article' object has no attribute 'source'
2023-10-05 11:39:52,026 - ERROR - ArticleException: 'Article' object has no attribute 'source'
2023-10-05 11:39:53,068 - ERROR - ArticleException: 'Article' object has no attribute 'source'
2023-10-05 11:39:54,041 - ERROR - ArticleException: 'Article' object has no attribute 'source'
2023-10-05 11:39:54,943 - ERROR - ArticleException: 'Article' object has no attribute 'source'
2023-10-05 11:39:56,429 - ERROR - ArticleException: 'Article' object has no attribute 'source'
2023-10-05 11:39:57,936 - ERROR - ArticleException: Article `download()` failed with 403 Client Error: Forbidden for url: https://www.lanouvellerepublique.fr/a-la-une/scandale-de-baiser-force-jennifer-hermoso-porte-plainte on URL https://news.google.com/rss/articles/CBMiZGh0dHBzOi8vd3d3Lmxhbm91dmVsbGVyZXB1YmxpcXVlLmZyL2EtbGEtdW5lL3NjYW5kYWxlLWRlLWJhaXNlci1mb3JjZS1qZW5uaWZlci1oZXJtb3NvLXBvcnRlLXBsYWludGXSAQA?oc=5
2023-10-05 11:39:58,996 - ERROR - ArticleException: Article `download()` failed with 403 Client Error: Forbidden for url: https://www.ouest-france.fr/normandie/caen-14000/scandale-un-bar-a-manger-aux-multiples-ambiances-a-caen-610f79c0-514b-11ee-81df-75b0cf3061f7 on URL https://news.google.com/rss/articles/CBMijQFodHRwczovL3d3dy5vdWVzdC1mcmFuY2UuZnIvbm9ybWFuZGllL2NhZW4tMTQwMDAvc2NhbmRhbGUtdW4tYmFyLWEtbWFuZ2VyLWF1eC1tdWx0aXBsZXMtYW1iaWFuY2VzLWEtY2Flbi02MTBmNzljMC01MTRiLTExZWUtODFkZi03NWIwY2YzMDYxZjfSAQA?oc=5
2023-10-05 11:40:00,466 - ERROR - ArticleException: 'Article' object has no attribute 'source'
2023-10-05 11:40:01,619 - ERROR - ArticleException: 'Article' object has no attribute 'source'
2023-10-05 11:40:03,258 - ERROR - ArticleException: 'Article' object has no attribute 'source'
2023-10-05 11:40:04,035 - ERROR - ArticleException: 'Article' object has no attribute 'source'
2023-10-05 11:40:04,802 - ERROR - ArticleException: 'Article' object has no attribute 'source'
2023-10-05 11:40:05,690 - ERROR - ArticleException: 'Article' object has no attribute 'source'
2023-10-05 11:40:06,707 - ERROR - ArticleException: 'Article' object has no attribute 'source'
2023-10-05 11:40:07,870 - ERROR - ArticleException: 'Article' object has no attribute 'source'
2023-10-05 11:40:09,049 - ERROR - ArticleException: 'Article' object has no attribute 'source'
2023-10-05 11:40:10,241 - ERROR - ArticleException: 'Article' object has no attribute 'source'
2023-10-05 11:40:11,118 - ERROR - ArticleException: 'Article' object has no attribute 'source'
2023-10-05 11:40:12,410 - ERROR - ArticleException: 'Article' object has no attribute 'source'
2023-10-05 11:40:13,129 - ERROR - ArticleException: 'Article' object has no attribute 'source'
2023-10-05 11:40:14,642 - ERROR - ArticleException: 'Article' object has no attribute 'source'
2023-10-05 11:40:15,567 - ERROR - ArticleException: 'Article' object has no attribute 'source'
2023-10-05 11:40:16,401 - ERROR - ArticleException: 'Article' object has no attribute 'source'
2023-10-05 11:40:17,042 - ERROR - ArticleException: Article `download()` failed with HTTPSConnectionPool(host='www.gamekyo.com', port=443): Max retries exceeded with url: /blog_article472147.html (Caused by SSLError(SSLError(1, '[SSL: DH_KEY_TOO_SMALL] dh key too small (_ssl.c:1006)'))) on URL https://news.google.com/rss/articles/CBMiL2h0dHBzOi8vd3d3LmdhbWVreW8uY29tL2Jsb2dfYXJ0aWNsZTQ3MjE0Ny5odG1s0gEA?oc=5
2023-10-05 11:40:18,035 - ERROR - ArticleException: 'Article' object has no attribute 'source'
2023-10-05 11:40:19,916 - ERROR - ArticleException: 'Article' object has no attribute 'source'
2023-10-05 11:40:21,906 - ERROR - ArticleException: 'Article' object has no attribute 'source'
2023-10-05 11:40:22,609 - ERROR - ArticleException: 'Article' object has no attribute 'source'
2023-10-05 11:40:25,254 - ERROR - ArticleException: 'Article' object has no attribute 'source'
2023-10-05 11:40:26,092 - ERROR - ArticleException: 'Article' object has no attribute 'source'
2023-10-05 11:40:27,268 - ERROR - ArticleException: 'Article' object has no attribute 'source'
2023-10-05 11:40:28,234 - ERROR - ArticleException: 'Article' object has no attribute 'source'
2023-10-05 11:40:29,077 - ERROR - ArticleException: 'Article' object has no attribute 'source'
2023-10-05 11:40:29,875 - ERROR - ArticleException: 'Article' object has no attribute 'source'
2023-10-05 11:40:30,932 - ERROR - ArticleException: 'Article' object has no attribute 'source'
2023-10-05 11:40:32,211 - ERROR - ArticleException: 'Article' object has no attribute 'source'
2023-10-05 11:40:32,996 - ERROR - ArticleException: 'Article' object has no attribute 'source'
2023-10-05 11:40:34,182 - ERROR - ArticleException: 'Article' object has no attribute 'source'
2023-10-05 11:40:35,127 - ERROR - ArticleException: 'Article' object has no attribute 'source'
2023-10-05 11:40:35,876 - ERROR - ArticleException: 'Article' object has no attribute 'source'
2023-10-05 11:40:37,469 - ERROR - ArticleException: 'Article' object has no attribute 'source'
2023-10-05 11:40:38,599 - ERROR - ArticleException: 'Article' object has no attribute 'source'
2023-10-05 11:40:39,408 - ERROR - ArticleException: 'Article' object has no attribute 'source'
2023-10-05 11:40:41,372 - ERROR - ArticleException: 'Article' object has no attribute 'source'
2023-10-05 11:40:42,441 - ERROR - ArticleException: 'Article' object has no attribute 'source'
2023-10-05 11:40:44,129 - ERROR - ArticleException: 'Article' object has no attribute 'source'
2023-10-05 11:40:47,100 - ERROR - ArticleException: 'Article' object has no attribute 'source'
2023-10-05 11:40:48,379 - ERROR - ArticleException: 'Article' object has no attribute 'source'
2023-10-05 11:40:49,192 - ERROR - ArticleException: 'Article' object has no attribute 'source'
2023-10-05 11:40:49,951 - ERROR - ArticleException: 'Article' object has no attribute 'source'
2023-10-05 11:40:51,925 - ERROR - ArticleException: 'Article' object has no attribute 'source'
2023-10-05 11:40:52,821 - ERROR - ArticleException: 'Article' object has no attribute 'source'
2023-10-05 11:40:53,718 - ERROR - ArticleException: 'Article' object has no attribute 'source'
2023-10-05 11:40:55,280 - ERROR - ArticleException: 'Article' object has no attribute 'source'
2023-10-05 11:40:56,857 - ERROR - ArticleException: 'Article' object has no attribute 'source'
2023-10-05 11:40:57,800 - ERROR - ArticleException: 'Article' object has no attribute 'source'
2023-10-05 11:40:58,559 - ERROR - ArticleException: 'Article' object has no attribute 'source'
2023-10-05 11:41:00,809 - ERROR - ArticleException: 'Article' object has no attribute 'source'
2023-10-05 11:41:01,765 - ERROR - ArticleException: 'Article' object has no attribute 'source'
2023-10-05 11:41:03,400 - ERROR - ArticleException: 'Article' object has no attribute 'source'
2023-10-05 11:41:04,298 - ERROR - ArticleException: 'Article' object has no attribute 'source'
2023-10-05 11:41:05,324 - ERROR - ArticleException: 'Article' object has no attribute 'source'
2023-10-05 11:41:06,844 - ERROR - ArticleException: 'Article' object has no attribute 'source'
2023-10-05 11:41:07,735 - ERROR - ArticleException: 'Article' object has no attribute 'source'
2023-10-05 11:41:08,553 - ERROR - ArticleException: 'Article' object has no attribute 'source'
2023-10-05 11:41:09,554 - ERROR - ArticleException: 'Article' object has no attribute 'source'
2023-10-05 11:41:10,360 - ERROR - ArticleException: 'Article' object has no attribute 'source'
2023-10-05 11:41:11,636 - ERROR - ArticleException: 'Article' object has no attribute 'source'
2023-10-05 11:41:13,061 - ERROR - ArticleException: 'Article' object has no attribute 'source'
2023-10-05 11:41:13,750 - ERROR - ArticleException: 'Article' object has no attribute 'source'
2023-10-05 11:41:15,006 - ERROR - ArticleException: 'Article' object has no attribute 'source'
2023-10-05 11:41:15,827 - ERROR - ArticleException: 'Article' object has no attribute 'source'
2023-10-05 11:41:16,820 - ERROR - ArticleException: 'Article' object has no attribute 'source'
2023-10-05 11:41:17,902 - ERROR - ArticleException: 'Article' object has no attribute 'source'
2023-10-05 11:41:18,728 - ERROR - ArticleException: 'Article' object has no attribute 'source'
2023-10-05 11:41:19,468 - ERROR - ArticleException: 'Article' object has no attribute 'source'
2023-10-05 11:41:20,472 - ERROR - ArticleException: 'Article' object has no attribute 'source'
2023-10-05 11:41:21,337 - ERROR - ArticleException: 'Article' object has no attribute 'source'
2023-10-05 11:41:22,435 - ERROR - ArticleException: 'Article' object has no attribute 'source'
2023-10-05 11:41:23,565 - ERROR - ArticleException: 'Article' object has no attribute 'source'
2023-10-05 11:41:25,253 - ERROR - ArticleException: Article `download()` failed with HTTPSConnectionPool(host='www.aa.com.tr', port=443): Max retries exceeded with url: /fr/monde/belgique-un-documentaire-relance-le-scandale-sur-les-abus-sexuels-dans-leglise/3004578 (Caused by SSLError(SSLError(1, '[SSL: UNSAFE_LEGACY_RENEGOTIATION_DISABLED] unsafe legacy renegotiation disabled (_ssl.c:1006)'))) on URL https://news.google.com/rss/articles/CBMidWh0dHBzOi8vd3d3LmFhLmNvbS50ci9mci9tb25kZS9iZWxnaXF1ZS11bi1kb2N1bWVudGFpcmUtcmVsYW5jZS1sZS1zY2FuZGFsZS1zdXItbGVzLWFidXMtc2V4dWVscy1kYW5zLWxlZ2xpc2UvMzAwNDU3ONIBAA?oc=5
2023-10-05 11:41:26,080 - ERROR - ArticleException: 'Article' object has no attribute 'source'
2023-10-05 11:41:26,969 - ERROR - ArticleException: 'Article' object has no attribute 'source'
2023-10-05 11:41:28,151 - ERROR - ArticleException: 'Article' object has no attribute 'source'
2023-10-05 11:41:29,142 - ERROR - ArticleException: 'Article' object has no attribute 'source'
2023-10-05 11:41:30,083 - ERROR - ArticleException: 'Article' object has no attribute 'source'
2023-10-05 11:41:30,964 - ERROR - ArticleException: 'Article' object has no attribute 'source'
2023-10-05 11:41:31,980 - ERROR - ArticleException: 'Article' object has no attribute 'source'
2023-10-05 11:41:32,802 - ERROR - ArticleException: 'Article' object has no attribute 'source'
2023-10-05 11:41:34,666 - ERROR - ArticleException: 'Article' object has no attribute 'source'
2023-10-05 11:41:35,765 - ERROR - ArticleException: 'Article' object has no attribute 'source'
2023-10-05 11:41:36,533 - ERROR - ArticleException: 'Article' object has no attribute 'source'
2023-10-05 11:41:37,512 - ERROR - ArticleException: 'Article' object has no attribute 'source'
2023-10-05 11:41:38,309 - ERROR - ArticleException: 'Article' object has no attribute 'source'
2023-10-05 11:41:39,046 - ERROR - ArticleException: 'Article' object has no attribute 'source'
2023-10-05 11:41:39,956 - ERROR - ArticleException: 'Article' object has no attribute 'source'
2023-10-05 11:41:40,869 - ERROR - ArticleException: 'Article' object has no attribute 'source'
2023-10-05 11:41:41,958 - ERROR - ArticleException: 'Article' object has no attribute 'source'
2023-10-05 11:41:43,089 - ERROR - ArticleException: 'Article' object has no attribute 'source'
2023-10-05 11:41:45,901 - ERROR - ArticleException: 'Article' object has no attribute 'source'
2023-10-05 11:41:46,888 - ERROR - ArticleException: 'Article' object has no attribute 'source'
2023-10-05 11:41:47,771 - ERROR - ArticleException: 'Article' object has no attribute 'source'
2023-10-05 11:41:48,637 - ERROR - ArticleException: 'Article' object has no attribute 'source'
2023-10-05 11:41:49,310 - ERROR - ArticleException: Article `download()` failed with 403 Client Error: Forbidden for url: https://www.lanouvellerepublique.fr/a-la-une/scandale-de-baiser-force-jennifer-hermoso-porte-plainte on URL https://news.google.com/rss/articles/CBMiZGh0dHBzOi8vd3d3Lmxhbm91dmVsbGVyZXB1YmxpcXVlLmZyL2EtbGEtdW5lL3NjYW5kYWxlLWRlLWJhaXNlci1mb3JjZS1qZW5uaWZlci1oZXJtb3NvLXBvcnRlLXBsYWludGXSAQA?oc=5
2023-10-05 11:41:50,162 - ERROR - ArticleException: Article `download()` failed with 403 Client Error: Forbidden for url: https://www.ouest-france.fr/normandie/caen-14000/scandale-un-bar-a-manger-aux-multiples-ambiances-a-caen-610f79c0-514b-11ee-81df-75b0cf3061f7 on URL https://news.google.com/rss/articles/CBMijQFodHRwczovL3d3dy5vdWVzdC1mcmFuY2UuZnIvbm9ybWFuZGllL2NhZW4tMTQwMDAvc2NhbmRhbGUtdW4tYmFyLWEtbWFuZ2VyLWF1eC1tdWx0aXBsZXMtYW1iaWFuY2VzLWEtY2Flbi02MTBmNzljMC01MTRiLTExZWUtODFkZi03NWIwY2YzMDYxZjfSAQA?oc=5
2023-10-05 11:41:51,270 - ERROR - ArticleException: 'Article' object has no attribute 'source'
2023-10-05 11:41:52,379 - ERROR - ArticleException: 'Article' object has no attribute 'source'
2023-10-05 11:41:53,854 - ERROR - ArticleException: 'Article' object has no attribute 'source'
2023-10-05 11:41:56,217 - ERROR - ArticleException: 'Article' object has no attribute 'source'
2023-10-05 11:41:57,974 - ERROR - ArticleException: 'Article' object has no attribute 'source'
2023-10-05 11:41:58,833 - ERROR - ArticleException: 'Article' object has no attribute 'source'
2023-10-05 11:41:59,796 - ERROR - ArticleException: 'Article' object has no attribute 'source'
2023-10-05 11:42:00,911 - ERROR - ArticleException: 'Article' object has no attribute 'source'
2023-10-05 12:01:57,381 - ERROR - An error occurred while processing an article: 'Article' object has no attribute 'source'
2023-10-05 12:01:58,614 - ERROR - An error occurred while processing an article: 'Article' object has no attribute 'source'
2023-10-05 12:02:01,959 - ERROR - An error occurred while processing an article: 'Article' object has no attribute 'source'
2023-10-05 12:02:02,922 - ERROR - An error occurred while processing an article: 'Article' object has no attribute 'source'
2023-10-05 12:02:03,885 - ERROR - An error occurred while processing an article: 'Article' object has no attribute 'source'
2023-10-05 12:02:05,152 - ERROR - An error occurred while processing an article: 'Article' object has no attribute 'source'
2023-10-05 12:02:06,159 - ERROR - An error occurred while processing an article: 'Article' object has no attribute 'source'
2023-10-05 12:02:07,313 - ERROR - An error occurred while processing an article: 'Article' object has no attribute 'source'
2023-10-05 12:02:08,554 - ERROR - An error occurred while processing an article: 'Article' object has no attribute 'source'
2023-10-05 12:02:09,289 - ERROR - An error occurred while processing an article: 'Article' object has no attribute 'source'
2023-10-05 12:02:10,380 - ERROR - An error occurred while processing an article: 'Article' object has no attribute 'source'
2023-10-05 12:02:11,690 - ERROR - An error occurred while processing an article: 'Article' object has no attribute 'source'
2023-10-05 12:02:12,551 - ERROR - An error occurred while processing an article: 'Article' object has no attribute 'source'
2023-10-05 12:02:13,518 - ERROR - An error occurred while processing an article: 'Article' object has no attribute 'source'
2023-10-05 12:02:15,516 - ERROR - An error occurred while processing an article: 'Article' object has no attribute 'source'
2023-10-05 12:02:17,442 - ERROR - An error occurred while processing an article: 'Article' object has no attribute 'source'
2023-10-05 12:02:18,671 - ERROR - An error occurred while processing an article: 'Article' object has no attribute 'source'
2023-10-05 12:02:19,930 - ERROR - An error occurred while processing an article: Article `download()` failed with HTTPSConnectionPool(host='www.aa.com.tr', port=443): Max retries exceeded with url: /fr/monde/belgique-un-documentaire-relance-le-scandale-sur-les-abus-sexuels-dans-leglise/3004578 (Caused by SSLError(SSLError(1, '[SSL: UNSAFE_LEGACY_RENEGOTIATION_DISABLED] unsafe legacy renegotiation disabled (_ssl.c:1006)'))) on URL https://news.google.com/rss/articles/CBMidWh0dHBzOi8vd3d3LmFhLmNvbS50ci9mci9tb25kZS9iZWxnaXF1ZS11bi1kb2N1bWVudGFpcmUtcmVsYW5jZS1sZS1zY2FuZGFsZS1zdXItbGVzLWFidXMtc2V4dWVscy1kYW5zLWxlZ2xpc2UvMzAwNDU3ONIBAA?oc=5
2023-10-05 12:02:20,792 - ERROR - An error occurred while processing an article: 'Article' object has no attribute 'source'
2023-10-05 12:02:23,701 - ERROR - An error occurred while processing an article: 'Article' object has no attribute 'source'
2023-10-05 12:02:24,834 - ERROR - An error occurred while processing an article: 'Article' object has no attribute 'source'
2023-10-05 12:02:25,965 - ERROR - An error occurred while processing an article: 'Article' object has no attribute 'source'
2023-10-05 12:02:27,041 - ERROR - An error occurred while processing an article: 'Article' object has no attribute 'source'
2023-10-05 12:02:28,834 - ERROR - An error occurred while processing an article: 'Article' object has no attribute 'source'
2023-10-05 12:02:29,654 - ERROR - An error occurred while processing an article: 'Article' object has no attribute 'source'
2023-10-05 12:02:30,615 - ERROR - An error occurred while processing an article: 'Article' object has no attribute 'source'
2023-10-05 12:02:31,855 - ERROR - An error occurred while processing an article: 'Article' object has no attribute 'source'
2023-10-05 12:02:32,815 - ERROR - An error occurred while processing an article: 'Article' object has no attribute 'source'
2023-10-05 12:02:33,801 - ERROR - An error occurred while processing an article: 'Article' object has no attribute 'source'
2023-10-05 12:02:34,626 - ERROR - An error occurred while processing an article: 'Article' object has no attribute 'source'
2023-10-05 12:02:35,418 - ERROR - An error occurred while processing an article: 'Article' object has no attribute 'source'
2023-10-05 12:02:36,279 - ERROR - An error occurred while processing an article: 'Article' object has no attribute 'source'
2023-10-05 12:02:36,980 - ERROR - An error occurred while processing an article: 'Article' object has no attribute 'source'
2023-10-05 12:02:37,814 - ERROR - An error occurred while processing an article: 'Article' object has no attribute 'source'
2023-10-05 12:02:38,941 - ERROR - An error occurred while processing an article: 'Article' object has no attribute 'source'
2023-10-05 12:22:05,958 - ERROR - An error occurred while processing: 'NoneType' object is not subscriptable
2023-10-05 12:22:08,304 - ERROR - An error occurred while processing: 'NoneType' object is not subscriptable
2023-10-05 12:22:10,367 - ERROR - An error occurred while processing: 'NoneType' object is not subscriptable
2023-10-05 12:22:12,612 - ERROR - An error occurred while processing: 'NoneType' object is not subscriptable
2023-10-05 12:22:14,712 - ERROR - An error occurred while processing: 'NoneType' object is not subscriptable
2023-10-05 12:22:17,126 - ERROR - An error occurred while processing: 'NoneType' object is not subscriptable
2023-10-05 12:22:19,498 - ERROR - An error occurred while processing: 'NoneType' object is not subscriptable
2023-10-05 12:22:22,333 - ERROR - An error occurred while processing: 'NoneType' object is not subscriptable
2023-10-05 12:22:24,838 - ERROR - An error occurred while processing: 'NoneType' object is not subscriptable
2023-10-05 12:22:27,396 - ERROR - An error occurred while processing: 'NoneType' object is not subscriptable
2023-10-05 12:22:29,977 - ERROR - An error occurred while processing: 'NoneType' object is not subscriptable
2023-10-05 12:22:32,592 - ERROR - An error occurred while processing: 'NoneType' object is not subscriptable
2023-10-05 12:23:03,344 - ERROR - An error occurred while processing: 'NoneType' object is not subscriptable
2023-10-05 12:23:06,290 - ERROR - An error occurred while processing: 'NoneType' object is not subscriptable
2023-10-05 12:23:08,720 - ERROR - An error occurred while processing: 'NoneType' object is not subscriptable
2023-10-05 12:23:11,006 - ERROR - An error occurred while processing: 'NoneType' object is not subscriptable
2023-10-05 12:23:13,443 - ERROR - An error occurred while processing: 'NoneType' object is not subscriptable
2023-10-05 12:23:15,774 - ERROR - An error occurred while processing: 'NoneType' object is not subscriptable
2023-10-05 12:23:18,364 - ERROR - An error occurred while processing: 'NoneType' object is not subscriptable
2023-10-05 12:23:20,607 - ERROR - An error occurred while processing: 'NoneType' object is not subscriptable
2023-10-05 12:23:22,840 - ERROR - An error occurred while processing: 'NoneType' object is not subscriptable
2023-10-05 12:23:25,208 - ERROR - An error occurred while processing: 'NoneType' object is not subscriptable
2023-10-05 12:23:27,483 - ERROR - An error occurred while processing: 'NoneType' object is not subscriptable
2023-10-05 12:23:29,622 - ERROR - An error occurred while processing: 'NoneType' object is not subscriptable
2023-10-05 12:31:21,166 - ERROR - An error occurred while processing: 'NoneType' object is not subscriptable
2023-10-05 12:31:23,527 - ERROR - An error occurred while processing: 'NoneType' object is not subscriptable
2023-10-05 12:31:26,185 - ERROR - An error occurred while processing: 'NoneType' object is not subscriptable
2023-10-05 12:31:29,221 - ERROR - An error occurred while processing: 'NoneType' object is not subscriptable
2023-10-05 12:31:31,480 - ERROR - An error occurred while processing: 'NoneType' object is not subscriptable
2023-10-05 12:31:33,898 - ERROR - An error occurred while processing: 'NoneType' object is not subscriptable
2023-10-05 12:31:36,517 - ERROR - An error occurred while processing: 'NoneType' object is not subscriptable
2023-10-05 12:31:38,876 - ERROR - An error occurred while processing: 'NoneType' object is not subscriptable
2023-10-05 12:31:41,227 - ERROR - An error occurred while processing: 'NoneType' object is not subscriptable
2023-10-05 12:31:43,474 - ERROR - An error occurred while processing: 'NoneType' object is not subscriptable
2023-10-05 12:31:46,201 - ERROR - An error occurred while processing: 'NoneType' object is not subscriptable
2023-10-05 12:31:48,437 - ERROR - An error occurred while processing: 'NoneType' object is not subscriptable
2023-10-05 12:48:08,919 - ERROR - An error occurred while processing an article: 'Article' object has no attribute 'source'
2023-10-05 12:48:10,456 - ERROR - An error occurred while processing an article: 'Article' object has no attribute 'source'
2023-10-05 12:48:11,991 - ERROR - An error occurred while processing an article: 'Article' object has no attribute 'source'
2023-10-05 12:48:13,037 - ERROR - An error occurred while processing an article: 'Article' object has no attribute 'source'
2023-10-05 12:48:13,869 - ERROR - An error occurred while processing an article: 'Article' object has no attribute 'source'
2023-10-05 12:48:16,689 - ERROR - An error occurred while processing an article: 'Article' object has no attribute 'source'
2023-10-05 12:48:17,664 - ERROR - An error occurred while processing an article: 'Article' object has no attribute 'source'
2023-10-05 12:48:18,853 - ERROR - An error occurred while processing an article: 'Article' object has no attribute 'source'
2023-10-05 12:48:19,777 - ERROR - An error occurred while processing an article: 'Article' object has no attribute 'source'
2023-10-05 12:48:21,143 - ERROR - An error occurred while processing an article: 'Article' object has no attribute 'source'
2023-10-05 12:48:27,942 - ERROR - An error occurred while processing an article: Article `download()` failed with HTTPSConnectionPool(host='www.team-aaa.com', port=443): Max retries exceeded with url: /fr/actualite/scandale-financier-dans-la-scene-valorant-na-knights-arena-secoue-par-le-detournement-de-frais-dinscription_130534 (Caused by NewConnectionError('<urllib3.connection.HTTPSConnection object at 0x7fd2a1a63310>: Failed to establish a new connection: [Errno -5] No address associated with hostname')) on URL https://news.google.com/rss/articles/CBMimAFodHRwczovL3d3dy50ZWFtLWFhYS5jb20vZnIvYWN0dWFsaXRlL3NjYW5kYWxlLWZpbmFuY2llci1kYW5zLWxhLXNjZW5lLXZhbG9yYW50LW5hLWtuaWdodHMtYXJlbmEtc2Vjb3VlLXBhci1sZS1kZXRvdXJuZW1lbnQtZGUtZnJhaXMtZGluc2NyaXB0aW9uXzEzMDUzNNIBAA?oc=5
2023-10-05 12:48:28,931 - ERROR - An error occurred while processing an article: 'Article' object has no attribute 'source'
2023-10-05 12:48:32,365 - ERROR - An error occurred while processing an article: 'Article' object has no attribute 'source'
2023-10-05 12:48:33,419 - ERROR - An error occurred while processing an article: 'Article' object has no attribute 'source'
2023-10-05 12:48:35,403 - ERROR - An error occurred while processing an article: 'Article' object has no attribute 'source'
2023-10-05 12:48:37,435 - ERROR - An error occurred while processing an article: 'Article' object has no attribute 'source'
2023-10-05 12:48:40,210 - ERROR - An error occurred while processing an article: 'Article' object has no attribute 'source'
2023-10-05 12:48:41,991 - ERROR - An error occurred while processing an article: Article `download()` failed with HTTPSConnectionPool(host='www.aa.com.tr', port=443): Max retries exceeded with url: /fr/monde/belgique-un-documentaire-relance-le-scandale-sur-les-abus-sexuels-dans-leglise/3004578 (Caused by SSLError(SSLError(1, '[SSL: UNSAFE_LEGACY_RENEGOTIATION_DISABLED] unsafe legacy renegotiation disabled (_ssl.c:1006)'))) on URL https://news.google.com/rss/articles/CBMidWh0dHBzOi8vd3d3LmFhLmNvbS50ci9mci9tb25kZS9iZWxnaXF1ZS11bi1kb2N1bWVudGFpcmUtcmVsYW5jZS1sZS1zY2FuZGFsZS1zdXItbGVzLWFidXMtc2V4dWVscy1kYW5zLWxlZ2xpc2UvMzAwNDU3ONIBAA?oc=5
2023-10-05 12:48:43,461 - ERROR - An error occurred while processing an article: 'Article' object has no attribute 'source'
