2023-12-04 23:47:13,655 - INFO - === Script execution START (R/F Classification) at: 2023-12-04 23:47:13.655520 ===
2023-12-04 23:47:13,871 - ERROR - An error occurred during classification and update: 'Cursor' object has no attribute 'count'
2023-12-04 23:47:13,872 - INFO - === Script execution END (R/F Classification) at: 2023-12-04 23:47:13.872755 ===
2023-12-04 23:47:51,124 - INFO - === Script execution START (R/F Classification) at: 2023-12-04 23:47:51.124798 ===
2023-12-04 23:47:51,171 - ERROR - An error occurred during classification and update: 'Cursor' object has no attribute 'count_documents'
2023-12-04 23:47:51,173 - INFO - === Script execution END (R/F Classification) at: 2023-12-04 23:47:51.173843 ===
2023-12-04 23:48:28,160 - INFO - === Script execution START (R/F Classification) at: 2023-12-04 23:48:28.160545 ===
2023-12-04 23:48:28,383 - ERROR - An error occurred during classification and update: 'Cursor' object has no attribute 'count'
2023-12-04 23:48:28,385 - INFO - === Script execution END (R/F Classification) at: 2023-12-04 23:48:28.385793 ===
2023-12-04 23:49:15,625 - INFO - === Script execution START (R/F Classification) at: 2023-12-04 23:49:15.625104 ===
2023-12-04 23:49:15,670 - ERROR - An error occurred during classification and update: 'Cursor' object has no attribute 'count_documents'
2023-12-04 23:49:15,671 - INFO - === Script execution END (R/F Classification) at: 2023-12-04 23:49:15.671459 ===
2023-12-04 23:52:10,447 - INFO - === Script execution START (R/F Classification) at: 2023-12-04 23:52:10.447183 ===
2023-12-04 23:52:12,462 - ERROR - An error occurred during classification and update: name 'tqdm' is not defined
2023-12-04 23:52:12,463 - INFO - === Script execution END (R/F Classification) at: 2023-12-04 23:52:12.463610 ===
2023-12-04 23:52:32,849 - INFO - === Script execution START (R/F Classification) at: 2023-12-04 23:52:32.849671 ===
2023-12-04 23:52:34,637 - INFO - R/F analysis completed for document Article ID: 656e45db2f568a5a60d879f7 - Classification: Real news
2023-12-04 23:52:34,798 - INFO - R/F analysis completed for document Article ID: 656e45db2f568a5a60d879f8 - Classification: Real news
2023-12-04 23:52:34,984 - INFO - R/F analysis completed for document Article ID: 656e45db2f568a5a60d879f9 - Classification: Fake news
2023-12-04 23:52:35,248 - INFO - R/F analysis completed for document Article ID: 656e45f82f568a5a60d879fe - Classification: Real news
2023-12-04 23:52:35,429 - INFO - R/F analysis completed for document Article ID: 656e45f82f568a5a60d879ff - Classification: Real news
2023-12-04 23:52:35,621 - INFO - R/F analysis completed for document Article ID: 656e45f92f568a5a60d87a00 - Classification: Real news
2023-12-04 23:52:35,791 - INFO - R/F analysis completed for document Article ID: 656e46122f568a5a60d87a05 - Classification: Fake news
2023-12-04 23:52:36,042 - INFO - R/F analysis completed for document Article ID: 656e46122f568a5a60d87a06 - Classification: Real news
2023-12-04 23:52:36,318 - INFO - R/F analysis completed for document Article ID: 656e46132f568a5a60d87a07 - Classification: Fake news
2023-12-04 23:52:36,493 - INFO - R/F analysis completed for document Article ID: 656e46282f568a5a60d87a0c - Classification: Real news
2023-12-04 23:52:36,641 - INFO - R/F analysis completed for document Article ID: 656e46282f568a5a60d87a0d - Classification: Real news
2023-12-04 23:52:36,798 - INFO - R/F analysis completed for document Article ID: 656e463f2f568a5a60d87a12 - Classification: Fake news
2023-12-04 23:52:37,009 - INFO - R/F analysis completed for document Article ID: 656e463f2f568a5a60d87a13 - Classification: Real news
2023-12-04 23:52:37,172 - INFO - R/F analysis completed for document Article ID: 656e464f2f568a5a60d87a18 - Classification: Real news
2023-12-04 23:52:37,616 - INFO - R/F analysis completed for document Article ID: 656e46642f568a5a60d87a1d - Classification: Real news
2023-12-04 23:52:37,994 - INFO - R/F analysis completed for document Article ID: 656e46642f568a5a60d87a1e - Classification: Real news
2023-12-04 23:52:38,239 - INFO - R/F analysis completed for document Article ID: 656e46652f568a5a60d87a1f - Classification: Real news
2023-12-04 23:52:38,422 - INFO - R/F analysis completed for document Article ID: 656e46abb69f65a7dd0f3d66 - Classification: Real news
2023-12-04 23:52:38,611 - INFO - R/F analysis completed for document Article ID: 656e46abb69f65a7dd0f3d67 - Classification: Real news
2023-12-04 23:52:38,799 - INFO - R/F analysis completed for document Article ID: 656e46beb69f65a7dd0f3d6e - Classification: Fake news
2023-12-04 23:52:39,064 - INFO - R/F analysis completed for document Article ID: 656e46ceb69f65a7dd0f3d75 - Classification: Real news
2023-12-04 23:52:39,247 - INFO - R/F analysis completed for document Article ID: 656e46cfb69f65a7dd0f3d76 - Classification: Real news
2023-12-04 23:52:39,633 - INFO - R/F analysis completed for document Article ID: 656e46e6b69f65a7dd0f3d7d - Classification: Real news
2023-12-04 23:52:40,104 - INFO - R/F analysis completed for document Article ID: 656e46e6b69f65a7dd0f3d7e - Classification: Real news
2023-12-04 23:52:40,666 - INFO - R/F analysis completed for document Article ID: 656e4701b69f65a7dd0f3d85 - Classification: Real news
2023-12-04 23:52:41,205 - INFO - R/F analysis completed for document Article ID: 656e4701b69f65a7dd0f3d86 - Classification: Real news
2023-12-04 23:52:41,831 - INFO - R/F analysis completed for document Article ID: 656e471ab69f65a7dd0f3d8d - Classification: Fake news
2023-12-04 23:52:42,082 - INFO - R/F analysis completed for document Article ID: 656e471ab69f65a7dd0f3d8e - Classification: Real news
2023-12-04 23:52:42,300 - INFO - R/F analysis completed for document Article ID: 656e472cb69f65a7dd0f3d95 - Classification: Real news
2023-12-04 23:52:42,484 - INFO - R/F analysis completed for document Article ID: 656e4748b69f65a7dd0f3d9c - Classification: Real news
2023-12-04 23:52:42,914 - INFO - R/F analysis completed for document Article ID: 656e4748b69f65a7dd0f3d9d - Classification: Real news
2023-12-04 23:52:43,131 - INFO - R/F analysis completed for document Article ID: 656e4749b69f65a7dd0f3d9e - Classification: Real news
2023-12-04 23:52:43,329 - INFO - R/F analysis completed for document Article ID: 656e4749b69f65a7dd0f3d9f - Classification: Real news
2023-12-04 23:52:43,588 - INFO - R/F analysis completed for document Article ID: 656e4777b69f65a7dd0f3da6 - Classification: Real news
2023-12-04 23:52:43,760 - INFO - R/F analysis completed for document Article ID: 656e4777b69f65a7dd0f3da7 - Classification: Fake news
2023-12-04 23:52:44,031 - INFO - R/F analysis completed for document Article ID: 656e4777b69f65a7dd0f3da8 - Classification: Fake news
2023-12-04 23:52:44,321 - INFO - R/F analysis completed for document Article ID: 656e4778b69f65a7dd0f3da9 - Classification: Real news
2023-12-04 23:52:44,496 - INFO - R/F analysis completed for document Article ID: 656e4778b69f65a7dd0f3daa - Classification: Fake news
2023-12-04 23:52:44,715 - INFO - R/F analysis completed for document Article ID: 656e47acb69f65a7dd0f3db1 - Classification: Real news
2023-12-04 23:52:45,106 - INFO - R/F analysis completed for document Article ID: 656e47acb69f65a7dd0f3db2 - Classification: Real news
2023-12-04 23:52:45,495 - INFO - R/F analysis completed for document Article ID: 656e47acb69f65a7dd0f3db3 - Classification: Fake news
2023-12-04 23:52:46,008 - INFO - R/F analysis completed for document Article ID: 656e47adb69f65a7dd0f3db4 - Classification: Real news
2023-12-04 23:52:46,288 - INFO - R/F analysis completed for document Article ID: 656e47adb69f65a7dd0f3db5 - Classification: Real news
2023-12-04 23:52:46,495 - INFO - R/F analysis completed for document Article ID: 656e47dfb69f65a7dd0f3dbc - Classification: Real news
2023-12-04 23:52:46,675 - INFO - R/F analysis completed for document Article ID: 656e47dfb69f65a7dd0f3dbd - Classification: Real news
2023-12-04 23:52:47,188 - INFO - R/F analysis completed for document Article ID: 656e47dfb69f65a7dd0f3dbe - Classification: Real news
2023-12-04 23:52:47,346 - INFO - R/F analysis completed for document Article ID: 656e47e0b69f65a7dd0f3dbf - Classification: Real news
2023-12-04 23:52:47,522 - INFO - R/F analysis completed for document Article ID: 656e4811b69f65a7dd0f3dc6 - Classification: Real news
2023-12-04 23:52:48,142 - INFO - R/F analysis completed for document Article ID: 656e4811b69f65a7dd0f3dc7 - Classification: Real news
2023-12-04 23:52:48,990 - INFO - R/F analysis completed for document Article ID: 656e4812b69f65a7dd0f3dc8 - Classification: Real news
2023-12-04 23:52:49,451 - INFO - R/F analysis completed for document Article ID: 656e4812b69f65a7dd0f3dc9 - Classification: Real news
2023-12-04 23:52:50,008 - INFO - R/F analysis completed for document Article ID: 656e4812b69f65a7dd0f3dca - Classification: Real news
2023-12-04 23:52:50,182 - INFO - R/F analysis completed for document Article ID: 656e4833b69f65a7dd0f3dd1 - Classification: Fake news
2023-12-04 23:52:50,354 - INFO - R/F analysis completed for document Article ID: 656e4833b69f65a7dd0f3dd2 - Classification: Real news
2023-12-04 23:52:50,672 - INFO - R/F analysis completed for document Article ID: 656e485bb69f65a7dd0f3dd9 - Classification: Real news
2023-12-04 23:52:50,838 - INFO - R/F analysis completed for document Article ID: 656e485cb69f65a7dd0f3dda - Classification: Fake news
2023-12-04 23:52:51,010 - INFO - R/F analysis completed for document Article ID: 656e485cb69f65a7dd0f3ddb - Classification: Real news
2023-12-04 23:52:51,291 - INFO - R/F analysis completed for document Article ID: 656e485cb69f65a7dd0f3ddc - Classification: Real news
2023-12-04 23:52:51,586 - INFO - R/F analysis completed for document Article ID: 656e485cb69f65a7dd0f3ddd - Classification: Real news
2023-12-04 23:52:51,853 - INFO - R/F analysis completed for document Article ID: 656e4887b69f65a7dd0f3de4 - Classification: Real news
2023-12-04 23:52:52,024 - INFO - R/F analysis completed for document Article ID: 656e4887b69f65a7dd0f3de5 - Classification: Real news
2023-12-04 23:52:52,461 - INFO - R/F analysis completed for document Article ID: 656e4888b69f65a7dd0f3de6 - Classification: Real news
2023-12-04 23:52:52,746 - INFO - R/F analysis completed for document Article ID: 656e4888b69f65a7dd0f3de7 - Classification: Real news
2023-12-04 23:52:52,880 - INFO - R/F analysis completed for document Article ID: 656e48b4b69f65a7dd0f3dee - Classification: Real news
2023-12-04 23:52:53,053 - INFO - R/F analysis completed for document Article ID: 656e48b4b69f65a7dd0f3def - Classification: Real news
2023-12-04 23:52:53,224 - INFO - R/F analysis completed for document Article ID: 656e48b4b69f65a7dd0f3df0 - Classification: Real news
2023-12-04 23:52:53,444 - INFO - R/F analysis completed for document Article ID: 656e48b5b69f65a7dd0f3df1 - Classification: Real news
2023-12-04 23:52:53,595 - INFO - R/F analysis completed for document Article ID: 656e48b5b69f65a7dd0f3df2 - Classification: Real news
2023-12-04 23:52:54,003 - INFO - R/F analysis completed for document Article ID: 656e48dfb69f65a7dd0f3df9 - Classification: Real news
2023-12-04 23:52:54,404 - INFO - R/F analysis completed for document Article ID: 656e48dfb69f65a7dd0f3dfa - Classification: Real news
2023-12-04 23:52:54,569 - INFO - R/F analysis completed for document Article ID: 656e48dfb69f65a7dd0f3dfb - Classification: Real news
2023-12-04 23:52:54,854 - INFO - R/F analysis completed for document Article ID: 656e48dfb69f65a7dd0f3dfc - Classification: Real news
2023-12-04 23:52:55,005 - INFO - R/F analysis completed for document Article ID: 656e48e0b69f65a7dd0f3dfd - Classification: Real news
2023-12-04 23:52:55,196 - INFO - R/F analysis completed for document Article ID: 656e4911b69f65a7dd0f3e04 - Classification: Real news
2023-12-04 23:52:55,642 - INFO - R/F analysis completed for document Article ID: 656e4911b69f65a7dd0f3e05 - Classification: Real news
2023-12-04 23:52:56,133 - INFO - R/F analysis completed for document Article ID: 656e4911b69f65a7dd0f3e06 - Classification: Real news
2023-12-04 23:52:56,318 - INFO - R/F analysis completed for document Article ID: 656e4912b69f65a7dd0f3e07 - Classification: Real news
2023-12-04 23:52:56,616 - INFO - R/F analysis completed for document Article ID: 656e4912b69f65a7dd0f3e08 - Classification: Real news
2023-12-04 23:52:57,163 - INFO - R/F analysis completed for document Article ID: 656e4942b69f65a7dd0f3e0f - Classification: Real news
2023-12-04 23:52:57,464 - INFO - R/F analysis completed for document Article ID: 656e4943b69f65a7dd0f3e10 - Classification: Fake news
2023-12-04 23:52:57,786 - INFO - R/F analysis completed for document Article ID: 656e4943b69f65a7dd0f3e11 - Classification: Real news
2023-12-04 23:52:58,545 - INFO - R/F analysis completed for document Article ID: 656e4943b69f65a7dd0f3e12 - Classification: Real news
2023-12-04 23:52:58,920 - INFO - R/F analysis completed for document Article ID: 656e4943b69f65a7dd0f3e13 - Classification: Real news
2023-12-04 23:52:59,230 - INFO - R/F analysis completed for document Article ID: 656e496fb69f65a7dd0f3e1a - Classification: Real news
2023-12-04 23:52:59,494 - INFO - R/F analysis completed for document Article ID: 656e496fb69f65a7dd0f3e1b - Classification: Real news
2023-12-04 23:52:59,850 - INFO - R/F analysis completed for document Article ID: 656e496fb69f65a7dd0f3e1c - Classification: Fake news
2023-12-04 23:53:00,025 - INFO - R/F analysis completed for document Article ID: 656e4970b69f65a7dd0f3e1d - Classification: Real news
2023-12-04 23:53:00,529 - INFO - R/F analysis completed for document Article ID: 656e49b3b69f65a7dd0f3e24 - Classification: Real news
2023-12-04 23:53:00,724 - INFO - R/F analysis completed for document Article ID: 656e49b3b69f65a7dd0f3e25 - Classification: Real news
2023-12-04 23:53:00,904 - INFO - R/F analysis completed for document Article ID: 656e49b3b69f65a7dd0f3e26 - Classification: Real news
2023-12-04 23:53:01,116 - INFO - R/F analysis completed for document Article ID: 656e49b3b69f65a7dd0f3e27 - Classification: Fake news
2023-12-04 23:53:01,293 - INFO - R/F analysis completed for document Article ID: 656e49b4b69f65a7dd0f3e28 - Classification: Real news
2023-12-04 23:53:01,507 - INFO - R/F analysis completed for document Article ID: 656e49d9b69f65a7dd0f3e2f - Classification: Fake news
2023-12-04 23:53:01,813 - INFO - R/F analysis completed for document Article ID: 656e49d9b69f65a7dd0f3e30 - Classification: Real news
2023-12-04 23:53:01,990 - INFO - R/F analysis completed for document Article ID: 656e49d9b69f65a7dd0f3e31 - Classification: Real news
2023-12-04 23:53:02,179 - INFO - R/F analysis completed for document Article ID: 656e4a0cb69f65a7dd0f3e38 - Classification: Fake news
2023-12-04 23:53:02,682 - INFO - R/F analysis completed for document Article ID: 656e4a0cb69f65a7dd0f3e39 - Classification: Real news
2023-12-04 23:53:02,865 - INFO - R/F analysis completed for document Article ID: 656e4a0cb69f65a7dd0f3e3a - Classification: Real news
2023-12-04 23:53:03,064 - INFO - R/F analysis completed for document Article ID: 656e4a0db69f65a7dd0f3e3b - Classification: Real news
2023-12-04 23:53:03,266 - INFO - R/F analysis completed for document Article ID: 656e4a0db69f65a7dd0f3e3c - Classification: Real news
2023-12-04 23:53:03,452 - INFO - R/F analysis completed for document Article ID: 656e4a39b69f65a7dd0f3e43 - Classification: Real news
2023-12-04 23:53:04,067 - INFO - R/F analysis completed for document Article ID: 656e4a3ab69f65a7dd0f3e44 - Classification: Real news
2023-12-04 23:53:04,519 - INFO - R/F analysis completed for document Article ID: 656e4a3ab69f65a7dd0f3e45 - Classification: Real news
2023-12-04 23:53:05,152 - INFO - R/F analysis completed for document Article ID: 656e4a3ab69f65a7dd0f3e46 - Classification: Real news
2023-12-04 23:53:05,492 - INFO - R/F analysis completed for document Article ID: 656e4a73b69f65a7dd0f3e4d - Classification: Real news
2023-12-04 23:53:05,795 - INFO - R/F analysis completed for document Article ID: 656e4a73b69f65a7dd0f3e4e - Classification: Real news
2023-12-04 23:53:06,001 - INFO - R/F analysis completed for document Article ID: 656e4a74b69f65a7dd0f3e4f - Classification: Real news
2023-12-04 23:53:06,332 - INFO - R/F analysis completed for document Article ID: 656e4a74b69f65a7dd0f3e50 - Classification: Fake news
2023-12-04 23:53:06,576 - INFO - R/F analysis completed for document Article ID: 656e4a74b69f65a7dd0f3e51 - Classification: Fake news
2023-12-04 23:53:06,844 - INFO - R/F analysis completed for document Article ID: 656e4aa6b69f65a7dd0f3e58 - Classification: Real news
2023-12-04 23:53:07,021 - INFO - R/F analysis completed for document Article ID: 656e4aa6b69f65a7dd0f3e59 - Classification: Real news
2023-12-04 23:53:07,429 - INFO - R/F analysis completed for document Article ID: 656e4aa7b69f65a7dd0f3e5a - Classification: Real news
2023-12-04 23:53:07,600 - INFO - R/F analysis completed for document Article ID: 656e4aa7b69f65a7dd0f3e5b - Classification: Real news
2023-12-04 23:53:07,850 - INFO - R/F analysis completed for document Article ID: 656e4aa7b69f65a7dd0f3e5c - Classification: Real news
2023-12-04 23:53:08,088 - INFO - R/F analysis completed for document Article ID: 656e4aceb69f65a7dd0f3e63 - Classification: Fake news
2023-12-04 23:53:08,316 - INFO - R/F analysis completed for document Article ID: 656e4aceb69f65a7dd0f3e64 - Classification: Real news
2023-12-04 23:53:08,568 - INFO - R/F analysis completed for document Article ID: 656e4acfb69f65a7dd0f3e65 - Classification: Real news
2023-12-04 23:53:08,781 - INFO - R/F analysis completed for document Article ID: 656e4acfb69f65a7dd0f3e66 - Classification: Real news
2023-12-04 23:53:08,953 - INFO - R/F analysis completed for document Article ID: 656e4b04b69f65a7dd0f3e6d - Classification: Real news
2023-12-04 23:53:09,136 - INFO - R/F analysis completed for document Article ID: 656e4b04b69f65a7dd0f3e6e - Classification: Real news
2023-12-04 23:53:09,328 - INFO - R/F analysis completed for document Article ID: 656e4b04b69f65a7dd0f3e6f - Classification: Real news
2023-12-04 23:53:09,700 - INFO - R/F analysis completed for document Article ID: 656e4b04b69f65a7dd0f3e70 - Classification: Real news
2023-12-04 23:53:09,876 - INFO - R/F analysis completed for document Article ID: 656e4b05b69f65a7dd0f3e71 - Classification: Real news
2023-12-04 23:53:10,055 - INFO - R/F analysis completed for document Article ID: 656e4b35b69f65a7dd0f3e78 - Classification: Fake news
2023-12-04 23:53:10,223 - INFO - R/F analysis completed for document Article ID: 656e4b35b69f65a7dd0f3e79 - Classification: Real news
2023-12-04 23:53:10,463 - INFO - R/F analysis completed for document Article ID: 656e4b35b69f65a7dd0f3e7a - Classification: Real news
2023-12-04 23:53:10,780 - INFO - R/F analysis completed for document Article ID: 656e4b35b69f65a7dd0f3e7b - Classification: Fake news
2023-12-04 23:53:10,920 - INFO - R/F analysis completed for document Article ID: 656e4b36b69f65a7dd0f3e7c - Classification: Real news
2023-12-04 23:53:11,104 - INFO - R/F analysis completed for document Article ID: 656e4b65b69f65a7dd0f3e83 - Classification: Real news
2023-12-04 23:53:11,275 - INFO - R/F analysis completed for document Article ID: 656e4b66b69f65a7dd0f3e84 - Classification: Real news
2023-12-04 23:53:11,489 - INFO - R/F analysis completed for document Article ID: 656e4b66b69f65a7dd0f3e85 - Classification: Real news
2023-12-04 23:53:11,899 - INFO - R/F analysis completed for document Article ID: 656e4b67b69f65a7dd0f3e86 - Classification: Real news
2023-12-04 23:53:12,482 - INFO - R/F analysis completed for document Article ID: 656e4b68b69f65a7dd0f3e87 - Classification: Real news
2023-12-04 23:53:13,040 - INFO - R/F analysis completed for document Article ID: 656e4b9fb69f65a7dd0f3e8e - Classification: Real news
2023-12-04 23:53:13,301 - INFO - R/F analysis completed for document Article ID: 656e4b9fb69f65a7dd0f3e8f - Classification: Real news
2023-12-04 23:53:13,746 - INFO - R/F analysis completed for document Article ID: 656e4b9fb69f65a7dd0f3e90 - Classification: Real news
2023-12-04 23:53:14,298 - INFO - R/F analysis completed for document Article ID: 656e4ba0b69f65a7dd0f3e91 - Classification: Fake news
2023-12-04 23:53:14,473 - INFO - R/F analysis completed for document Article ID: 656e4ba0b69f65a7dd0f3e92 - Classification: Real news
2023-12-04 23:53:14,710 - INFO - R/F analysis completed for document Article ID: 656e4bccb69f65a7dd0f3e99 - Classification: Real news
2023-12-04 23:53:14,900 - INFO - R/F analysis completed for document Article ID: 656e4bccb69f65a7dd0f3e9a - Classification: Fake news
2023-12-04 23:53:15,148 - INFO - R/F analysis completed for document Article ID: 656e4bccb69f65a7dd0f3e9b - Classification: Real news
2023-12-04 23:53:15,313 - INFO - R/F analysis completed for document Article ID: 656e4d52c29059a0c7a00f34 - Classification: Fake news
2023-12-04 23:53:15,894 - INFO - R/F analysis completed for document Article ID: 656e4d53c29059a0c7a00f35 - Classification: Real news
2023-12-04 23:53:16,186 - INFO - R/F analysis completed for document Article ID: 656e4d53c29059a0c7a00f36 - Classification: Real news
2023-12-04 23:53:16,563 - INFO - R/F analysis completed for document Article ID: 656e4d53c29059a0c7a00f37 - Classification: Real news
2023-12-04 23:53:16,701 - INFO - R/F analysis completed for document Article ID: 656e4d53c29059a0c7a00f38 - Classification: Real news
2023-12-04 23:53:16,888 - INFO - R/F analysis completed for document Article ID: 656e4d78c29059a0c7a00f3f - Classification: Real news
2023-12-04 23:53:17,058 - INFO - R/F analysis completed for document Article ID: 656e4d79c29059a0c7a00f40 - Classification: Real news
2023-12-04 23:53:17,233 - INFO - R/F analysis completed for document Article ID: 656e4d79c29059a0c7a00f41 - Classification: Fake news
2023-12-04 23:53:17,384 - INFO - R/F analysis completed for document Article ID: 656e4d79c29059a0c7a00f42 - Classification: Real news
2023-12-04 23:53:17,887 - INFO - R/F analysis completed for document Article ID: 656e4d79c29059a0c7a00f43 - Classification: Real news
2023-12-04 23:53:18,233 - INFO - R/F analysis completed for document Article ID: 656e4d9fc29059a0c7a00f4a - Classification: Real news
2023-12-04 23:53:18,434 - INFO - R/F analysis completed for document Article ID: 656e4da0c29059a0c7a00f4b - Classification: Real news
2023-12-04 23:53:18,645 - INFO - R/F analysis completed for document Article ID: 656e4da0c29059a0c7a00f4c - Classification: Real news
2023-12-04 23:53:19,129 - INFO - R/F analysis completed for document Article ID: 656e4da0c29059a0c7a00f4d - Classification: Real news
2023-12-04 23:53:19,684 - INFO - R/F analysis completed for document Article ID: 656e4da0c29059a0c7a00f4e - Classification: Fake news
2023-12-04 23:53:20,705 - INFO - R/F analysis completed for document Article ID: 656e4dc2c29059a0c7a00f55 - Classification: Real news
2023-12-04 23:53:21,332 - INFO - R/F analysis completed for document Article ID: 656e4dc2c29059a0c7a00f56 - Classification: Real news
2023-12-04 23:53:22,203 - INFO - R/F analysis completed for document Article ID: 656e4dc3c29059a0c7a00f57 - Classification: Real news
2023-12-04 23:53:22,780 - INFO - R/F analysis completed for document Article ID: 656e4dc3c29059a0c7a00f58 - Classification: Real news
2023-12-04 23:53:22,960 - INFO - R/F analysis completed for document Article ID: 656e4dc3c29059a0c7a00f59 - Classification: Fake news
2023-12-04 23:53:23,137 - INFO - R/F analysis completed for document Article ID: 656e4df4c29059a0c7a00f60 - Classification: Real news
2023-12-04 23:53:23,313 - INFO - R/F analysis completed for document Article ID: 656e4df4c29059a0c7a00f61 - Classification: Real news
2023-12-04 23:53:23,496 - INFO - R/F analysis completed for document Article ID: 656e4df5c29059a0c7a00f62 - Classification: Real news
2023-12-04 23:53:23,751 - INFO - R/F analysis completed for document Article ID: 656e4df5c29059a0c7a00f63 - Classification: Real news
2023-12-04 23:53:24,283 - INFO - R/F analysis completed for document Article ID: 656e4e14c29059a0c7a00f6a - Classification: Real news
2023-12-04 23:53:24,736 - INFO - R/F analysis completed for document Article ID: 656e4e14c29059a0c7a00f6b - Classification: Real news
2023-12-04 23:53:24,888 - INFO - R/F analysis completed for document Article ID: 656e4e14c29059a0c7a00f6c - Classification: Real news
2023-12-04 23:53:25,527 - INFO - R/F analysis completed for document Article ID: 656e4e3ec29059a0c7a00f73 - Classification: Real news
2023-12-04 23:53:25,816 - INFO - R/F analysis completed for document Article ID: 656e4e3ec29059a0c7a00f74 - Classification: Real news
2023-12-04 23:53:25,993 - INFO - R/F analysis completed for document Article ID: 656e4e3ec29059a0c7a00f75 - Classification: Real news
2023-12-04 23:53:26,292 - INFO - R/F analysis completed for document Article ID: 656e4e3ec29059a0c7a00f76 - Classification: Real news
2023-12-04 23:53:26,682 - INFO - R/F analysis completed for document Article ID: 656e4e6ac29059a0c7a00f7d - Classification: Real news
2023-12-04 23:53:26,902 - INFO - R/F analysis completed for document Article ID: 656e4e6ac29059a0c7a00f7e - Classification: Fake news
2023-12-04 23:53:27,135 - INFO - R/F analysis completed for document Article ID: 656e4e6ac29059a0c7a00f7f - Classification: Real news
2023-12-04 23:53:27,508 - INFO - R/F analysis completed for document Article ID: 656e4e6ac29059a0c7a00f80 - Classification: Real news
2023-12-04 23:53:28,074 - INFO - R/F analysis completed for document Article ID: 656e4e99c29059a0c7a00f87 - Classification: Real news
2023-12-04 23:53:28,252 - INFO - R/F analysis completed for document Article ID: 656e4e9ac29059a0c7a00f88 - Classification: Fake news
2023-12-04 23:53:28,546 - INFO - R/F analysis completed for document Article ID: 656e4e9ac29059a0c7a00f89 - Classification: Real news
2023-12-04 23:53:28,727 - INFO - R/F analysis completed for document Article ID: 656e4e9ac29059a0c7a00f8a - Classification: Real news
2023-12-04 23:53:28,928 - INFO - R/F analysis completed for document Article ID: 656e4ecdc29059a0c7a00f91 - Classification: Real news
2023-12-04 23:53:29,281 - INFO - R/F analysis completed for document Article ID: 656e4ecdc29059a0c7a00f92 - Classification: Real news
2023-12-04 23:53:29,662 - INFO - R/F analysis completed for document Article ID: 656e4ecdc29059a0c7a00f93 - Classification: Real news
2023-12-04 23:53:29,834 - INFO - R/F analysis completed for document Article ID: 656e4ef7c29059a0c7a00f9a - Classification: Real news
2023-12-04 23:53:30,242 - INFO - R/F analysis completed for document Article ID: 656e4ef8c29059a0c7a00f9b - Classification: Real news
2023-12-04 23:53:30,720 - INFO - R/F analysis completed for document Article ID: 656e4ef8c29059a0c7a00f9c - Classification: Real news
2023-12-04 23:53:30,875 - INFO - R/F analysis completed for document Article ID: 656e4ef8c29059a0c7a00f9d - Classification: Real news
2023-12-04 23:53:31,016 - INFO - R/F analysis completed for document Article ID: 656e4f21c29059a0c7a00fa4 - Classification: Real news
2023-12-04 23:53:31,224 - INFO - R/F analysis completed for document Article ID: 656e4f22c29059a0c7a00fa5 - Classification: Real news
2023-12-04 23:53:31,402 - INFO - R/F analysis completed for document Article ID: 656e4f22c29059a0c7a00fa6 - Classification: Real news
2023-12-04 23:53:31,771 - INFO - R/F analysis completed for document Article ID: 656e4f22c29059a0c7a00fa7 - Classification: Real news
2023-12-04 23:53:31,979 - INFO - R/F analysis completed for document Article ID: 656e4f4ec29059a0c7a00fae - Classification: Fake news
2023-12-04 23:53:32,158 - INFO - R/F analysis completed for document Article ID: 656e4f4ec29059a0c7a00faf - Classification: Fake news
2023-12-04 23:53:32,326 - INFO - R/F analysis completed for document Article ID: 656e4f4fc29059a0c7a00fb0 - Classification: Real news
2023-12-04 23:53:32,507 - INFO - R/F analysis completed for document Article ID: 656e4f4fc29059a0c7a00fb1 - Classification: Fake news
2023-12-04 23:53:32,767 - INFO - R/F analysis completed for document Article ID: 656e4f4fc29059a0c7a00fb2 - Classification: Fake news
2023-12-04 23:53:32,999 - INFO - R/F analysis completed for document Article ID: 656e4f89c29059a0c7a00fb9 - Classification: Real news
2023-12-04 23:53:33,224 - INFO - R/F analysis completed for document Article ID: 656e4f89c29059a0c7a00fba - Classification: Real news
2023-12-04 23:53:33,578 - INFO - R/F analysis completed for document Article ID: 656e4f8ac29059a0c7a00fbb - Classification: Fake news
2023-12-04 23:53:33,932 - INFO - R/F analysis completed for document Article ID: 656e4f8ac29059a0c7a00fbc - Classification: Fake news
2023-12-04 23:53:34,382 - INFO - R/F analysis completed for document Article ID: 656e4fcec29059a0c7a00fc3 - Classification: Real news
2023-12-04 23:53:35,012 - INFO - R/F analysis completed for document Article ID: 656e4fcec29059a0c7a00fc4 - Classification: Real news
2023-12-04 23:53:35,721 - INFO - R/F analysis completed for document Article ID: 656e4fcec29059a0c7a00fc5 - Classification: Real news
2023-12-04 23:53:36,445 - INFO - R/F analysis completed for document Article ID: 656e4fcfc29059a0c7a00fc6 - Classification: Real news
2023-12-04 23:53:36,705 - INFO - R/F analysis completed for document Article ID: 656e4ff6c29059a0c7a00fcd - Classification: Real news
2023-12-04 23:53:36,977 - INFO - R/F analysis completed for document Article ID: 656e4ff6c29059a0c7a00fce - Classification: Real news
2023-12-04 23:53:37,345 - INFO - R/F analysis completed for document Article ID: 656e4ff6c29059a0c7a00fcf - Classification: Real news
2023-12-04 23:53:37,798 - INFO - R/F analysis completed for document Article ID: 656e4ff6c29059a0c7a00fd0 - Classification: Fake news
2023-12-04 23:53:38,083 - INFO - R/F analysis completed for document Article ID: 656e4ff7c29059a0c7a00fd1 - Classification: Real news
2023-12-04 23:53:38,664 - INFO - R/F analysis completed for document Article ID: 656e502bc29059a0c7a00fd8 - Classification: Fake news
2023-12-04 23:53:38,896 - INFO - R/F analysis completed for document Article ID: 656e502bc29059a0c7a00fd9 - Classification: Fake news
2023-12-04 23:53:39,266 - INFO - R/F analysis completed for document Article ID: 656e502bc29059a0c7a00fda - Classification: Real news
2023-12-04 23:53:39,534 - INFO - R/F analysis completed for document Article ID: 656e502bc29059a0c7a00fdb - Classification: Real news
2023-12-04 23:53:40,006 - INFO - R/F analysis completed for document Article ID: 656e502cc29059a0c7a00fdc - Classification: Real news
2023-12-04 23:53:40,281 - INFO - R/F analysis completed for document Article ID: 656e5063c29059a0c7a00fe3 - Classification: Real news
2023-12-04 23:53:40,940 - INFO - R/F analysis completed for document Article ID: 656e5063c29059a0c7a00fe4 - Classification: Real news
2023-12-04 23:53:41,459 - INFO - R/F analysis completed for document Article ID: 656e50a2c29059a0c7a00feb - Classification: Real news
2023-12-04 23:53:41,864 - INFO - R/F analysis completed for document Article ID: 656e50a2c29059a0c7a00fec - Classification: Real news
2023-12-04 23:53:42,042 - INFO - R/F analysis completed for document Article ID: 656e50a2c29059a0c7a00fed - Classification: Fake news
2023-12-04 23:53:42,465 - INFO - R/F analysis completed for document Article ID: 656e50a3c29059a0c7a00fee - Classification: Real news
2023-12-04 23:53:42,795 - INFO - R/F analysis completed for document Article ID: 656e50a3c29059a0c7a00fef - Classification: Fake news
2023-12-04 23:53:43,120 - INFO - R/F analysis completed for document Article ID: 656e50d4c29059a0c7a00ff6 - Classification: Real news
2023-12-04 23:53:43,377 - INFO - R/F analysis completed for document Article ID: 656e50d4c29059a0c7a00ff7 - Classification: Real news
2023-12-04 23:53:43,529 - INFO - R/F analysis completed for document Article ID: 656e50d4c29059a0c7a00ff8 - Classification: Fake news
2023-12-04 23:53:43,724 - INFO - R/F analysis completed for document Article ID: 656e50d5c29059a0c7a00ff9 - Classification: Fake news
2023-12-04 23:53:44,042 - INFO - R/F analysis completed for document Article ID: 656e5105c29059a0c7a01000 - Classification: Real news
2023-12-04 23:53:44,313 - INFO - R/F analysis completed for document Article ID: 656e5105c29059a0c7a01001 - Classification: Real news
2023-12-04 23:53:44,930 - INFO - R/F analysis completed for document Article ID: 656e5105c29059a0c7a01002 - Classification: Fake news
2023-12-04 23:53:45,663 - INFO - R/F analysis completed for document Article ID: 656e5133c29059a0c7a01009 - Classification: Real news
2023-12-04 23:53:46,605 - INFO - R/F analysis completed for document Article ID: 656e5133c29059a0c7a0100a - Classification: Real news
2023-12-04 23:53:47,107 - INFO - R/F analysis completed for document Article ID: 656e5134c29059a0c7a0100b - Classification: Real news
2023-12-04 23:53:47,372 - INFO - R/F analysis completed for document Article ID: 656e5134c29059a0c7a0100c - Classification: Real news
2023-12-04 23:53:47,584 - INFO - R/F analysis completed for document Article ID: 656e5164c29059a0c7a01013 - Classification: Real news
2023-12-04 23:53:47,801 - INFO - R/F analysis completed for document Article ID: 656e5164c29059a0c7a01014 - Classification: Real news
2023-12-04 23:53:48,037 - INFO - R/F analysis completed for document Article ID: 656e5164c29059a0c7a01015 - Classification: Real news
2023-12-04 23:53:48,467 - INFO - R/F analysis completed for document Article ID: 656e5164c29059a0c7a01016 - Classification: Fake news
2023-12-04 23:53:48,601 - INFO - R/F analysis completed for document Article ID: 656e5165c29059a0c7a01017 - Classification: Real news
2023-12-04 23:53:48,804 - INFO - R/F analysis completed for document Article ID: 656e519dc29059a0c7a0101e - Classification: Real news
