2023-12-03 20:53:34,182 - INFO - === Script execution START (ESG9 Classification) at: 2023-12-03 20:53:34.182247 ===
2023-12-03 20:53:42,632 - INFO - FinBERT-ESG classification completed for document 656b0f1656b3a036308cce22. Label: Business Ethics & Values, Score: 0.7878817915916443
2023-12-03 20:53:43,298 - INFO - FinBERT-ESG classification completed for document 656b0f1756b3a036308cce23. Label: Business Ethics & Values, Score: 0.6233101487159729
2023-12-03 20:53:43,925 - INFO - FinBERT-ESG classification completed for document 656b0f1756b3a036308cce24. Label: Human Capital, Score: 0.8650907874107361
2023-12-03 20:53:44,747 - INFO - FinBERT-ESG classification completed for document 656b0f1856b3a036308cce25. Label: Community Relations, Score: 0.43928539752960205
2023-12-03 20:53:45,355 - INFO - FinBERT-ESG classification completed for document 656b0f1856b3a036308cce26. Label: Community Relations, Score: 0.39870452880859375
2023-12-03 20:53:45,974 - INFO - FinBERT-ESG classification completed for document 656b0f1856b3a036308cce27. Label: Community Relations, Score: 0.9446324110031128
2023-12-03 20:53:46,683 - INFO - FinBERT-ESG classification completed for document 656b0f1956b3a036308cce28. Label: Community Relations, Score: 0.9092589020729065
2023-12-03 20:53:47,503 - INFO - FinBERT-ESG classification completed for document 656b0f1956b3a036308cce29. Label: Business Ethics & Values, Score: 0.9438543915748596
2023-12-03 20:53:48,226 - INFO - FinBERT-ESG classification completed for document 656b0f1956b3a036308cce2a. Label: Product Liability, Score: 0.32925179600715637
2023-12-03 20:53:48,734 - INFO - FinBERT-ESG classification completed for document 656b0f1a56b3a036308cce2b. Label: Pollution & Waste, Score: 0.8215964436531067
2023-12-03 20:53:49,442 - INFO - FinBERT-ESG classification completed for document 656b0f5756b3a036308cce37. Label: Product Liability, Score: 0.32736828923225403
2023-12-03 20:53:50,125 - INFO - FinBERT-ESG classification completed for document 656b0f5756b3a036308cce38. Label: Business Ethics & Values, Score: 0.6197620034217834
2023-12-03 20:53:50,812 - INFO - FinBERT-ESG classification completed for document 656b0f5856b3a036308cce39. Label: Business Ethics & Values, Score: 0.836952269077301
2023-12-03 20:53:51,601 - INFO - FinBERT-ESG classification completed for document 656b0f5856b3a036308cce3a. Label: Human Capital, Score: 0.6978745460510254
2023-12-03 20:53:52,257 - INFO - FinBERT-ESG classification completed for document 656b0f5856b3a036308cce3b. Label: Community Relations, Score: 0.551645040512085
2023-12-03 20:53:52,907 - INFO - FinBERT-ESG classification completed for document 656b0f5856b3a036308cce3c. Label: Climate Change, Score: 0.8603503704071045
2023-12-03 20:53:53,650 - INFO - FinBERT-ESG classification completed for document 656b0f5956b3a036308cce3d. Label: Community Relations, Score: 0.5571678876876831
2023-12-03 20:53:54,388 - INFO - FinBERT-ESG classification completed for document 656b0f5956b3a036308cce3e. Label: Business Ethics & Values, Score: 0.6798326969146729
2023-12-03 20:53:55,074 - INFO - FinBERT-ESG classification completed for document 656b0fa056b3a036308cce4a. Label: Business Ethics & Values, Score: 0.5030397176742554
2023-12-03 20:53:55,770 - INFO - FinBERT-ESG classification completed for document 656b0fa056b3a036308cce4b. Label: Business Ethics & Values, Score: 0.916301965713501
2023-12-03 20:53:56,572 - INFO - FinBERT-ESG classification completed for document 656b0fa056b3a036308cce4c. Label: Corporate Governance, Score: 0.8394491076469421
2023-12-03 20:53:57,330 - INFO - FinBERT-ESG classification completed for document 656b0fa056b3a036308cce4d. Label: Business Ethics & Values, Score: 0.9410164952278137
2023-12-03 20:53:57,949 - INFO - FinBERT-ESG classification completed for document 656b0fa156b3a036308cce4e. Label: Business Ethics & Values, Score: 0.9774056077003479
2023-12-03 20:53:58,714 - INFO - FinBERT-ESG classification completed for document 656b0fa156b3a036308cce4f. Label: Business Ethics & Values, Score: 0.6447433233261108
2023-12-03 20:53:59,525 - INFO - FinBERT-ESG classification completed for document 656b0fa156b3a036308cce50. Label: Business Ethics & Values, Score: 0.9088385701179504
2023-12-03 20:54:00,204 - INFO - FinBERT-ESG classification completed for document 656b0fa156b3a036308cce51. Label: Corporate Governance, Score: 0.4505174458026886
2023-12-03 20:54:00,951 - INFO - FinBERT-ESG classification completed for document 656b0fa256b3a036308cce52. Label: Business Ethics & Values, Score: 0.48758238554000854
2023-12-03 20:54:01,554 - INFO - FinBERT-ESG classification completed for document 656b0fe756b3a036308cce5e. Label: Community Relations, Score: 0.8878623843193054
2023-12-03 20:54:02,555 - INFO - FinBERT-ESG classification completed for document 656b0fe756b3a036308cce5f. Label: Corporate Governance, Score: 0.5645592212677002
2023-12-03 20:54:03,082 - INFO - FinBERT-ESG classification completed for document 656b0fe756b3a036308cce60. Label: Climate Change, Score: 0.9950429201126099
2023-12-03 20:54:03,752 - INFO - FinBERT-ESG classification completed for document 656b0fe756b3a036308cce61. Label: Business Ethics & Values, Score: 0.7288745045661926
2023-12-03 20:54:04,292 - INFO - FinBERT-ESG classification completed for document 656b0fe856b3a036308cce62. Label: Product Liability, Score: 0.7509296536445618
2023-12-03 20:54:04,668 - INFO - FinBERT-ESG classification completed for document 656b0fe856b3a036308cce63. Label: Non-ESG, Score: 0.8936874270439148
2023-12-03 20:54:05,360 - INFO - FinBERT-ESG classification completed for document 656b0fe856b3a036308cce64. Label: Business Ethics & Values, Score: 0.4898664355278015
2023-12-03 20:54:05,972 - INFO - FinBERT-ESG classification completed for document 656b0fe956b3a036308cce65. Label: Corporate Governance, Score: 0.9024701714515686
2023-12-03 20:54:06,685 - INFO - FinBERT-ESG classification completed for document 656b102c56b3a036308cce71. Label: Pollution & Waste, Score: 0.5301117300987244
2023-12-03 20:54:07,435 - INFO - FinBERT-ESG classification completed for document 656b102c56b3a036308cce72. Label: Human Capital, Score: 0.9842602610588074
2023-12-03 20:54:08,199 - INFO - FinBERT-ESG classification completed for document 656b102c56b3a036308cce73. Label: Product Liability, Score: 0.47224560379981995
2023-12-03 20:54:08,927 - INFO - FinBERT-ESG classification completed for document 656b102c56b3a036308cce74. Label: Pollution & Waste, Score: 0.9726826548576355
2023-12-03 20:54:09,574 - INFO - FinBERT-ESG classification completed for document 656b102c56b3a036308cce75. Label: Human Capital, Score: 0.9654503464698792
2023-12-03 20:54:10,255 - INFO - FinBERT-ESG classification completed for document 656b102d56b3a036308cce76. Label: Business Ethics & Values, Score: 0.6829841732978821
2023-12-03 20:54:11,102 - INFO - FinBERT-ESG classification completed for document 656b102d56b3a036308cce77. Label: Business Ethics & Values, Score: 0.8018978238105774
2023-12-03 20:54:11,412 - INFO - FinBERT-ESG classification completed for document 656b102d56b3a036308cce78. Label: Non-ESG, Score: 0.8936874270439148
2023-12-03 20:54:12,037 - INFO - FinBERT-ESG classification completed for document 656b102d56b3a036308cce79. Label: Community Relations, Score: 0.9400215148925781
2023-12-03 20:54:12,691 - INFO - FinBERT-ESG classification completed for document 656b107d56b3a036308cce85. Label: Pollution & Waste, Score: 0.9398370981216431
2023-12-03 20:54:13,427 - INFO - FinBERT-ESG classification completed for document 656b107d56b3a036308cce86. Label: Corporate Governance, Score: 0.7518543601036072
2023-12-03 20:54:14,182 - INFO - FinBERT-ESG classification completed for document 656b107e56b3a036308cce87. Label: Business Ethics & Values, Score: 0.9748938679695129
2023-12-03 20:54:14,767 - INFO - FinBERT-ESG classification completed for document 656b107e56b3a036308cce88. Label: Business Ethics & Values, Score: 0.7942736744880676
2023-12-03 20:54:15,559 - INFO - FinBERT-ESG classification completed for document 656b107e56b3a036308cce89. Label: Community Relations, Score: 0.7474385499954224
2023-12-03 20:54:16,333 - INFO - FinBERT-ESG classification completed for document 656b107e56b3a036308cce8a. Label: Business Ethics & Values, Score: 0.9614369869232178
2023-12-03 20:54:17,174 - INFO - FinBERT-ESG classification completed for document 656b107f56b3a036308cce8b. Label: Business Ethics & Values, Score: 0.9433399438858032
2023-12-03 20:54:17,928 - INFO - FinBERT-ESG classification completed for document 656b107f56b3a036308cce8c. Label: Business Ethics & Values, Score: 0.6441888213157654
2023-12-03 20:54:18,487 - INFO - FinBERT-ESG classification completed for document 656b107f56b3a036308cce8d. Label: Business Ethics & Values, Score: 0.950356125831604
2023-12-03 20:54:19,163 - INFO - FinBERT-ESG classification completed for document 656b107f56b3a036308cce8e. Label: Community Relations, Score: 0.7520027756690979
2023-12-03 20:54:19,681 - INFO - FinBERT-ESG classification completed for document 656b10c956b3a036308cce9a. Label: Corporate Governance, Score: 0.5113915205001831
2023-12-03 20:54:20,433 - INFO - FinBERT-ESG classification completed for document 656b10c956b3a036308cce9b. Label: Community Relations, Score: 0.37534016370773315
2023-12-03 20:54:21,212 - INFO - FinBERT-ESG classification completed for document 656b10c956b3a036308cce9c. Label: Business Ethics & Values, Score: 0.8428482413291931
2023-12-03 20:54:21,926 - INFO - FinBERT-ESG classification completed for document 656b10ca56b3a036308cce9d. Label: Corporate Governance, Score: 0.7532480359077454
2023-12-03 20:54:22,730 - INFO - FinBERT-ESG classification completed for document 656b10ca56b3a036308cce9e. Label: Product Liability, Score: 0.9618228077888489
2023-12-03 20:54:23,487 - INFO - FinBERT-ESG classification completed for document 656b10ca56b3a036308cce9f. Label: Product Liability, Score: 0.2520049214363098
2023-12-03 20:54:23,995 - INFO - FinBERT-ESG classification completed for document 656b10ca56b3a036308ccea0. Label: Community Relations, Score: 0.5168595910072327
2023-12-03 20:54:24,645 - INFO - FinBERT-ESG classification completed for document 656b10ca56b3a036308ccea1. Label: Business Ethics & Values, Score: 0.5408738851547241
2023-12-03 20:54:25,322 - INFO - FinBERT-ESG classification completed for document 656b111656b3a036308ccead. Label: Business Ethics & Values, Score: 0.974000096321106
2023-12-03 20:54:25,991 - INFO - FinBERT-ESG classification completed for document 656b111656b3a036308cceae. Label: Business Ethics & Values, Score: 0.9140915274620056
2023-12-03 20:54:26,678 - INFO - FinBERT-ESG classification completed for document 656b111656b3a036308cceaf. Label: Community Relations, Score: 0.8339688181877136
2023-12-03 20:54:27,428 - INFO - FinBERT-ESG classification completed for document 656b111656b3a036308cceb0. Label: Business Ethics & Values, Score: 0.9061981439590454
2023-12-03 20:54:28,044 - INFO - FinBERT-ESG classification completed for document 656b111656b3a036308cceb1. Label: Business Ethics & Values, Score: 0.8295332193374634
2023-12-03 20:54:28,664 - INFO - FinBERT-ESG classification completed for document 656b111756b3a036308cceb2. Label: Community Relations, Score: 0.5067015886306763
2023-12-03 20:54:29,042 - INFO - FinBERT-ESG classification completed for document 656b111756b3a036308cceb3. Label: Non-ESG, Score: 0.8936874270439148
2023-12-03 20:54:29,678 - INFO - FinBERT-ESG classification completed for document 656b111756b3a036308cceb4. Label: Business Ethics & Values, Score: 0.9316136240959167
2023-12-03 20:54:30,626 - INFO - FinBERT-ESG classification completed for document 656b111756b3a036308cceb5. Label: Community Relations, Score: 0.8471301198005676
2023-12-03 20:54:31,350 - INFO - FinBERT-ESG classification completed for document 656b111756b3a036308cceb6. Label: Business Ethics & Values, Score: 0.878962516784668
2023-12-03 20:54:31,897 - INFO - FinBERT-ESG classification completed for document 656b116256b3a036308ccec2. Label: Product Liability, Score: 0.9181755781173706
2023-12-03 20:54:32,650 - INFO - FinBERT-ESG classification completed for document 656b116256b3a036308ccec3. Label: Product Liability, Score: 0.873245894908905
2023-12-03 20:54:33,186 - INFO - FinBERT-ESG classification completed for document 656b116256b3a036308ccec4. Label: Product Liability, Score: 0.8335950374603271
2023-12-03 20:54:33,697 - INFO - FinBERT-ESG classification completed for document 656b116256b3a036308ccec5. Label: Product Liability, Score: 0.6586583256721497
2023-12-03 20:54:34,372 - INFO - FinBERT-ESG classification completed for document 656b116356b3a036308ccec6. Label: Product Liability, Score: 0.9249069094657898
2023-12-03 20:54:34,993 - INFO - FinBERT-ESG classification completed for document 656b116356b3a036308ccec7. Label: Human Capital, Score: 0.9780398607254028
2023-12-03 20:54:35,628 - INFO - FinBERT-ESG classification completed for document 656b116356b3a036308ccec8. Label: Product Liability, Score: 0.8659977912902832
2023-12-03 20:54:36,093 - INFO - FinBERT-ESG classification completed for document 656b116456b3a036308ccec9. Label: Product Liability, Score: 0.879905104637146
2023-12-03 20:54:36,896 - INFO - FinBERT-ESG classification completed for document 656b11bb56b3a036308cced5. Label: Corporate Governance, Score: 0.7512061595916748
2023-12-03 20:54:37,663 - INFO - FinBERT-ESG classification completed for document 656b11bb56b3a036308cced6. Label: Natural Capital, Score: 0.981747567653656
2023-12-03 20:54:38,431 - INFO - FinBERT-ESG classification completed for document 656b11bb56b3a036308cced7. Label: Corporate Governance, Score: 0.991148829460144
2023-12-03 20:54:39,338 - INFO - FinBERT-ESG classification completed for document 656b11bc56b3a036308cced8. Label: Human Capital, Score: 0.5925682783126831
2023-12-03 20:54:40,131 - INFO - FinBERT-ESG classification completed for document 656b11bc56b3a036308cced9. Label: Human Capital, Score: 0.40337881445884705
2023-12-03 20:54:40,883 - INFO - FinBERT-ESG classification completed for document 656b11bc56b3a036308cceda. Label: Community Relations, Score: 0.464500367641449
2023-12-03 20:54:41,551 - INFO - FinBERT-ESG classification completed for document 656b11bc56b3a036308ccedb. Label: Community Relations, Score: 0.455390989780426
2023-12-03 20:54:42,593 - INFO - FinBERT-ESG classification completed for document 656b120d56b3a036308ccee7. Label: Community Relations, Score: 0.2872895300388336
2023-12-03 20:54:43,313 - INFO - FinBERT-ESG classification completed for document 656b120e56b3a036308ccee8. Label: Business Ethics & Values, Score: 0.798555314540863
2023-12-03 20:54:44,053 - INFO - FinBERT-ESG classification completed for document 656b120e56b3a036308ccee9. Label: Business Ethics & Values, Score: 0.7247500419616699
2023-12-03 20:54:44,558 - INFO - FinBERT-ESG classification completed for document 656b120e56b3a036308cceea. Label: Product Liability, Score: 0.606602668762207
2023-12-03 20:54:45,021 - INFO - FinBERT-ESG classification completed for document 656b120e56b3a036308cceeb. Label: Human Capital, Score: 0.785525381565094
2023-12-03 20:54:45,673 - INFO - FinBERT-ESG classification completed for document 656b120e56b3a036308cceec. Label: Business Ethics & Values, Score: 0.9721090793609619
2023-12-03 20:54:46,347 - INFO - FinBERT-ESG classification completed for document 656b120f56b3a036308cceed. Label: Human Capital, Score: 0.9477134346961975
2023-12-03 20:54:46,954 - INFO - FinBERT-ESG classification completed for document 656b120f56b3a036308cceee. Label: Community Relations, Score: 0.4337065815925598
2023-12-03 20:54:47,599 - INFO - FinBERT-ESG classification completed for document 656b120f56b3a036308cceef. Label: Business Ethics & Values, Score: 0.6025899648666382
2023-12-03 20:54:48,245 - INFO - FinBERT-ESG classification completed for document 656b125a56b3a036308ccefb. Label: Business Ethics & Values, Score: 0.8008179664611816
2023-12-03 20:54:48,950 - INFO - FinBERT-ESG classification completed for document 656b125a56b3a036308ccefc. Label: Business Ethics & Values, Score: 0.9123420119285583
2023-12-03 20:54:49,787 - INFO - FinBERT-ESG classification completed for document 656b125a56b3a036308ccefd. Label: Community Relations, Score: 0.9811041355133057
2023-12-03 20:54:50,482 - INFO - FinBERT-ESG classification completed for document 656b125a56b3a036308ccefe. Label: Community Relations, Score: 0.49450233578681946
2023-12-03 20:54:51,325 - INFO - FinBERT-ESG classification completed for document 656b125b56b3a036308cceff. Label: Community Relations, Score: 0.9444705247879028
2023-12-03 20:54:55,838 - INFO - FinBERT-ESG classification completed for document 656b125b56b3a036308ccf00. Label: Community Relations, Score: 0.9034462571144104
2023-12-03 20:54:56,506 - INFO - FinBERT-ESG classification completed for document 656b125b56b3a036308ccf01. Label: Community Relations, Score: 0.9891620874404907
2023-12-03 20:54:57,401 - INFO - FinBERT-ESG classification completed for document 656b125b56b3a036308ccf02. Label: Community Relations, Score: 0.7802323698997498
2023-12-03 20:54:58,070 - INFO - FinBERT-ESG classification completed for document 656b125c56b3a036308ccf03. Label: Corporate Governance, Score: 0.5987334847450256
2023-12-03 20:54:58,742 - INFO - FinBERT-ESG classification completed for document 656b129e56b3a036308ccf0f. Label: Business Ethics & Values, Score: 0.7492637634277344
2023-12-03 20:54:59,554 - INFO - FinBERT-ESG classification completed for document 656b129e56b3a036308ccf10. Label: Business Ethics & Values, Score: 0.7699103951454163
2023-12-03 20:55:00,199 - INFO - FinBERT-ESG classification completed for document 656b129f56b3a036308ccf11. Label: Community Relations, Score: 0.5515286326408386
2023-12-03 20:55:01,102 - INFO - FinBERT-ESG classification completed for document 656b129f56b3a036308ccf12. Label: Business Ethics & Values, Score: 0.9422382712364197
2023-12-03 20:55:01,977 - INFO - FinBERT-ESG classification completed for document 656b129f56b3a036308ccf13. Label: Community Relations, Score: 0.4750950038433075
2023-12-03 20:55:02,648 - INFO - FinBERT-ESG classification completed for document 656b129f56b3a036308ccf14. Label: Business Ethics & Values, Score: 0.49148029088974
2023-12-03 20:55:03,403 - INFO - FinBERT-ESG classification completed for document 656b12a056b3a036308ccf15. Label: Business Ethics & Values, Score: 0.7059033513069153
2023-12-03 20:55:04,110 - INFO - FinBERT-ESG classification completed for document 656b12a056b3a036308ccf16. Label: Corporate Governance, Score: 0.9473758935928345
2023-12-03 20:55:04,763 - INFO - FinBERT-ESG classification completed for document 656b12e156b3a036308ccf22. Label: Business Ethics & Values, Score: 0.3581910729408264
2023-12-03 20:55:05,451 - INFO - FinBERT-ESG classification completed for document 656b12e156b3a036308ccf23. Label: Community Relations, Score: 0.5238175392150879
2023-12-03 20:55:06,081 - INFO - FinBERT-ESG classification completed for document 656b12e256b3a036308ccf24. Label: Community Relations, Score: 0.9427810907363892
2023-12-03 20:55:06,822 - INFO - FinBERT-ESG classification completed for document 656b12e256b3a036308ccf25. Label: Community Relations, Score: 0.8419823050498962
2023-12-03 20:55:07,907 - INFO - FinBERT-ESG classification completed for document 656b12e256b3a036308ccf26. Label: Product Liability, Score: 0.37353840470314026
2023-12-03 20:55:08,598 - INFO - FinBERT-ESG classification completed for document 656b12e256b3a036308ccf27. Label: Community Relations, Score: 0.9185715913772583
2023-12-03 20:55:09,379 - INFO - FinBERT-ESG classification completed for document 656b12e356b3a036308ccf28. Label: Community Relations, Score: 0.5322075486183167
2023-12-03 20:55:10,151 - INFO - FinBERT-ESG classification completed for document 656b12e356b3a036308ccf29. Label: Community Relations, Score: 0.8621593713760376
2023-12-03 20:55:10,843 - INFO - FinBERT-ESG classification completed for document 656b133b56b3a036308ccf35. Label: Business Ethics & Values, Score: 0.8975645899772644
2023-12-03 20:55:11,379 - INFO - FinBERT-ESG classification completed for document 656b133b56b3a036308ccf36. Label: Business Ethics & Values, Score: 0.9155393242835999
2023-12-03 20:55:12,178 - INFO - FinBERT-ESG classification completed for document 656b133b56b3a036308ccf37. Label: Human Capital, Score: 0.5772093534469604
2023-12-03 20:55:12,873 - INFO - FinBERT-ESG classification completed for document 656b133c56b3a036308ccf38. Label: Community Relations, Score: 0.8741235733032227
2023-12-03 20:55:13,731 - INFO - FinBERT-ESG classification completed for document 656b133c56b3a036308ccf39. Label: Community Relations, Score: 0.7350038290023804
2023-12-03 20:55:14,454 - INFO - FinBERT-ESG classification completed for document 656b133c56b3a036308ccf3a. Label: Business Ethics & Values, Score: 0.5242587924003601
2023-12-03 20:55:14,945 - INFO - FinBERT-ESG classification completed for document 656b133c56b3a036308ccf3b. Label: Community Relations, Score: 0.9788859486579895
2023-12-03 20:55:15,570 - INFO - FinBERT-ESG classification completed for document 656b133d56b3a036308ccf3c. Label: Community Relations, Score: 0.569578230381012
2023-12-03 20:55:16,430 - INFO - FinBERT-ESG classification completed for document 656b133d56b3a036308ccf3d. Label: Business Ethics & Values, Score: 0.5742105841636658
2023-12-03 20:55:17,233 - INFO - FinBERT-ESG classification completed for document 656b139256b3a036308ccf49. Label: Community Relations, Score: 0.5971781015396118
2023-12-03 20:55:17,805 - INFO - FinBERT-ESG classification completed for document 656b139256b3a036308ccf4a. Label: Business Ethics & Values, Score: 0.6302099227905273
2023-12-03 20:55:18,493 - INFO - FinBERT-ESG classification completed for document 656b139356b3a036308ccf4b. Label: Business Ethics & Values, Score: 0.6266347169876099
2023-12-03 20:55:19,211 - INFO - FinBERT-ESG classification completed for document 656b139356b3a036308ccf4c. Label: Community Relations, Score: 0.8465792536735535
2023-12-03 20:55:19,822 - INFO - FinBERT-ESG classification completed for document 656b139356b3a036308ccf4d. Label: Community Relations, Score: 0.5604317784309387
2023-12-03 20:55:20,713 - INFO - FinBERT-ESG classification completed for document 656b139356b3a036308ccf4e. Label: Community Relations, Score: 0.8678538799285889
2023-12-03 20:55:21,456 - INFO - FinBERT-ESG classification completed for document 656b139356b3a036308ccf4f. Label: Business Ethics & Values, Score: 0.7837656736373901
2023-12-03 20:55:22,076 - INFO - FinBERT-ESG classification completed for document 656b139456b3a036308ccf50. Label: Natural Capital, Score: 0.8867371678352356
2023-12-03 20:55:22,867 - INFO - FinBERT-ESG classification completed for document 656b139456b3a036308ccf51. Label: Community Relations, Score: 0.9290517568588257
2023-12-03 20:55:23,646 - INFO - FinBERT-ESG classification completed for document 656b139456b3a036308ccf52. Label: Business Ethics & Values, Score: 0.47580161690711975
2023-12-03 20:55:24,272 - INFO - FinBERT-ESG classification completed for document 656b13f156b3a036308ccf5e. Label: Human Capital, Score: 0.8144853711128235
2023-12-03 20:55:25,013 - INFO - FinBERT-ESG classification completed for document 656b13f156b3a036308ccf5f. Label: Community Relations, Score: 0.982651948928833
2023-12-03 20:55:25,648 - INFO - FinBERT-ESG classification completed for document 656b13f256b3a036308ccf60. Label: Community Relations, Score: 0.6565138697624207
2023-12-03 20:55:26,190 - INFO - FinBERT-ESG classification completed for document 656b13f256b3a036308ccf61. Label: Community Relations, Score: 0.6364508867263794
2023-12-03 20:55:26,902 - INFO - FinBERT-ESG classification completed for document 656b13f256b3a036308ccf62. Label: Corporate Governance, Score: 0.6501571536064148
2023-12-03 20:55:27,742 - INFO - FinBERT-ESG classification completed for document 656b13f256b3a036308ccf63. Label: Corporate Governance, Score: 0.893977165222168
2023-12-03 20:55:28,750 - INFO - FinBERT-ESG classification completed for document 656b13f356b3a036308ccf64. Label: Community Relations, Score: 0.6596361398696899
2023-12-03 20:55:29,609 - INFO - FinBERT-ESG classification completed for document 656b13f356b3a036308ccf65. Label: Community Relations, Score: 0.8407880663871765
2023-12-03 20:55:30,281 - INFO - FinBERT-ESG classification completed for document 656b13f356b3a036308ccf66. Label: Community Relations, Score: 0.8052102327346802
2023-12-03 20:55:30,962 - INFO - FinBERT-ESG classification completed for document 656b13f356b3a036308ccf67. Label: Human Capital, Score: 0.9578902721405029
2023-12-03 20:55:31,551 - INFO - FinBERT-ESG classification completed for document 656b145756b3a036308ccf73. Label: Business Ethics & Values, Score: 0.3901200294494629
2023-12-03 20:55:32,149 - INFO - FinBERT-ESG classification completed for document 656b145756b3a036308ccf74. Label: Corporate Governance, Score: 0.8839470744132996
2023-12-03 20:55:32,941 - INFO - FinBERT-ESG classification completed for document 656b145756b3a036308ccf75. Label: Community Relations, Score: 0.5884850025177002
2023-12-03 20:55:33,444 - INFO - FinBERT-ESG classification completed for document 656b145756b3a036308ccf76. Label: Community Relations, Score: 0.7854116559028625
2023-12-03 20:55:33,918 - INFO - FinBERT-ESG classification completed for document 656b145856b3a036308ccf77. Label: Business Ethics & Values, Score: 0.9172530770301819
2023-12-03 20:55:34,714 - INFO - FinBERT-ESG classification completed for document 656b145856b3a036308ccf78. Label: Community Relations, Score: 0.6164714097976685
2023-12-03 20:55:35,327 - INFO - FinBERT-ESG classification completed for document 656b145856b3a036308ccf79. Label: Community Relations, Score: 0.8606421947479248
2023-12-03 20:55:36,053 - INFO - FinBERT-ESG classification completed for document 656b145956b3a036308ccf7a. Label: Business Ethics & Values, Score: 0.8198683857917786
2023-12-03 20:55:36,757 - INFO - FinBERT-ESG classification completed for document 656b145956b3a036308ccf7b. Label: Business Ethics & Values, Score: 0.6464091539382935
2023-12-03 20:55:37,549 - INFO - FinBERT-ESG classification completed for document 656b145956b3a036308ccf7c. Label: Climate Change, Score: 0.9073776006698608
2023-12-03 20:55:38,300 - INFO - FinBERT-ESG classification completed for document 656b14b556b3a036308ccf88. Label: Community Relations, Score: 0.4473901391029358
2023-12-03 20:55:38,999 - INFO - FinBERT-ESG classification completed for document 656b14b556b3a036308ccf89. Label: Business Ethics & Values, Score: 0.7112248539924622
2023-12-03 20:55:39,843 - INFO - FinBERT-ESG classification completed for document 656b14b656b3a036308ccf8a. Label: Business Ethics & Values, Score: 0.8765621781349182
2023-12-03 20:55:40,575 - INFO - FinBERT-ESG classification completed for document 656b14b656b3a036308ccf8b. Label: Business Ethics & Values, Score: 0.9558982253074646
2023-12-03 20:55:41,174 - INFO - FinBERT-ESG classification completed for document 656b14b656b3a036308ccf8c. Label: Human Capital, Score: 0.9716030359268188
2023-12-03 20:55:41,876 - INFO - FinBERT-ESG classification completed for document 656b14b656b3a036308ccf8d. Label: Community Relations, Score: 0.6065683960914612
2023-12-03 20:55:42,840 - INFO - FinBERT-ESG classification completed for document 656b14b656b3a036308ccf8e. Label: Corporate Governance, Score: 0.5000739693641663
2023-12-03 20:55:43,729 - INFO - FinBERT-ESG classification completed for document 656b14b756b3a036308ccf8f. Label: Business Ethics & Values, Score: 0.6672818064689636
2023-12-03 20:55:44,396 - INFO - FinBERT-ESG classification completed for document 656b14b756b3a036308ccf90. Label: Business Ethics & Values, Score: 0.8473280668258667
2023-12-03 20:55:45,066 - INFO - FinBERT-ESG classification completed for document 656b14b756b3a036308ccf91. Label: Business Ethics & Values, Score: 0.8223370313644409
2023-12-03 20:55:45,879 - INFO - FinBERT-ESG classification completed for document 656b151356b3a036308ccf9d. Label: Community Relations, Score: 0.8232126235961914
2023-12-03 20:55:46,517 - INFO - FinBERT-ESG classification completed for document 656b151356b3a036308ccf9e. Label: Corporate Governance, Score: 0.864229679107666
2023-12-03 20:55:47,241 - INFO - FinBERT-ESG classification completed for document 656b151356b3a036308ccf9f. Label: Business Ethics & Values, Score: 0.9618149995803833
2023-12-03 20:55:48,067 - INFO - FinBERT-ESG classification completed for document 656b151456b3a036308ccfa0. Label: Human Capital, Score: 0.9074416756629944
2023-12-03 20:55:48,761 - INFO - FinBERT-ESG classification completed for document 656b151456b3a036308ccfa1. Label: Corporate Governance, Score: 0.5816102027893066
2023-12-03 20:55:49,317 - INFO - FinBERT-ESG classification completed for document 656b151456b3a036308ccfa2. Label: Business Ethics & Values, Score: 0.46558907628059387
2023-12-03 20:55:50,006 - INFO - FinBERT-ESG classification completed for document 656b151456b3a036308ccfa3. Label: Community Relations, Score: 0.612377941608429
2023-12-03 20:55:50,753 - INFO - FinBERT-ESG classification completed for document 656b151556b3a036308ccfa4. Label: Corporate Governance, Score: 0.6419828534126282
2023-12-03 20:55:51,262 - INFO - FinBERT-ESG classification completed for document 656b159056b3a036308ccfb0. Label: Business Ethics & Values, Score: 0.7377547025680542
2023-12-03 20:55:51,722 - INFO - FinBERT-ESG classification completed for document 656b159056b3a036308ccfb1. Label: Human Capital, Score: 0.34583133459091187
2023-12-03 20:55:52,627 - INFO - FinBERT-ESG classification completed for document 656b159056b3a036308ccfb2. Label: Business Ethics & Values, Score: 0.868453323841095
2023-12-03 20:55:53,311 - INFO - FinBERT-ESG classification completed for document 656b159156b3a036308ccfb3. Label: Community Relations, Score: 0.9526724815368652
2023-12-03 20:55:54,014 - INFO - FinBERT-ESG classification completed for document 656b159156b3a036308ccfb4. Label: Human Capital, Score: 0.9921507835388184
2023-12-03 20:55:54,760 - INFO - FinBERT-ESG classification completed for document 656b159156b3a036308ccfb5. Label: Human Capital, Score: 0.815415620803833
2023-12-03 20:55:55,407 - INFO - FinBERT-ESG classification completed for document 656b159256b3a036308ccfb6. Label: Business Ethics & Values, Score: 0.9837835431098938
2023-12-03 20:55:56,205 - INFO - FinBERT-ESG classification completed for document 656b159256b3a036308ccfb7. Label: Community Relations, Score: 0.5353891849517822
2023-12-03 20:55:56,902 - INFO - FinBERT-ESG classification completed for document 656b159256b3a036308ccfb8. Label: Business Ethics & Values, Score: 0.46168068051338196
2023-12-03 20:55:57,630 - INFO - FinBERT-ESG classification completed for document 656b159356b3a036308ccfb9. Label: Community Relations, Score: 0.9799575209617615
2023-12-03 20:55:58,291 - INFO - FinBERT-ESG classification completed for document 656b160b56b3a036308ccfc5. Label: Climate Change, Score: 0.8003159761428833
2023-12-03 20:55:59,133 - INFO - FinBERT-ESG classification completed for document 656b160b56b3a036308ccfc6. Label: Human Capital, Score: 0.5274951457977295
2023-12-03 20:55:59,914 - INFO - FinBERT-ESG classification completed for document 656b160c56b3a036308ccfc7. Label: Business Ethics & Values, Score: 0.46061423420906067
2023-12-03 20:56:00,619 - INFO - FinBERT-ESG classification completed for document 656b160c56b3a036308ccfc8. Label: Business Ethics & Values, Score: 0.5845577716827393
2023-12-03 20:56:01,195 - INFO - FinBERT-ESG classification completed for document 656b160c56b3a036308ccfc9. Label: Business Ethics & Values, Score: 0.9343076944351196
2023-12-03 20:56:01,887 - INFO - FinBERT-ESG classification completed for document 656b160c56b3a036308ccfca. Label: Human Capital, Score: 0.5409449338912964
2023-12-03 20:56:02,611 - INFO - FinBERT-ESG classification completed for document 656b160d56b3a036308ccfcb. Label: Community Relations, Score: 0.561183750629425
2023-12-03 20:56:03,337 - INFO - FinBERT-ESG classification completed for document 656b160d56b3a036308ccfcc. Label: Business Ethics & Values, Score: 0.9614434838294983
2023-12-03 20:56:04,029 - INFO - FinBERT-ESG classification completed for document 656b160d56b3a036308ccfcd. Label: Business Ethics & Values, Score: 0.7702918648719788
2023-12-03 20:56:04,767 - INFO - FinBERT-ESG classification completed for document 656b169d56b3a036308ccfd9. Label: Business Ethics & Values, Score: 0.8197958469390869
2023-12-03 20:56:05,440 - INFO - FinBERT-ESG classification completed for document 656b169e56b3a036308ccfda. Label: Community Relations, Score: 0.9433097243309021
2023-12-03 20:56:06,172 - INFO - FinBERT-ESG classification completed for document 656b169e56b3a036308ccfdb. Label: Community Relations, Score: 0.8814395070075989
2023-12-03 20:56:06,980 - INFO - FinBERT-ESG classification completed for document 656b169e56b3a036308ccfdc. Label: Community Relations, Score: 0.3469424843788147
2023-12-03 20:56:07,691 - INFO - FinBERT-ESG classification completed for document 656b169e56b3a036308ccfdd. Label: Human Capital, Score: 0.9813609719276428
2023-12-03 20:56:08,200 - INFO - FinBERT-ESG classification completed for document 656b169f56b3a036308ccfde. Label: Community Relations, Score: 0.8109062910079956
2023-12-03 20:56:08,895 - INFO - FinBERT-ESG classification completed for document 656b169f56b3a036308ccfdf. Label: Community Relations, Score: 0.555212676525116
2023-12-03 20:56:09,646 - INFO - FinBERT-ESG classification completed for document 656b16f956b3a036308ccfeb. Label: Business Ethics & Values, Score: 0.5348265767097473
2023-12-03 20:56:10,432 - INFO - FinBERT-ESG classification completed for document 656b16f956b3a036308ccfec. Label: Business Ethics & Values, Score: 0.7369726300239563
2023-12-03 20:56:11,254 - INFO - FinBERT-ESG classification completed for document 656b16fa56b3a036308ccfed. Label: Community Relations, Score: 0.9079492688179016
2023-12-03 20:56:11,857 - INFO - FinBERT-ESG classification completed for document 656b16fa56b3a036308ccfee. Label: Corporate Governance, Score: 0.8967581987380981
2023-12-03 20:56:12,619 - INFO - FinBERT-ESG classification completed for document 656b16fa56b3a036308ccfef. Label: Business Ethics & Values, Score: 0.9077778458595276
2023-12-03 20:56:13,247 - INFO - FinBERT-ESG classification completed for document 656b16fa56b3a036308ccff0. Label: Natural Capital, Score: 0.7628353238105774
2023-12-03 20:56:13,948 - INFO - FinBERT-ESG classification completed for document 656b16fb56b3a036308ccff1. Label: Business Ethics & Values, Score: 0.9227733016014099
2023-12-03 20:56:14,417 - INFO - FinBERT-ESG classification completed for document 656b16fb56b3a036308ccff2. Label: Business Ethics & Values, Score: 0.9540739059448242
2023-12-03 20:56:14,710 - INFO - FinBERT-ESG classification completed for document 656b175556b3a036308ccffe. Label: Product Liability, Score: 0.9365295171737671
2023-12-03 20:56:15,291 - INFO - FinBERT-ESG classification completed for document 656b175556b3a036308ccfff. Label: Corporate Governance, Score: 0.9820515513420105
2023-12-03 20:56:16,088 - INFO - FinBERT-ESG classification completed for document 656b175556b3a036308cd000. Label: Product Liability, Score: 0.8005493879318237
2023-12-03 20:56:16,844 - INFO - FinBERT-ESG classification completed for document 656b175556b3a036308cd001. Label: Human Capital, Score: 0.9171247482299805
2023-12-03 20:56:17,611 - INFO - FinBERT-ESG classification completed for document 656b175656b3a036308cd002. Label: Community Relations, Score: 0.9540695548057556
2023-12-03 20:56:18,369 - INFO - FinBERT-ESG classification completed for document 656b175656b3a036308cd003. Label: Business Ethics & Values, Score: 0.6462746262550354
2023-12-03 20:56:18,958 - INFO - FinBERT-ESG classification completed for document 656b175656b3a036308cd004. Label: Human Capital, Score: 0.9846808910369873
2023-12-03 20:56:19,677 - INFO - FinBERT-ESG classification completed for document 656b175756b3a036308cd005. Label: Community Relations, Score: 0.9088158011436462
2023-12-03 20:56:20,466 - INFO - FinBERT-ESG classification completed for document 656b175756b3a036308cd006. Label: Community Relations, Score: 0.7247808575630188
2023-12-03 20:56:21,319 - INFO - FinBERT-ESG classification completed for document 656b175756b3a036308cd007. Label: Community Relations, Score: 0.5905945301055908
2023-12-03 20:56:22,041 - INFO - FinBERT-ESG classification completed for document 656b17ae56b3a036308cd013. Label: Community Relations, Score: 0.797666072845459
2023-12-03 20:56:22,760 - INFO - FinBERT-ESG classification completed for document 656b17ae56b3a036308cd014. Label: Business Ethics & Values, Score: 0.6117863655090332
2023-12-03 20:56:23,465 - INFO - FinBERT-ESG classification completed for document 656b17af56b3a036308cd015. Label: Product Liability, Score: 0.6059063673019409
2023-12-03 20:56:24,061 - INFO - FinBERT-ESG classification completed for document 656b17af56b3a036308cd016. Label: Community Relations, Score: 0.9893303513526917
2023-12-03 20:56:24,802 - INFO - FinBERT-ESG classification completed for document 656b17af56b3a036308cd017. Label: Natural Capital, Score: 0.6188629269599915
2023-12-03 20:56:25,795 - INFO - FinBERT-ESG classification completed for document 656b17af56b3a036308cd018. Label: Human Capital, Score: 0.8471375703811646
2023-12-03 20:56:26,443 - INFO - FinBERT-ESG classification completed for document 656b17af56b3a036308cd019. Label: Business Ethics & Values, Score: 0.9408422708511353
2023-12-03 20:56:27,103 - INFO - FinBERT-ESG classification completed for document 656b17b056b3a036308cd01a. Label: Business Ethics & Values, Score: 0.6562144160270691
2023-12-03 20:56:27,812 - INFO - FinBERT-ESG classification completed for document 656b17b056b3a036308cd01b. Label: Human Capital, Score: 0.992225170135498
2023-12-03 20:56:28,404 - INFO - FinBERT-ESG classification completed for document 656b180c56b3a036308cd027. Label: Business Ethics & Values, Score: 0.7757969498634338
2023-12-03 20:56:29,131 - INFO - FinBERT-ESG classification completed for document 656b180c56b3a036308cd028. Label: Community Relations, Score: 0.8426237106323242
2023-12-03 20:56:29,792 - INFO - FinBERT-ESG classification completed for document 656b180c56b3a036308cd029. Label: Business Ethics & Values, Score: 0.9713829755783081
2023-12-03 20:56:30,830 - INFO - FinBERT-ESG classification completed for document 656b180c56b3a036308cd02a. Label: Business Ethics & Values, Score: 0.4488874673843384
2023-12-03 20:56:31,399 - INFO - FinBERT-ESG classification completed for document 656b180d56b3a036308cd02b. Label: Business Ethics & Values, Score: 0.7460452914237976
2023-12-03 20:56:31,989 - INFO - FinBERT-ESG classification completed for document 656b180d56b3a036308cd02c. Label: Human Capital, Score: 0.9615079760551453
2023-12-03 20:56:32,832 - INFO - FinBERT-ESG classification completed for document 656b180d56b3a036308cd02d. Label: Corporate Governance, Score: 0.6370097994804382
2023-12-03 20:56:33,574 - INFO - FinBERT-ESG classification completed for document 656b180e56b3a036308cd02e. Label: Human Capital, Score: 0.9600878357887268
2023-12-03 20:56:34,260 - INFO - FinBERT-ESG classification completed for document 656b180e56b3a036308cd02f. Label: Business Ethics & Values, Score: 0.5196381211280823
2023-12-03 20:56:34,792 - INFO - FinBERT-ESG classification completed for document 656b180e56b3a036308cd030. Label: Business Ethics & Values, Score: 0.9551711082458496
2023-12-03 20:56:35,649 - INFO - FinBERT-ESG classification completed for document 656b188556b3a036308cd03c. Label: Business Ethics & Values, Score: 0.5239917039871216
2023-12-03 20:56:36,200 - INFO - FinBERT-ESG classification completed for document 656b188556b3a036308cd03d. Label: Community Relations, Score: 0.9019185304641724
2023-12-03 20:56:37,010 - INFO - FinBERT-ESG classification completed for document 656b188656b3a036308cd03e. Label: Community Relations, Score: 0.7942517399787903
2023-12-03 20:56:37,759 - INFO - FinBERT-ESG classification completed for document 656b188656b3a036308cd03f. Label: Business Ethics & Values, Score: 0.7561033368110657
2023-12-03 20:56:38,270 - INFO - FinBERT-ESG classification completed for document 656b188656b3a036308cd040. Label: Business Ethics & Values, Score: 0.8952803015708923
2023-12-03 20:56:39,123 - INFO - FinBERT-ESG classification completed for document 656b188656b3a036308cd041. Label: Business Ethics & Values, Score: 0.8648607730865479
2023-12-03 20:56:39,756 - INFO - FinBERT-ESG classification completed for document 656b188756b3a036308cd042. Label: Community Relations, Score: 0.5515514612197876
2023-12-03 20:56:40,573 - INFO - FinBERT-ESG classification completed for document 656b188756b3a036308cd043. Label: Community Relations, Score: 0.5985925793647766
2023-12-03 20:56:41,296 - INFO - FinBERT-ESG classification completed for document 656b188756b3a036308cd044. Label: Community Relations, Score: 0.9810270071029663
2023-12-03 20:56:41,977 - INFO - FinBERT-ESG classification completed for document 656b188756b3a036308cd045. Label: Community Relations, Score: 0.934295654296875
2023-12-03 20:56:42,670 - INFO - FinBERT-ESG classification completed for document 656b18f156b3a036308cd051. Label: Community Relations, Score: 0.963711678981781
2023-12-03 20:56:43,571 - INFO - FinBERT-ESG classification completed for document 656b18f156b3a036308cd052. Label: Community Relations, Score: 0.8388438820838928
2023-12-03 20:56:44,232 - INFO - FinBERT-ESG classification completed for document 656b18f156b3a036308cd053. Label: Community Relations, Score: 0.956092119216919
2023-12-03 20:56:44,877 - INFO - FinBERT-ESG classification completed for document 656b18f156b3a036308cd054. Label: Community Relations, Score: 0.5913712382316589
2023-12-03 20:56:45,554 - INFO - FinBERT-ESG classification completed for document 656b18f256b3a036308cd055. Label: Human Capital, Score: 0.5561846494674683
2023-12-03 20:56:46,929 - INFO - FinBERT-ESG classification completed for document 656b18f256b3a036308cd056. Label: Human Capital, Score: 0.421891450881958
2023-12-03 20:56:47,626 - INFO - FinBERT-ESG classification completed for document 656b18f256b3a036308cd057. Label: Community Relations, Score: 0.9368641972541809
2023-12-03 20:56:48,168 - INFO - FinBERT-ESG classification completed for document 656b18f256b3a036308cd058. Label: Business Ethics & Values, Score: 0.7000938653945923
2023-12-03 20:56:48,930 - INFO - FinBERT-ESG classification completed for document 656b18f256b3a036308cd059. Label: Human Capital, Score: 0.5192210674285889
2023-12-03 20:56:49,767 - INFO - FinBERT-ESG classification completed for document 656b18f356b3a036308cd05a. Label: Community Relations, Score: 0.8041767477989197
2023-12-03 20:56:50,463 - INFO - FinBERT-ESG classification completed for document 656b195656b3a036308cd066. Label: Community Relations, Score: 0.7866451144218445
2023-12-03 20:56:51,051 - INFO - FinBERT-ESG classification completed for document 656b195756b3a036308cd067. Label: Community Relations, Score: 0.6535873413085938
2023-12-03 20:56:51,652 - INFO - FinBERT-ESG classification completed for document 656b195756b3a036308cd068. Label: Community Relations, Score: 0.9063843488693237
2023-12-03 20:56:52,445 - INFO - FinBERT-ESG classification completed for document 656b195756b3a036308cd069. Label: Community Relations, Score: 0.930915892124176
2023-12-03 20:56:53,067 - INFO - FinBERT-ESG classification completed for document 656b195756b3a036308cd06a. Label: Community Relations, Score: 0.566663920879364
2023-12-03 20:56:53,737 - INFO - FinBERT-ESG classification completed for document 656b195756b3a036308cd06b. Label: Human Capital, Score: 0.9800830483436584
2023-12-03 20:56:54,296 - INFO - FinBERT-ESG classification completed for document 656b195856b3a036308cd06c. Label: Community Relations, Score: 0.8866109251976013
2023-12-03 20:56:55,077 - INFO - FinBERT-ESG classification completed for document 656b195856b3a036308cd06d. Label: Human Capital, Score: 0.7979899048805237
2023-12-03 20:56:55,555 - INFO - FinBERT-ESG classification completed for document 656b195856b3a036308cd06e. Label: Community Relations, Score: 0.8886278867721558
2023-12-03 20:56:56,199 - INFO - FinBERT-ESG classification completed for document 656b19d056b3a036308cd07a. Label: Community Relations, Score: 0.8642995357513428
2023-12-03 20:56:56,920 - INFO - FinBERT-ESG classification completed for document 656b19d056b3a036308cd07b. Label: Community Relations, Score: 0.8082451224327087
2023-12-03 20:56:57,548 - INFO - FinBERT-ESG classification completed for document 656b19d156b3a036308cd07c. Label: Business Ethics & Values, Score: 0.5808085203170776
2023-12-03 20:56:57,982 - INFO - FinBERT-ESG classification completed for document 656b19d156b3a036308cd07d. Label: Business Ethics & Values, Score: 0.7423484921455383
2023-12-03 20:56:58,601 - INFO - FinBERT-ESG classification completed for document 656b19d156b3a036308cd07e. Label: Business Ethics & Values, Score: 0.5382587909698486
2023-12-03 20:56:59,399 - INFO - FinBERT-ESG classification completed for document 656b19d156b3a036308cd07f. Label: Community Relations, Score: 0.6561668515205383
2023-12-03 20:57:00,128 - INFO - FinBERT-ESG classification completed for document 656b19d156b3a036308cd080. Label: Business Ethics & Values, Score: 0.4966951012611389
2023-12-03 20:57:00,635 - INFO - FinBERT-ESG classification completed for document 656b19d256b3a036308cd081. Label: Community Relations, Score: 0.6919127106666565
2023-12-03 20:57:01,422 - INFO - FinBERT-ESG classification completed for document 656b1a1556b3a036308cd08d. Label: Business Ethics & Values, Score: 0.3924253284931183
2023-12-03 20:57:02,021 - INFO - FinBERT-ESG classification completed for document 656b1a1556b3a036308cd08e. Label: Community Relations, Score: 0.8091961741447449
2023-12-03 20:57:02,420 - INFO - FinBERT-ESG classification completed for document 656b1a1556b3a036308cd08f. Label: Business Ethics & Values, Score: 0.8988653421401978
2023-12-03 20:57:03,082 - INFO - FinBERT-ESG classification completed for document 656b1a1556b3a036308cd090. Label: Business Ethics & Values, Score: 0.8412460088729858
2023-12-03 20:57:03,805 - INFO - FinBERT-ESG classification completed for document 656b1a1556b3a036308cd091. Label: Community Relations, Score: 0.9427817463874817
2023-12-03 20:57:04,450 - INFO - FinBERT-ESG classification completed for document 656c98ee4ecbec88ea471b71. Label: Community Relations, Score: 0.9285393953323364
2023-12-03 20:57:05,198 - INFO - FinBERT-ESG classification completed for document 656c99b23a495e2b77ff2579. Label: Community Relations, Score: 0.890617311000824
2023-12-03 20:57:05,954 - INFO - FinBERT-ESG classification completed for document 656c99bc3a495e2b77ff257d. Label: Corporate Governance, Score: 0.9081156253814697
2023-12-03 20:57:06,578 - INFO - FinBERT-ESG classification completed for document 656c99cc3a495e2b77ff2581. Label: Human Capital, Score: 0.9813960194587708
2023-12-03 20:57:07,330 - INFO - FinBERT-ESG classification completed for document 656c99e93a495e2b77ff258b. Label: Business Ethics & Values, Score: 0.7783435583114624
2023-12-03 20:57:07,972 - INFO - FinBERT-ESG classification completed for document 656c99ff3a495e2b77ff2598. Label: Corporate Governance, Score: 0.5148950219154358
2023-12-03 20:57:08,584 - INFO - FinBERT-ESG classification completed for document 656c9b8af3ba931db6931b3e. Label: Human Capital, Score: 0.9502204656600952
2023-12-03 20:57:09,325 - INFO - FinBERT-ESG classification completed for document 656c9c703e37b7dcc02fb754. Label: Business Ethics & Values, Score: 0.9757299423217773
2023-12-03 20:57:09,666 - INFO - FinBERT-ESG classification completed for document 656c9c793e37b7dcc02fb758. Label: Non-ESG, Score: 0.40253978967666626
2023-12-03 20:57:10,332 - INFO - FinBERT-ESG classification completed for document 656c9c8e3e37b7dcc02fb762. Label: Community Relations, Score: 0.9651429057121277
2023-12-03 20:57:11,134 - INFO - FinBERT-ESG classification completed for document 656ccbb04b7b2c740bce0ee4. Label: Business Ethics & Values, Score: 0.9278843402862549
2023-12-03 20:57:11,904 - INFO - FinBERT-ESG classification completed for document 656ccbb04b7b2c740bce0ee5. Label: Corporate Governance, Score: 0.8872779607772827
2023-12-03 20:57:12,817 - INFO - FinBERT-ESG classification completed for document 656ccbcb4b7b2c740bce0ee9. Label: Human Capital, Score: 0.9552924036979675
2023-12-03 20:57:13,440 - INFO - FinBERT-ESG classification completed for document 656ccbcb4b7b2c740bce0eea. Label: Business Ethics & Values, Score: 0.7236524224281311
2023-12-03 20:57:14,168 - INFO - FinBERT-ESG classification completed for document 656ccbdc4b7b2c740bce0eee. Label: Business Ethics & Values, Score: 0.6674466133117676
2023-12-03 20:57:14,851 - INFO - FinBERT-ESG classification completed for document 656ccbdc4b7b2c740bce0eef. Label: Community Relations, Score: 0.8866270184516907
2023-12-03 20:57:15,424 - INFO - FinBERT-ESG classification completed for document 656ccbf04b7b2c740bce0ef3. Label: Natural Capital, Score: 0.8709497451782227
2023-12-03 20:57:16,098 - INFO - FinBERT-ESG classification completed for document 656ccbf14b7b2c740bce0ef4. Label: Community Relations, Score: 0.8306500911712646
2023-12-03 20:57:16,703 - INFO - FinBERT-ESG classification completed for document 656ccc074b7b2c740bce0ef8. Label: Business Ethics & Values, Score: 0.7810608148574829
2023-12-03 20:57:17,108 - INFO - FinBERT-ESG classification completed for document 656ccc1d4b7b2c740bce0efc. Label: Non-ESG, Score: 0.8936874270439148
2023-12-03 20:57:17,773 - INFO - FinBERT-ESG classification completed for document 656ccc1d4b7b2c740bce0efd. Label: Business Ethics & Values, Score: 0.6599738001823425
2023-12-03 20:57:18,507 - INFO - FinBERT-ESG classification completed for document 656ccc294b7b2c740bce0f01. Label: Non-ESG, Score: 0.8150859475135803
2023-12-03 20:57:19,159 - INFO - FinBERT-ESG classification completed for document 656ccc414b7b2c740bce0f05. Label: Business Ethics & Values, Score: 0.9340869188308716
2023-12-03 20:57:20,064 - INFO - FinBERT-ESG classification completed for document 656ccc584b7b2c740bce0f09. Label: Human Capital, Score: 0.9463731646537781
2023-12-03 20:57:20,730 - INFO - FinBERT-ESG classification completed for document 656ccc584b7b2c740bce0f0a. Label: Product Liability, Score: 0.9533606767654419
2023-12-03 20:57:21,480 - INFO - FinBERT-ESG classification completed for document 656cd8599ad5bc4214c77cc5. Label: Human Capital, Score: 0.8669203519821167
2023-12-03 20:57:22,311 - INFO - FinBERT-ESG classification completed for document 656cd8669ad5bc4214c77cca. Label: Business Ethics & Values, Score: 0.5620308518409729
2023-12-03 20:57:22,628 - INFO - FinBERT-ESG classification completed for document 656cd87b9ad5bc4214c77cd3. Label: Non-ESG, Score: 0.8936874270439148
2023-12-03 20:57:23,416 - INFO - FinBERT-ESG classification completed for document 656cdf9735e11bee8e0d7322. Label: Human Capital, Score: 0.6106178164482117
2023-12-03 20:57:23,419 - INFO - === Script execution END (ESG9 Classification) at: 2023-12-03 20:57:23.419097 ===
