2023-12-03 20:04:45,044 - INFO - Script execution started at: 2023-12-03 20:04:45.044689
2023-12-03 20:04:50,898 - INFO - Skipping duplicate article: https://elpais.com/mexico/2023-11-14/el-escandalo-por-uso-de-dinero-publico-en-un-table-dance-obliga-a-la-renuncia-de-dos-secretarios-del-inai.html
2023-12-03 20:04:52,506 - INFO - Skipping duplicate article: https://politica.expansion.mx/mexico/2023/11/13/secretario-del-inai-renuncia-tras-escandalo-por-uso-de-tarjeta-corporativa
2023-12-03 20:04:54,218 - INFO - Skipping duplicate article: https://www.eluniversal.com.mx/nacion/tras-el-escandalo-por-uso-de-tarjeta-corporativa-en-table-dance-oscar-guerra-ford-renuncia-a-su-cargo-en-el-inai/
2023-12-03 20:04:57,311 - INFO - Skipping duplicate article: https://www.jornada.com.mx/noticia/2023/11/30/sociedad/denuncian-fraude-contra-trabajadores-de-la-seccion-11-del-snte-920
2023-12-03 20:04:58,925 - INFO - Skipping duplicate article: https://zetatijuana.com/2023/11/eu-sanciona-a-mas-miembros-de-red-de-fraude-de-tiempo-compartido-del-cjng-en-puerto-vallarta/
2023-12-03 20:05:00,503 - INFO - Skipping duplicate article: https://www.eluniversal.com.mx/mundo/ivanka-trump-testifica-en-el-juicio-por-fraude-a-la-organizacion-trump/
2023-12-03 20:05:03,631 - INFO - Skipping duplicate article: https://www.proceso.com.mx/opinion/2023/12/3/google-juicio-antimonopolio-por-busquedas-319665.html
2023-12-03 20:05:05,133 - INFO - Skipping duplicate article: https://www.eleconomista.com.mx/empresas/Cofece-inicia-el-juicio-antimonopolio-contra-Google-Mexico-20231114-0043.html
2023-12-03 20:05:06,667 - INFO - Skipping duplicate article: https://www.jornada.com.mx/noticia/2023/11/08/mundo/ivanka-trump-testifica-en-juicio-contra-empresa-familiar-8219
2023-12-03 20:05:09,517 - INFO - Skipping duplicate article: https://www.greenpeace.org/mexico/noticia/53593/el-tribunal-confirma-el-derecho-de-greenpeace-a-protestar-pacificamente-y-la-protesta-de-activistas-contra-la-mineria-en-aguas-profundas-que-lleva-200-horas-en-el-pacifico-continua/
2023-12-03 20:05:11,033 - INFO - Skipping duplicate article: https://www.elfinanciero.com.mx/bloomberg-businessweek/2023/11/16/tendremos-presidenta-pero-no-directoras/
2023-12-03 20:05:12,542 - INFO - Skipping duplicate article: https://oem.pressreader.com/article/282007562154530
2023-12-03 20:05:17,367 - ERROR - An error occurred while processing 'https://dof.gob.mx/nota_detalle.php?codigo=5708914&fecha=17/11/2023': Article `download()` failed with HTTPSConnectionPool(host='dof.gob.mx', port=443): Max retries exceeded with url: /nota_detalle.php?codigo=5708914&fecha=17/11/2023 (Caused by SSLError(SSLCertVerificationError(1, '[SSL: CERTIFICATE_VERIFY_FAILED] certificate verify failed: unable to get local issuer certificate (_ssl.c:1007)'))) on URL https://dof.gob.mx/nota_detalle.php?codigo=5708914&fecha=17/11/2023
2023-12-03 20:05:18,512 - ERROR - An error occurred while processing 'https://dof.gob.mx/nota_detalle.php?codigo=5708914&fecha=17/11/2023': Article `download()` failed with HTTPSConnectionPool(host='dof.gob.mx', port=443): Max retries exceeded with url: /nota_detalle.php?codigo=5708914&fecha=17/11/2023 (Caused by SSLError(SSLCertVerificationError(1, '[SSL: CERTIFICATE_VERIFY_FAILED] certificate verify failed: unable to get local issuer certificate (_ssl.c:1007)'))) on URL https://dof.gob.mx/nota_detalle.php?codigo=5708914&fecha=17/11/2023
2023-12-03 20:05:19,010 - ERROR - An error occurred while processing 'https://dof.gob.mx/nota_detalle.php?codigo=5708914&fecha=17/11/2023': Article `download()` failed with HTTPSConnectionPool(host='dof.gob.mx', port=443): Max retries exceeded with url: /nota_detalle.php?codigo=5708914&fecha=17/11/2023 (Caused by SSLError(SSLCertVerificationError(1, '[SSL: CERTIFICATE_VERIFY_FAILED] certificate verify failed: unable to get local issuer certificate (_ssl.c:1007)'))) on URL https://dof.gob.mx/nota_detalle.php?codigo=5708914&fecha=17/11/2023
2023-12-03 20:05:25,348 - INFO - Skipping duplicate article: https://www.eleconomista.com.mx/empresas/Funcionario-de-la-Comision-Federal-de-Comercio-retira-caso-contra-acuerdo-entre-Microsoft-y-Activision-20230720-0076.html
2023-12-03 20:05:47,556 - INFO - Skipping duplicate article: https://fortunaypoder.com/corporativos/mexico-acepto-a-tramite-denuncia-laboral-de-eu-por-el-caso-de-la-empresa-autoliv/
2023-12-03 20:05:49,327 - INFO - Skipping duplicate article: https://www.jornada.com.mx/noticia/2023/11/08/mundo/ivanka-trump-testifica-en-juicio-contra-empresa-familiar-8219
2023-12-03 20:05:50,912 - INFO - Skipping duplicate article: https://www.eluniversal.com.mx/mundo/ivanka-trump-testifica-en-el-juicio-por-fraude-a-la-organizacion-trump/
2023-12-03 20:05:53,932 - INFO - Skipping duplicate article: https://www.elfinanciero.com.mx/monterrey/2023/11/29/frenaria-multa-desapalancamiento-de-cemex/
2023-12-03 20:05:55,566 - INFO - Skipping duplicate article: https://www.eleconomista.com.mx/empresas/Cofece-inicia-el-juicio-antimonopolio-contra-Google-Mexico-20231114-0043.html
2023-12-03 20:06:02,300 - ERROR - An error occurred while processing 'https://www.elsoldeleon.com.mx/local/cancelacion-concierto-luis-miguel-incumplimiento-de-fianza-multa-leon-11071041.html': Article `download()` failed with HTTPSConnectionPool(host='www.elsoldeleon.com.mx', port=443): Max retries exceeded with url: /local/cancelacion-concierto-luis-miguel-incumplimiento-de-fianza-multa-leon-11071041.html (Caused by NewConnectionError('<urllib3.connection.HTTPSConnection object at 0x7fa405de61a0>: Failed to establish a new connection: [Errno -5] No address associated with hostname')) on URL https://www.elsoldeleon.com.mx/local/cancelacion-concierto-luis-miguel-incumplimiento-de-fianza-multa-leon-11071041.html
2023-12-03 20:06:02,305 - ERROR - An error occurred while processing 'https://www.elsoldeleon.com.mx/local/cancelacion-concierto-luis-miguel-incumplimiento-de-fianza-multa-leon-11071041.html': Article `download()` failed with HTTPSConnectionPool(host='www.elsoldeleon.com.mx', port=443): Max retries exceeded with url: /local/cancelacion-concierto-luis-miguel-incumplimiento-de-fianza-multa-leon-11071041.html (Caused by NewConnectionError('<urllib3.connection.HTTPSConnection object at 0x7fa405de5990>: Failed to establish a new connection: [Errno -5] No address associated with hostname')) on URL https://www.elsoldeleon.com.mx/local/cancelacion-concierto-luis-miguel-incumplimiento-de-fianza-multa-leon-11071041.html
2023-12-03 20:06:02,310 - ERROR - An error occurred while processing 'https://www.elsoldeleon.com.mx/local/cancelacion-concierto-luis-miguel-incumplimiento-de-fianza-multa-leon-11071041.html': Article `download()` failed with HTTPSConnectionPool(host='www.elsoldeleon.com.mx', port=443): Max retries exceeded with url: /local/cancelacion-concierto-luis-miguel-incumplimiento-de-fianza-multa-leon-11071041.html (Caused by NewConnectionError('<urllib3.connection.HTTPSConnection object at 0x7fa405de5ba0>: Failed to establish a new connection: [Errno -5] No address associated with hostname')) on URL https://www.elsoldeleon.com.mx/local/cancelacion-concierto-luis-miguel-incumplimiento-de-fianza-multa-leon-11071041.html
