2023-10-28 12:57:03,860 - INFO - === Script Execution Start (Scraping) ===
2023-10-28 12:57:44,011 - INFO - === Script Execution Start (Scraping) ===
2023-10-28 13:25:17,905 - INFO - === Script Execution Start (Scraping) ===
2023-10-28 13:26:34,229 - INFO - === Script Execution Start (Scraping) ===
2023-10-28 13:29:29,232 - INFO - === Script Execution Start (Scraping) ===
2023-10-28 13:42:23,201 - ERROR - An error occurred while processing 'https://lequotidien.sn/financement-decaissement-de-166-milliards-le-forum-civil-interpelle-le-fmi/': index out of range in self
2023-10-28 13:42:24,792 - ERROR - An error occurred while processing 'https://lequotidien.sn/financement-decaissement-de-166-milliards-le-forum-civil-interpelle-le-fmi/': index out of range in self
2023-10-28 13:42:26,415 - ERROR - An error occurred while processing 'https://lequotidien.sn/financement-decaissement-de-166-milliards-le-forum-civil-interpelle-le-fmi/': index out of range in self
2023-10-28 13:42:28,594 - INFO - === Script Execution End (Scraping) ===
2023-10-28 13:45:47,786 - INFO - === Script Execution Start (Scraping) ===
2023-10-28 13:49:28,286 - INFO - === Script Execution Start (Scraping) ===
2023-10-28 13:50:43,334 - INFO - === Script Execution Start (Scraping) ===
2023-10-28 14:03:16,289 - ERROR - An error occurred while processing 'https://lequotidien.sn/financement-decaissement-de-166-milliards-le-forum-civil-interpelle-le-fmi/': index out of range in self
2023-10-28 14:03:18,085 - ERROR - An error occurred while processing 'https://lequotidien.sn/financement-decaissement-de-166-milliards-le-forum-civil-interpelle-le-fmi/': index out of range in self
2023-10-28 14:03:19,768 - ERROR - An error occurred while processing 'https://lequotidien.sn/financement-decaissement-de-166-milliards-le-forum-civil-interpelle-le-fmi/': index out of range in self
2023-10-28 14:03:22,246 - INFO - === Script Execution End (Scraping) ===
2023-10-28 14:45:29,139 - INFO - === Script Execution Start (Scraping) ===
2023-10-28 14:45:52,864 - INFO - === Script Execution Start (Scraping) ===
2023-10-28 14:48:16,685 - ERROR - An error occurred while processing 'https://www.huffingtonpost.fr/environnement/video/affaire-du-chlordecone-a-paris-et-en-martinique-la-colere-continue-de-gronder-contre-le-non-lieu_224971.html': index out of range in self
2023-10-28 14:48:18,024 - ERROR - An error occurred while processing 'https://www.huffingtonpost.fr/environnement/video/affaire-du-chlordecone-a-paris-et-en-martinique-la-colere-continue-de-gronder-contre-le-non-lieu_224971.html': index out of range in self
2023-10-28 14:48:23,768 - ERROR - An error occurred while processing 'https://www.huffingtonpost.fr/environnement/video/affaire-du-chlordecone-a-paris-et-en-martinique-la-colere-continue-de-gronder-contre-le-non-lieu_224971.html': index out of range in self
2023-10-28 14:56:56,347 - INFO - === Script Execution Start (Scraping) ===
2023-10-28 14:57:21,531 - INFO - === Script Execution Start (Scraping) ===
2023-10-28 15:12:45,331 - INFO - === Script Execution Start (Scraping) ===
2023-10-28 15:16:07,335 - INFO - === Script Execution Start (Scraping) ===
2023-10-28 15:18:25,655 - ERROR - An error occurred while processing 'https://www.huffingtonpost.fr/environnement/video/affaire-du-chlordecone-a-paris-et-en-martinique-la-colere-continue-de-gronder-contre-le-non-lieu_224971.html': index out of range in self
2023-10-28 15:18:26,660 - ERROR - An error occurred while processing 'https://www.huffingtonpost.fr/environnement/video/affaire-du-chlordecone-a-paris-et-en-martinique-la-colere-continue-de-gronder-contre-le-non-lieu_224971.html': index out of range in self
2023-10-28 15:18:27,619 - ERROR - An error occurred while processing 'https://www.huffingtonpost.fr/environnement/video/affaire-du-chlordecone-a-paris-et-en-martinique-la-colere-continue-de-gronder-contre-le-non-lieu_224971.html': index out of range in self
2023-10-28 15:27:47,982 - ERROR - An error occurred while processing 'https://lequotidien.sn/financement-decaissement-de-166-milliards-le-forum-civil-interpelle-le-fmi/': index out of range in self
2023-10-28 15:27:49,699 - ERROR - An error occurred while processing 'https://lequotidien.sn/financement-decaissement-de-166-milliards-le-forum-civil-interpelle-le-fmi/': index out of range in self
2023-10-28 15:27:51,492 - ERROR - An error occurred while processing 'https://lequotidien.sn/financement-decaissement-de-166-milliards-le-forum-civil-interpelle-le-fmi/': index out of range in self
2023-10-28 15:27:54,415 - INFO - === Script Execution End (Scraping) ===
2023-10-28 16:52:56,396 - INFO - === Script Execution Start (Scraping) ===
2023-10-28 16:53:19,598 - INFO - === Script Execution Start (Scraping) ===
2023-10-28 17:28:46,367 - INFO - === Script Execution End (Scraping) ===
2023-10-28 17:32:16,790 - INFO - === Script Execution Start (Scraping) ===
2023-10-28 17:33:34,505 - INFO - === Script Execution Start (Scraping) ===
2023-10-28 17:35:51,340 - INFO - === Script Execution Start (Scraping) ===
2023-10-28 19:18:55,704 - INFO - === Script Execution Start (Scraping) ===
2023-10-28 19:19:23,092 - INFO - === Script Execution Start (Scraping) ===
2023-10-28 19:21:27,391 - INFO - === Script Execution Start (Scraping) ===
2023-10-28 19:23:52,938 - INFO - === Script Execution Start (Scraping) ===
2023-10-28 19:23:55,195 - ERROR - Translation error: 'module' object is not callable
2023-10-28 19:23:55,196 - ERROR - Translation error: 'module' object is not callable
2023-10-28 19:23:58,690 - ERROR - Translation error: 'module' object is not callable
2023-10-28 19:23:58,691 - ERROR - Translation error: 'module' object is not callable
2023-10-28 19:24:02,269 - ERROR - Translation error: 'module' object is not callable
2023-10-28 19:24:02,270 - ERROR - Translation error: 'module' object is not callable
2023-10-28 19:24:05,182 - ERROR - Translation error: 'module' object is not callable
2023-10-28 19:24:05,183 - ERROR - Translation error: 'module' object is not callable
2023-10-28 19:24:08,797 - ERROR - Translation error: 'module' object is not callable
2023-10-28 19:24:08,797 - ERROR - Translation error: 'module' object is not callable
2023-10-28 19:24:12,576 - ERROR - Translation error: 'module' object is not callable
2023-10-28 19:24:12,576 - ERROR - Translation error: 'module' object is not callable
2023-10-28 19:24:19,065 - INFO - === Script Execution Start (Scraping) ===
2023-10-28 19:42:15,199 - INFO - === Script Execution Start (Scraping) ===
2023-10-28 19:42:24,448 - INFO - === Script Execution Start (Scraping) ===
2023-10-28 19:42:26,844 - ERROR - Translation error: 'module' object is not callable
2023-10-28 19:42:26,845 - ERROR - Translation error: 'module' object is not callable
2023-10-28 19:42:30,308 - ERROR - Translation error: 'module' object is not callable
2023-10-28 19:42:30,308 - ERROR - Translation error: 'module' object is not callable
2023-10-28 19:42:32,399 - ERROR - Translation error: 'module' object is not callable
2023-10-28 19:42:32,400 - ERROR - Translation error: 'module' object is not callable
2023-10-28 19:42:35,427 - ERROR - Translation error: 'module' object is not callable
2023-10-28 19:42:35,427 - ERROR - Translation error: 'module' object is not callable
2023-10-28 19:42:39,444 - ERROR - Translation error: 'module' object is not callable
2023-10-28 19:42:39,444 - ERROR - Translation error: 'module' object is not callable
2023-10-28 19:42:51,788 - INFO - === Script Execution Start (Scraping) ===
2023-10-28 19:44:21,104 - INFO - === Script Execution Start (Scraping) ===
2023-10-28 19:44:22,660 - ERROR - Translation error: 'module' object is not callable
2023-10-28 19:44:22,660 - ERROR - Translation error: 'module' object is not callable
2023-10-28 19:44:26,396 - ERROR - Translation error: 'module' object is not callable
2023-10-28 19:44:26,396 - ERROR - Translation error: 'module' object is not callable
2023-10-28 19:44:29,629 - ERROR - Translation error: 'module' object is not callable
2023-10-28 19:44:29,629 - ERROR - Translation error: 'module' object is not callable
2023-10-28 19:44:32,359 - ERROR - Translation error: 'module' object is not callable
2023-10-28 19:44:32,359 - ERROR - Translation error: 'module' object is not callable
2023-10-28 19:44:36,214 - ERROR - Translation error: 'module' object is not callable
2023-10-28 19:44:36,215 - ERROR - Translation error: 'module' object is not callable
2023-10-28 19:44:39,353 - ERROR - Translation error: 'module' object is not callable
2023-10-28 19:44:39,353 - ERROR - Translation error: 'module' object is not callable
2023-10-28 19:44:46,379 - INFO - === Script Execution Start (Scraping) ===
2023-10-28 19:45:42,916 - INFO - === Script Execution Start (Scraping) ===
2023-10-28 19:45:44,950 - ERROR - Translation error: 'module' object is not callable
2023-10-28 19:45:44,950 - ERROR - Translation error: 'module' object is not callable
2023-10-28 19:45:47,233 - ERROR - Translation error: 'module' object is not callable
2023-10-28 19:45:47,234 - ERROR - Translation error: 'module' object is not callable
2023-10-28 19:45:50,931 - ERROR - Translation error: 'module' object is not callable
2023-10-28 19:45:50,931 - ERROR - Translation error: 'module' object is not callable
2023-10-28 19:45:54,905 - ERROR - Translation error: 'module' object is not callable
2023-10-28 19:45:54,905 - ERROR - Translation error: 'module' object is not callable
2023-10-28 19:45:57,080 - ERROR - Translation error: 'module' object is not callable
2023-10-28 19:45:57,081 - ERROR - Translation error: 'module' object is not callable
2023-10-28 19:46:00,493 - ERROR - Translation error: 'module' object is not callable
2023-10-28 19:46:00,494 - ERROR - Translation error: 'module' object is not callable
2023-10-28 19:46:05,672 - INFO - === Script Execution Start (Scraping) ===
2023-10-28 19:47:07,934 - INFO - === Script Execution Start (Scraping) ===
2023-10-28 19:47:13,007 - INFO - === Script Execution Start (Scraping) ===
2023-10-28 19:47:14,634 - ERROR - Translation error: 'module' object is not callable
2023-10-28 19:47:14,634 - ERROR - Translation error: 'module' object is not callable
2023-10-28 19:47:17,000 - ERROR - Translation error: 'module' object is not callable
2023-10-28 19:47:17,001 - ERROR - Translation error: 'module' object is not callable
2023-10-28 19:47:19,875 - ERROR - Translation error: 'module' object is not callable
2023-10-28 19:47:19,875 - ERROR - Translation error: 'module' object is not callable
2023-10-28 19:47:23,050 - ERROR - Translation error: 'module' object is not callable
2023-10-28 19:47:23,051 - ERROR - Translation error: 'module' object is not callable
2023-10-28 19:47:25,245 - ERROR - Translation error: 'module' object is not callable
2023-10-28 19:47:25,246 - ERROR - Translation error: 'module' object is not callable
2023-10-28 19:47:28,064 - ERROR - Translation error: 'module' object is not callable
2023-10-28 19:47:28,065 - ERROR - Translation error: 'module' object is not callable
2023-10-28 19:47:39,633 - INFO - === Script Execution Start (Scraping) ===
2023-10-28 19:47:57,792 - INFO - === Script Execution Start (Scraping) ===
2023-10-28 19:48:27,267 - INFO - === Script Execution Start (Scraping) ===
2023-10-28 19:48:30,275 - ERROR - Translation error: 'module' object is not callable
2023-10-28 19:48:30,276 - ERROR - Translation error: 'module' object is not callable
2023-10-28 19:48:32,659 - ERROR - Translation error: 'module' object is not callable
2023-10-28 19:48:32,659 - ERROR - Translation error: 'module' object is not callable
2023-10-28 19:48:35,823 - ERROR - Translation error: 'module' object is not callable
2023-10-28 19:48:35,823 - ERROR - Translation error: 'module' object is not callable
2023-10-28 19:48:39,492 - ERROR - Translation error: 'module' object is not callable
2023-10-28 19:48:39,493 - ERROR - Translation error: 'module' object is not callable
2023-10-28 19:48:43,134 - ERROR - Translation error: 'module' object is not callable
2023-10-28 19:48:43,135 - ERROR - Translation error: 'module' object is not callable
2023-10-28 19:48:53,676 - INFO - === Script Execution Start (Scraping) ===
2023-10-28 19:51:33,387 - INFO - === Script Execution Start (Scraping) ===
2023-10-28 19:51:41,256 - INFO - === Script Execution Start (Scraping) ===
2023-10-28 19:51:43,377 - ERROR - Translation error: 'module' object is not callable
2023-10-28 19:51:43,377 - ERROR - Translation error: 'module' object is not callable
2023-10-28 19:51:45,523 - ERROR - Translation error: 'module' object is not callable
2023-10-28 19:51:45,524 - ERROR - Translation error: 'module' object is not callable
2023-10-28 19:51:51,243 - ERROR - Translation error: 'module' object is not callable
2023-10-28 19:51:51,244 - ERROR - Translation error: 'module' object is not callable
2023-10-28 19:51:53,794 - ERROR - Translation error: 'module' object is not callable
2023-10-28 19:51:53,795 - ERROR - Translation error: 'module' object is not callable
2023-10-28 19:51:56,336 - ERROR - Translation error: 'module' object is not callable
2023-10-28 19:51:56,336 - ERROR - Translation error: 'module' object is not callable
2023-10-28 19:52:00,917 - ERROR - Translation error: 'module' object is not callable
2023-10-28 19:52:00,917 - ERROR - Translation error: 'module' object is not callable
2023-10-28 19:52:10,210 - INFO - === Script Execution Start (Scraping) ===
2023-10-28 19:54:09,095 - INFO - === Script Execution Start (Scraping) ===
2023-10-28 19:54:16,837 - INFO - === Script Execution Start (Scraping) ===
2023-10-28 19:54:53,668 - INFO - === Script Execution Start (Scraping) ===
2023-10-28 19:56:59,677 - INFO - === Script Execution Start (Scraping) ===
2023-10-28 19:57:35,592 - INFO - === Script Execution Start (Scraping) ===
2023-10-28 20:57:27,338 - INFO - === Script Execution Start (Scraping) ===
2023-10-28 20:57:35,714 - INFO - === Script Execution Start (Scraping) ===
2023-10-28 20:57:37,764 - ERROR - An error occurred while processing 'https://fr.investing.com/news/economy/scandale-dans-le-secteur-bancaire--la-banque-centrale-a-besoin-dune-injection-financiere-2228609': Article `download()` failed with 403 Client Error: Forbidden for url: https://fr.investing.com/news/economy/scandale-dans-le-secteur-bancaire--la-banque-centrale-a-besoin-dune-injection-financiere-2228609 on URL https://fr.investing.com/news/economy/scandale-dans-le-secteur-bancaire--la-banque-centrale-a-besoin-dune-injection-financiere-2228609
2023-10-28 20:57:38,567 - ERROR - An error occurred while processing 'https://fr.investing.com/news/economy/scandale-dans-le-secteur-bancaire--la-banque-centrale-a-besoin-dune-injection-financiere-2228609': Article `download()` failed with 403 Client Error: Forbidden for url: https://fr.investing.com/news/economy/scandale-dans-le-secteur-bancaire--la-banque-centrale-a-besoin-dune-injection-financiere-2228609 on URL https://fr.investing.com/news/economy/scandale-dans-le-secteur-bancaire--la-banque-centrale-a-besoin-dune-injection-financiere-2228609
2023-10-28 20:57:39,292 - ERROR - An error occurred while processing 'https://fr.investing.com/news/economy/scandale-dans-le-secteur-bancaire--la-banque-centrale-a-besoin-dune-injection-financiere-2228609': Article `download()` failed with 403 Client Error: Forbidden for url: https://fr.investing.com/news/economy/scandale-dans-le-secteur-bancaire--la-banque-centrale-a-besoin-dune-injection-financiere-2228609 on URL https://fr.investing.com/news/economy/scandale-dans-le-secteur-bancaire--la-banque-centrale-a-besoin-dune-injection-financiere-2228609
2023-10-28 20:57:57,300 - ERROR - Translation error: 
2023-10-28 20:58:33,643 - ERROR - Translation error: 
2023-10-28 20:58:56,545 - ERROR - Translation error: 
2023-10-28 20:59:17,987 - ERROR - Translation error: 
2023-10-28 20:59:54,321 - ERROR - Translation error: The length of `query_text` exceeds the limit.
2023-10-28 21:00:32,892 - ERROR - Translation error: 
2023-10-28 21:00:40,604 - ERROR - An error occurred while processing 'https://www.morningstar.fr/fr/news/233226/disparition-de-credit-suisse--chronologie-dune-chute.aspx': Article `download()` failed with HTTPSConnectionPool(host='www.morningstar.fr', port=443): Max retries exceeded with url: /fr/news/233226/disparition-de-credit-suisse--chronologie-dune-chute.aspx (Caused by NewConnectionError('<urllib3.connection.HTTPSConnection object at 0x7f61fbce5950>: Failed to establish a new connection: [Errno -5] No address associated with hostname')) on URL https://www.morningstar.fr/fr/news/233226/disparition-de-credit-suisse--chronologie-dune-chute.aspx
2023-10-28 21:00:41,125 - ERROR - An error occurred while processing 'https://www.morningstar.fr/fr/news/233226/disparition-de-credit-suisse--chronologie-dune-chute.aspx': Article `download()` failed with HTTPSConnectionPool(host='www.morningstar.fr', port=443): Max retries exceeded with url: /fr/news/233226/disparition-de-credit-suisse--chronologie-dune-chute.aspx (Caused by NewConnectionError('<urllib3.connection.HTTPSConnection object at 0x7f61fb43b2d0>: Failed to establish a new connection: [Errno -5] No address associated with hostname')) on URL https://www.morningstar.fr/fr/news/233226/disparition-de-credit-suisse--chronologie-dune-chute.aspx
2023-10-28 21:00:41,639 - ERROR - An error occurred while processing 'https://www.morningstar.fr/fr/news/233226/disparition-de-credit-suisse--chronologie-dune-chute.aspx': Article `download()` failed with HTTPSConnectionPool(host='www.morningstar.fr', port=443): Max retries exceeded with url: /fr/news/233226/disparition-de-credit-suisse--chronologie-dune-chute.aspx (Caused by NewConnectionError('<urllib3.connection.HTTPSConnection object at 0x7f61fb42dd10>: Failed to establish a new connection: [Errno -5] No address associated with hostname')) on URL https://www.morningstar.fr/fr/news/233226/disparition-de-credit-suisse--chronologie-dune-chute.aspx
2023-10-28 21:00:55,090 - ERROR - Translation error: 
2023-10-28 21:01:05,374 - ERROR - Translation error: 
2023-10-28 21:01:25,805 - ERROR - Translation error: 
2023-10-28 21:01:51,113 - ERROR - Translation error: 
2023-10-28 21:01:56,814 - ERROR - Translation error: 
2023-10-28 21:02:25,909 - ERROR - An error occurred while processing 'https://www.alternatives-economiques.fr/bpifrance-banque-complexes-de-start-up-nation/00107973': Article `download()` failed with HTTPSConnectionPool(host='www.alternatives-economiques.fr', port=443): Max retries exceeded with url: /bpifrance-banque-complexes-de-start-up-nation/00107973 (Caused by NewConnectionError('<urllib3.connection.HTTPSConnection object at 0x7f61fb3e1f10>: Failed to establish a new connection: [Errno -5] No address associated with hostname')) on URL https://www.alternatives-economiques.fr/bpifrance-banque-complexes-de-start-up-nation/00107973
2023-10-28 21:02:26,443 - ERROR - An error occurred while processing 'https://www.alternatives-economiques.fr/bpifrance-banque-complexes-de-start-up-nation/00107973': Article `download()` failed with HTTPSConnectionPool(host='www.alternatives-economiques.fr', port=443): Max retries exceeded with url: /bpifrance-banque-complexes-de-start-up-nation/00107973 (Caused by NewConnectionError('<urllib3.connection.HTTPSConnection object at 0x7f61fbd1c4d0>: Failed to establish a new connection: [Errno -5] No address associated with hostname')) on URL https://www.alternatives-economiques.fr/bpifrance-banque-complexes-de-start-up-nation/00107973
2023-10-28 21:02:26,944 - ERROR - An error occurred while processing 'https://www.alternatives-economiques.fr/bpifrance-banque-complexes-de-start-up-nation/00107973': Article `download()` failed with HTTPSConnectionPool(host='www.alternatives-economiques.fr', port=443): Max retries exceeded with url: /bpifrance-banque-complexes-de-start-up-nation/00107973 (Caused by NewConnectionError('<urllib3.connection.HTTPSConnection object at 0x7f61fb411690>: Failed to establish a new connection: [Errno -5] No address associated with hostname')) on URL https://www.alternatives-economiques.fr/bpifrance-banque-complexes-de-start-up-nation/00107973
2023-10-28 21:02:30,925 - ERROR - Translation error: 
2023-10-28 21:02:35,136 - ERROR - Translation error: 
2023-10-28 21:02:49,104 - ERROR - Translation error: 
2023-10-28 21:03:15,109 - ERROR - An error occurred while processing 'https://www.ouest-france.fr/leditiondusoir/2023-07-13/en-1887-un-scandale-secoue-la-france-le-president-tombe-a-cause-de-son-gendre-5bc40821-94e2-4499-80d2-7a7b1cc0665d': Article `download()` failed with 403 Client Error: Forbidden for url: https://www.ouest-france.fr/leditiondusoir/2023-07-13/en-1887-un-scandale-secoue-la-france-le-president-tombe-a-cause-de-son-gendre-5bc40821-94e2-4499-80d2-7a7b1cc0665d on URL https://www.ouest-france.fr/leditiondusoir/2023-07-13/en-1887-un-scandale-secoue-la-france-le-president-tombe-a-cause-de-son-gendre-5bc40821-94e2-4499-80d2-7a7b1cc0665d
2023-10-28 21:03:15,914 - ERROR - An error occurred while processing 'https://www.ouest-france.fr/leditiondusoir/2023-07-13/en-1887-un-scandale-secoue-la-france-le-president-tombe-a-cause-de-son-gendre-5bc40821-94e2-4499-80d2-7a7b1cc0665d': Article `download()` failed with 403 Client Error: Forbidden for url: https://www.ouest-france.fr/leditiondusoir/2023-07-13/en-1887-un-scandale-secoue-la-france-le-president-tombe-a-cause-de-son-gendre-5bc40821-94e2-4499-80d2-7a7b1cc0665d on URL https://www.ouest-france.fr/leditiondusoir/2023-07-13/en-1887-un-scandale-secoue-la-france-le-president-tombe-a-cause-de-son-gendre-5bc40821-94e2-4499-80d2-7a7b1cc0665d
2023-10-28 21:03:16,797 - ERROR - An error occurred while processing 'https://www.ouest-france.fr/leditiondusoir/2023-07-13/en-1887-un-scandale-secoue-la-france-le-president-tombe-a-cause-de-son-gendre-5bc40821-94e2-4499-80d2-7a7b1cc0665d': Article `download()` failed with 403 Client Error: Forbidden for url: https://www.ouest-france.fr/leditiondusoir/2023-07-13/en-1887-un-scandale-secoue-la-france-le-president-tombe-a-cause-de-son-gendre-5bc40821-94e2-4499-80d2-7a7b1cc0665d on URL https://www.ouest-france.fr/leditiondusoir/2023-07-13/en-1887-un-scandale-secoue-la-france-le-president-tombe-a-cause-de-son-gendre-5bc40821-94e2-4499-80d2-7a7b1cc0665d
2023-10-28 21:03:26,276 - ERROR - Translation error: 
2023-10-28 21:03:29,881 - ERROR - Translation error: 
2023-10-28 21:03:33,114 - ERROR - Translation error: 
2023-10-28 21:04:03,967 - ERROR - Translation error: 
2023-10-28 21:04:07,678 - ERROR - An error occurred while processing 'https://www.ouest-france.fr/politique/benjamin-griveaux/affaire-griveaux-le-couple-pavlenski-de-taddeo-juge-pour-atteinte-a-lintimite-de-la-vie-privee-88fcb918-14ef-11ee-84f1-0960f4dbada5': Article `download()` failed with 403 Client Error: Forbidden for url: https://www.ouest-france.fr/politique/benjamin-griveaux/affaire-griveaux-le-couple-pavlenski-de-taddeo-juge-pour-atteinte-a-lintimite-de-la-vie-privee-88fcb918-14ef-11ee-84f1-0960f4dbada5 on URL https://www.ouest-france.fr/politique/benjamin-griveaux/affaire-griveaux-le-couple-pavlenski-de-taddeo-juge-pour-atteinte-a-lintimite-de-la-vie-privee-88fcb918-14ef-11ee-84f1-0960f4dbada5
2023-10-28 21:04:08,633 - ERROR - An error occurred while processing 'https://www.ouest-france.fr/politique/benjamin-griveaux/affaire-griveaux-le-couple-pavlenski-de-taddeo-juge-pour-atteinte-a-lintimite-de-la-vie-privee-88fcb918-14ef-11ee-84f1-0960f4dbada5': Article `download()` failed with 403 Client Error: Forbidden for url: https://www.ouest-france.fr/politique/benjamin-griveaux/affaire-griveaux-le-couple-pavlenski-de-taddeo-juge-pour-atteinte-a-lintimite-de-la-vie-privee-88fcb918-14ef-11ee-84f1-0960f4dbada5 on URL https://www.ouest-france.fr/politique/benjamin-griveaux/affaire-griveaux-le-couple-pavlenski-de-taddeo-juge-pour-atteinte-a-lintimite-de-la-vie-privee-88fcb918-14ef-11ee-84f1-0960f4dbada5
2023-10-28 21:04:09,486 - ERROR - An error occurred while processing 'https://www.ouest-france.fr/politique/benjamin-griveaux/affaire-griveaux-le-couple-pavlenski-de-taddeo-juge-pour-atteinte-a-lintimite-de-la-vie-privee-88fcb918-14ef-11ee-84f1-0960f4dbada5': Article `download()` failed with 403 Client Error: Forbidden for url: https://www.ouest-france.fr/politique/benjamin-griveaux/affaire-griveaux-le-couple-pavlenski-de-taddeo-juge-pour-atteinte-a-lintimite-de-la-vie-privee-88fcb918-14ef-11ee-84f1-0960f4dbada5 on URL https://www.ouest-france.fr/politique/benjamin-griveaux/affaire-griveaux-le-couple-pavlenski-de-taddeo-juge-pour-atteinte-a-lintimite-de-la-vie-privee-88fcb918-14ef-11ee-84f1-0960f4dbada5
2023-10-28 21:04:30,585 - ERROR - Translation error: 
2023-10-28 21:04:51,206 - ERROR - Translation error: 
2023-10-28 21:04:56,326 - ERROR - Translation error: 
2023-10-28 21:05:16,365 - ERROR - Translation error: 
2023-10-28 21:05:37,420 - ERROR - Translation error: 
2023-10-28 21:05:46,297 - ERROR - An error occurred while processing 'https://realites.com.tn/fr/scandale-financier-les-secrets-caches-du-directeur-de-banque-accuse-de-blanchiment-dargent/': Article `download()` failed with HTTPSConnectionPool(host='realites.com.tn', port=443): Read timed out. (read timeout=6) on URL https://realites.com.tn/fr/scandale-financier-les-secrets-caches-du-directeur-de-banque-accuse-de-blanchiment-dargent/
2023-10-28 21:05:53,186 - ERROR - An error occurred while processing 'https://realites.com.tn/fr/scandale-financier-les-secrets-caches-du-directeur-de-banque-accuse-de-blanchiment-dargent/': Article `download()` failed with HTTPSConnectionPool(host='realites.com.tn', port=443): Read timed out. (read timeout=6) on URL https://realites.com.tn/fr/scandale-financier-les-secrets-caches-du-directeur-de-banque-accuse-de-blanchiment-dargent/
2023-10-28 21:06:00,066 - ERROR - An error occurred while processing 'https://realites.com.tn/fr/scandale-financier-les-secrets-caches-du-directeur-de-banque-accuse-de-blanchiment-dargent/': Article `download()` failed with HTTPSConnectionPool(host='realites.com.tn', port=443): Read timed out. (read timeout=6) on URL https://realites.com.tn/fr/scandale-financier-les-secrets-caches-du-directeur-de-banque-accuse-de-blanchiment-dargent/
2023-10-28 21:06:03,602 - ERROR - An error occurred while processing 'https://www.aa.com.tr/fr/afrique/biens-mal-acquis-le-clan-bongo-au-c%C5%93ur-d-un-scandale-qui-dure/2980861': Article `download()` failed with HTTPSConnectionPool(host='www.aa.com.tr', port=443): Max retries exceeded with url: /fr/afrique/biens-mal-acquis-le-clan-bongo-au-c%C5%93ur-d-un-scandale-qui-dure/2980861 (Caused by SSLError(SSLError(1, '[SSL: UNSAFE_LEGACY_RENEGOTIATION_DISABLED] unsafe legacy renegotiation disabled (_ssl.c:1006)'))) on URL https://www.aa.com.tr/fr/afrique/biens-mal-acquis-le-clan-bongo-au-c%C5%93ur-d-un-scandale-qui-dure/2980861
2023-10-28 21:06:04,423 - ERROR - An error occurred while processing 'https://www.aa.com.tr/fr/afrique/biens-mal-acquis-le-clan-bongo-au-c%C5%93ur-d-un-scandale-qui-dure/2980861': Article `download()` failed with HTTPSConnectionPool(host='www.aa.com.tr', port=443): Max retries exceeded with url: /fr/afrique/biens-mal-acquis-le-clan-bongo-au-c%C5%93ur-d-un-scandale-qui-dure/2980861 (Caused by SSLError(SSLError(1, '[SSL: UNSAFE_LEGACY_RENEGOTIATION_DISABLED] unsafe legacy renegotiation disabled (_ssl.c:1006)'))) on URL https://www.aa.com.tr/fr/afrique/biens-mal-acquis-le-clan-bongo-au-c%C5%93ur-d-un-scandale-qui-dure/2980861
2023-10-28 21:06:05,202 - ERROR - An error occurred while processing 'https://www.aa.com.tr/fr/afrique/biens-mal-acquis-le-clan-bongo-au-c%C5%93ur-d-un-scandale-qui-dure/2980861': Article `download()` failed with HTTPSConnectionPool(host='www.aa.com.tr', port=443): Max retries exceeded with url: /fr/afrique/biens-mal-acquis-le-clan-bongo-au-c%C5%93ur-d-un-scandale-qui-dure/2980861 (Caused by SSLError(SSLError(1, '[SSL: UNSAFE_LEGACY_RENEGOTIATION_DISABLED] unsafe legacy renegotiation disabled (_ssl.c:1006)'))) on URL https://www.aa.com.tr/fr/afrique/biens-mal-acquis-le-clan-bongo-au-c%C5%93ur-d-un-scandale-qui-dure/2980861
2023-10-28 21:06:08,791 - ERROR - Translation error: 
2023-10-28 21:06:18,061 - ERROR - Translation error: 
2023-10-28 21:06:46,510 - ERROR - Translation error: 
2023-10-28 21:06:54,877 - ERROR - Translation error: 
2023-10-28 21:06:59,321 - ERROR - Translation error: 
2023-10-28 21:07:03,633 - ERROR - Translation error: 
2023-10-28 21:07:13,318 - ERROR - An error occurred while processing 'https://www.ouest-france.fr/pays-de-la-loire/nantes-44000/experts-de-la-fraude-ils-sont-traques-par-des-enqueteurs-specialises-345a6b1a-637f-11ee-88c8-2b606d147c84': Article `download()` failed with 403 Client Error: Forbidden for url: https://www.ouest-france.fr/pays-de-la-loire/nantes-44000/experts-de-la-fraude-ils-sont-traques-par-des-enqueteurs-specialises-345a6b1a-637f-11ee-88c8-2b606d147c84 on URL https://www.ouest-france.fr/pays-de-la-loire/nantes-44000/experts-de-la-fraude-ils-sont-traques-par-des-enqueteurs-specialises-345a6b1a-637f-11ee-88c8-2b606d147c84
2023-10-28 21:07:14,147 - ERROR - An error occurred while processing 'https://www.ouest-france.fr/pays-de-la-loire/nantes-44000/experts-de-la-fraude-ils-sont-traques-par-des-enqueteurs-specialises-345a6b1a-637f-11ee-88c8-2b606d147c84': Article `download()` failed with 403 Client Error: Forbidden for url: https://www.ouest-france.fr/pays-de-la-loire/nantes-44000/experts-de-la-fraude-ils-sont-traques-par-des-enqueteurs-specialises-345a6b1a-637f-11ee-88c8-2b606d147c84 on URL https://www.ouest-france.fr/pays-de-la-loire/nantes-44000/experts-de-la-fraude-ils-sont-traques-par-des-enqueteurs-specialises-345a6b1a-637f-11ee-88c8-2b606d147c84
2023-10-28 21:07:15,005 - ERROR - An error occurred while processing 'https://www.ouest-france.fr/pays-de-la-loire/nantes-44000/experts-de-la-fraude-ils-sont-traques-par-des-enqueteurs-specialises-345a6b1a-637f-11ee-88c8-2b606d147c84': Article `download()` failed with 403 Client Error: Forbidden for url: https://www.ouest-france.fr/pays-de-la-loire/nantes-44000/experts-de-la-fraude-ils-sont-traques-par-des-enqueteurs-specialises-345a6b1a-637f-11ee-88c8-2b606d147c84 on URL https://www.ouest-france.fr/pays-de-la-loire/nantes-44000/experts-de-la-fraude-ils-sont-traques-par-des-enqueteurs-specialises-345a6b1a-637f-11ee-88c8-2b606d147c84
2023-10-28 21:07:33,839 - ERROR - Translation error: 
2023-10-28 21:07:40,649 - ERROR - Translation error: 
2023-10-28 21:07:44,965 - ERROR - Translation error: 
2023-10-28 21:08:03,234 - ERROR - Translation error: 
2023-10-28 21:08:10,263 - ERROR - An error occurred while processing 'https://www.ouest-france.fr/economie/budget/factures/serruriers-plombiers-64-pourcent-des-entreprises-controlees-sont-en-infraction-4bb6c1d0-7272-11ee-8ee4-6d23d2858b34': Article `download()` failed with 403 Client Error: Forbidden for url: https://www.ouest-france.fr/economie/budget/factures/serruriers-plombiers-64-pourcent-des-entreprises-controlees-sont-en-infraction-4bb6c1d0-7272-11ee-8ee4-6d23d2858b34 on URL https://www.ouest-france.fr/economie/budget/factures/serruriers-plombiers-64-pourcent-des-entreprises-controlees-sont-en-infraction-4bb6c1d0-7272-11ee-8ee4-6d23d2858b34
2023-10-28 21:08:41,309 - ERROR - Translation error: 
2023-10-28 21:08:53,213 - ERROR - Translation error: 
2023-10-28 21:10:14,856 - ERROR - Translation error: 
2023-10-28 21:10:18,299 - ERROR - Translation error: 
2023-10-28 21:10:38,809 - ERROR - Translation error: 
2023-10-28 21:10:58,918 - ERROR - An error occurred while processing 'https://www.economie.gouv.fr/cedef/mesures-fiscales-2024': Article `download()` failed with 403 Client Error: Forbidden for url: https://www.economie.gouv.fr/cedef/mesures-fiscales-2024 on URL https://www.economie.gouv.fr/cedef/mesures-fiscales-2024
2023-10-28 21:10:59,673 - ERROR - An error occurred while processing 'https://www.economie.gouv.fr/cedef/mesures-fiscales-2024': Article `download()` failed with 403 Client Error: Forbidden for url: https://www.economie.gouv.fr/cedef/mesures-fiscales-2024 on URL https://www.economie.gouv.fr/cedef/mesures-fiscales-2024
2023-10-28 21:11:00,449 - ERROR - An error occurred while processing 'https://www.economie.gouv.fr/cedef/mesures-fiscales-2024': Article `download()` failed with 403 Client Error: Forbidden for url: https://www.economie.gouv.fr/cedef/mesures-fiscales-2024 on URL https://www.economie.gouv.fr/cedef/mesures-fiscales-2024
2023-10-28 21:11:03,852 - ERROR - Translation error: 
2023-10-28 21:12:10,251 - ERROR - An error occurred while processing 'https://itchannel.info/communiques-de-presse/47949/succes-pour-la-5eme-edition-des-rencontres-de-la-cybersecurite-auvergne-rhone-alpes': Article `download()` failed with HTTPSConnectionPool(host='itchannel.info', port=443): Max retries exceeded with url: /communiques-de-presse/47949/succes-pour-la-5eme-edition-des-rencontres-de-la-cybersecurite-auvergne-rhone-alpes (Caused by NewConnectionError('<urllib3.connection.HTTPSConnection object at 0x7f61fb43be10>: Failed to establish a new connection: [Errno -5] No address associated with hostname')) on URL https://itchannel.info/communiques-de-presse/47949/succes-pour-la-5eme-edition-des-rencontres-de-la-cybersecurite-auvergne-rhone-alpes
2023-10-28 21:12:10,738 - ERROR - An error occurred while processing 'https://itchannel.info/communiques-de-presse/47949/succes-pour-la-5eme-edition-des-rencontres-de-la-cybersecurite-auvergne-rhone-alpes': Article `download()` failed with HTTPSConnectionPool(host='itchannel.info', port=443): Max retries exceeded with url: /communiques-de-presse/47949/succes-pour-la-5eme-edition-des-rencontres-de-la-cybersecurite-auvergne-rhone-alpes (Caused by NewConnectionError('<urllib3.connection.HTTPSConnection object at 0x7f61fb43a090>: Failed to establish a new connection: [Errno -5] No address associated with hostname')) on URL https://itchannel.info/communiques-de-presse/47949/succes-pour-la-5eme-edition-des-rencontres-de-la-cybersecurite-auvergne-rhone-alpes
2023-10-28 21:12:20,819 - ERROR - Translation error: 
2023-10-28 21:12:44,961 - ERROR - Translation error: 
2023-10-28 21:12:50,218 - ERROR - Translation error: 
2023-10-28 21:12:56,646 - ERROR - Translation error: 
2023-10-28 21:13:12,200 - ERROR - Translation error: 
2023-10-28 21:13:28,222 - ERROR - Translation error: 
2023-10-28 21:13:47,549 - ERROR - Translation error: 
2023-10-28 21:14:16,545 - ERROR - Translation error: 
2023-10-28 21:14:30,331 - ERROR - Translation error: 
2023-10-28 21:14:35,725 - ERROR - Translation error: 
2023-10-28 21:15:10,794 - ERROR - Translation error: 
2023-10-28 21:15:14,768 - ERROR - An error occurred while processing 'https://www.ouest-france.fr/ile-de-france/evry-91000/essonne-sursis-pour-le-dirigeant-dentreprise-qui-avait-fraude-lurssaf-dce23c9a-d93c-11ed-b8c0-355f1b6e674c': Article `download()` failed with 403 Client Error: Forbidden for url: https://www.ouest-france.fr/ile-de-france/evry-91000/essonne-sursis-pour-le-dirigeant-dentreprise-qui-avait-fraude-lurssaf-dce23c9a-d93c-11ed-b8c0-355f1b6e674c on URL https://www.ouest-france.fr/ile-de-france/evry-91000/essonne-sursis-pour-le-dirigeant-dentreprise-qui-avait-fraude-lurssaf-dce23c9a-d93c-11ed-b8c0-355f1b6e674c
2023-10-28 21:15:15,687 - ERROR - An error occurred while processing 'https://www.ouest-france.fr/ile-de-france/evry-91000/essonne-sursis-pour-le-dirigeant-dentreprise-qui-avait-fraude-lurssaf-dce23c9a-d93c-11ed-b8c0-355f1b6e674c': Article `download()` failed with 403 Client Error: Forbidden for url: https://www.ouest-france.fr/ile-de-france/evry-91000/essonne-sursis-pour-le-dirigeant-dentreprise-qui-avait-fraude-lurssaf-dce23c9a-d93c-11ed-b8c0-355f1b6e674c on URL https://www.ouest-france.fr/ile-de-france/evry-91000/essonne-sursis-pour-le-dirigeant-dentreprise-qui-avait-fraude-lurssaf-dce23c9a-d93c-11ed-b8c0-355f1b6e674c
2023-10-28 21:15:16,632 - ERROR - An error occurred while processing 'https://www.ouest-france.fr/ile-de-france/evry-91000/essonne-sursis-pour-le-dirigeant-dentreprise-qui-avait-fraude-lurssaf-dce23c9a-d93c-11ed-b8c0-355f1b6e674c': Article `download()` failed with 403 Client Error: Forbidden for url: https://www.ouest-france.fr/ile-de-france/evry-91000/essonne-sursis-pour-le-dirigeant-dentreprise-qui-avait-fraude-lurssaf-dce23c9a-d93c-11ed-b8c0-355f1b6e674c on URL https://www.ouest-france.fr/ile-de-france/evry-91000/essonne-sursis-pour-le-dirigeant-dentreprise-qui-avait-fraude-lurssaf-dce23c9a-d93c-11ed-b8c0-355f1b6e674c
2023-10-28 21:15:20,761 - ERROR - Translation error: 
2023-10-28 21:15:37,823 - ERROR - Translation error: 
2023-10-28 21:16:40,886 - ERROR - Translation error: 
2023-10-28 21:16:54,542 - ERROR - Translation error: 
2023-10-28 21:17:02,467 - ERROR - Translation error: 
2023-10-28 21:17:07,369 - ERROR - Translation error: 
2023-10-28 21:17:27,141 - ERROR - Translation error: 
2023-10-28 21:17:41,247 - ERROR - Translation error: The length of `query_text` exceeds the limit.
2023-10-28 21:17:52,881 - ERROR - Translation error: 
2023-10-28 21:17:56,566 - ERROR - Translation error: 
2023-10-28 21:17:58,609 - ERROR - An error occurred while processing 'https://www.ouest-france.fr/societe/faits-divers/balcon-effondre-angers/proces-en-appel-du-balcon-effondre-a-angers-les-temps-forts-a-lissue-des-dix-jours-daudience-4d9b99a4-6399-11ee-8587-76ae2bcd88b7': Article `download()` failed with 403 Client Error: Forbidden for url: https://www.ouest-france.fr/societe/faits-divers/balcon-effondre-angers/proces-en-appel-du-balcon-effondre-a-angers-les-temps-forts-a-lissue-des-dix-jours-daudience-4d9b99a4-6399-11ee-8587-76ae2bcd88b7 on URL https://www.ouest-france.fr/societe/faits-divers/balcon-effondre-angers/proces-en-appel-du-balcon-effondre-a-angers-les-temps-forts-a-lissue-des-dix-jours-daudience-4d9b99a4-6399-11ee-8587-76ae2bcd88b7
2023-10-28 21:17:59,430 - ERROR - An error occurred while processing 'https://www.ouest-france.fr/societe/faits-divers/balcon-effondre-angers/proces-en-appel-du-balcon-effondre-a-angers-les-temps-forts-a-lissue-des-dix-jours-daudience-4d9b99a4-6399-11ee-8587-76ae2bcd88b7': Article `download()` failed with 403 Client Error: Forbidden for url: https://www.ouest-france.fr/societe/faits-divers/balcon-effondre-angers/proces-en-appel-du-balcon-effondre-a-angers-les-temps-forts-a-lissue-des-dix-jours-daudience-4d9b99a4-6399-11ee-8587-76ae2bcd88b7 on URL https://www.ouest-france.fr/societe/faits-divers/balcon-effondre-angers/proces-en-appel-du-balcon-effondre-a-angers-les-temps-forts-a-lissue-des-dix-jours-daudience-4d9b99a4-6399-11ee-8587-76ae2bcd88b7
2023-10-28 21:18:00,285 - ERROR - An error occurred while processing 'https://www.ouest-france.fr/societe/faits-divers/balcon-effondre-angers/proces-en-appel-du-balcon-effondre-a-angers-les-temps-forts-a-lissue-des-dix-jours-daudience-4d9b99a4-6399-11ee-8587-76ae2bcd88b7': Article `download()` failed with 403 Client Error: Forbidden for url: https://www.ouest-france.fr/societe/faits-divers/balcon-effondre-angers/proces-en-appel-du-balcon-effondre-a-angers-les-temps-forts-a-lissue-des-dix-jours-daudience-4d9b99a4-6399-11ee-8587-76ae2bcd88b7 on URL https://www.ouest-france.fr/societe/faits-divers/balcon-effondre-angers/proces-en-appel-du-balcon-effondre-a-angers-les-temps-forts-a-lissue-des-dix-jours-daudience-4d9b99a4-6399-11ee-8587-76ae2bcd88b7
2023-10-28 21:18:21,602 - ERROR - Translation error: 
2023-10-28 21:18:40,915 - ERROR - Translation error: 
2023-10-28 21:18:48,203 - ERROR - An error occurred while processing 'https://www.ouest-france.fr/societe/faits-divers/balcon-effondre-angers/proces-du-balcon-effondre-192-effondrements-en-france-en-dix-ans-angers-nest-pas-un-cas-isole-804cde50-5ec4-11ee-9091-6edecffc8a56': Article `download()` failed with 403 Client Error: Forbidden for url: https://www.ouest-france.fr/societe/faits-divers/balcon-effondre-angers/proces-du-balcon-effondre-192-effondrements-en-france-en-dix-ans-angers-nest-pas-un-cas-isole-804cde50-5ec4-11ee-9091-6edecffc8a56 on URL https://www.ouest-france.fr/societe/faits-divers/balcon-effondre-angers/proces-du-balcon-effondre-192-effondrements-en-france-en-dix-ans-angers-nest-pas-un-cas-isole-804cde50-5ec4-11ee-9091-6edecffc8a56
2023-10-28 21:18:49,038 - ERROR - An error occurred while processing 'https://www.ouest-france.fr/societe/faits-divers/balcon-effondre-angers/proces-du-balcon-effondre-192-effondrements-en-france-en-dix-ans-angers-nest-pas-un-cas-isole-804cde50-5ec4-11ee-9091-6edecffc8a56': Article `download()` failed with 403 Client Error: Forbidden for url: https://www.ouest-france.fr/societe/faits-divers/balcon-effondre-angers/proces-du-balcon-effondre-192-effondrements-en-france-en-dix-ans-angers-nest-pas-un-cas-isole-804cde50-5ec4-11ee-9091-6edecffc8a56 on URL https://www.ouest-france.fr/societe/faits-divers/balcon-effondre-angers/proces-du-balcon-effondre-192-effondrements-en-france-en-dix-ans-angers-nest-pas-un-cas-isole-804cde50-5ec4-11ee-9091-6edecffc8a56
2023-10-28 21:18:49,839 - ERROR - An error occurred while processing 'https://www.ouest-france.fr/societe/faits-divers/balcon-effondre-angers/proces-du-balcon-effondre-192-effondrements-en-france-en-dix-ans-angers-nest-pas-un-cas-isole-804cde50-5ec4-11ee-9091-6edecffc8a56': Article `download()` failed with 403 Client Error: Forbidden for url: https://www.ouest-france.fr/societe/faits-divers/balcon-effondre-angers/proces-du-balcon-effondre-192-effondrements-en-france-en-dix-ans-angers-nest-pas-un-cas-isole-804cde50-5ec4-11ee-9091-6edecffc8a56 on URL https://www.ouest-france.fr/societe/faits-divers/balcon-effondre-angers/proces-du-balcon-effondre-192-effondrements-en-france-en-dix-ans-angers-nest-pas-un-cas-isole-804cde50-5ec4-11ee-9091-6edecffc8a56
2023-10-28 21:19:04,234 - ERROR - Translation error: 
2023-10-28 21:19:23,530 - ERROR - Translation error: 
2023-10-28 21:20:07,784 - ERROR - Translation error: 
2023-10-28 21:20:12,075 - ERROR - Translation error: 
2023-10-28 21:20:16,511 - ERROR - Translation error: 
2023-10-28 21:20:27,954 - ERROR - Translation error: 
2023-10-28 21:20:32,528 - ERROR - Translation error: 
2023-10-28 21:20:35,513 - ERROR - Translation error: 
2023-10-28 21:20:40,031 - ERROR - Translation error: 
2023-10-28 21:21:20,612 - ERROR - Translation error: 
2023-10-28 21:21:41,107 - ERROR - Translation error: 
2023-10-28 21:21:58,557 - ERROR - Translation error: 
2023-10-28 21:22:01,236 - ERROR - An error occurred while processing 'https://www.ouest-france.fr/leditiondusoir/2023-04-04/proces-climatiques-attaquer-les-multinationales-en-justice-est-ce-vraiment-utile-1c7ff504-548b-4793-a77a-a24cb1e573f6': Article `download()` failed with 403 Client Error: Forbidden for url: https://www.ouest-france.fr/leditiondusoir/2023-04-04/proces-climatiques-attaquer-les-multinationales-en-justice-est-ce-vraiment-utile-1c7ff504-548b-4793-a77a-a24cb1e573f6 on URL https://www.ouest-france.fr/leditiondusoir/2023-04-04/proces-climatiques-attaquer-les-multinationales-en-justice-est-ce-vraiment-utile-1c7ff504-548b-4793-a77a-a24cb1e573f6
2023-10-28 21:22:02,031 - ERROR - An error occurred while processing 'https://www.ouest-france.fr/leditiondusoir/2023-04-04/proces-climatiques-attaquer-les-multinationales-en-justice-est-ce-vraiment-utile-1c7ff504-548b-4793-a77a-a24cb1e573f6': Article `download()` failed with 403 Client Error: Forbidden for url: https://www.ouest-france.fr/leditiondusoir/2023-04-04/proces-climatiques-attaquer-les-multinationales-en-justice-est-ce-vraiment-utile-1c7ff504-548b-4793-a77a-a24cb1e573f6 on URL https://www.ouest-france.fr/leditiondusoir/2023-04-04/proces-climatiques-attaquer-les-multinationales-en-justice-est-ce-vraiment-utile-1c7ff504-548b-4793-a77a-a24cb1e573f6
2023-10-28 21:22:02,796 - ERROR - An error occurred while processing 'https://www.ouest-france.fr/leditiondusoir/2023-04-04/proces-climatiques-attaquer-les-multinationales-en-justice-est-ce-vraiment-utile-1c7ff504-548b-4793-a77a-a24cb1e573f6': Article `download()` failed with 403 Client Error: Forbidden for url: https://www.ouest-france.fr/leditiondusoir/2023-04-04/proces-climatiques-attaquer-les-multinationales-en-justice-est-ce-vraiment-utile-1c7ff504-548b-4793-a77a-a24cb1e573f6 on URL https://www.ouest-france.fr/leditiondusoir/2023-04-04/proces-climatiques-attaquer-les-multinationales-en-justice-est-ce-vraiment-utile-1c7ff504-548b-4793-a77a-a24cb1e573f6
2023-10-28 21:22:23,575 - ERROR - Translation error: 
2023-10-28 21:22:38,234 - ERROR - Translation error: 
2023-10-28 21:22:47,625 - ERROR - Translation error: 
2023-10-28 21:22:51,249 - ERROR - Translation error: 
2023-10-28 21:23:00,872 - ERROR - Translation error: 
2023-10-28 21:23:22,704 - ERROR - Translation error: 
